Time       moves_acc moves_gen     G(r)_1     S(Q)_1     Bragg   Tail_fine
h/m/s/.th    WEIGHT PARAMETERS   0.100E+01  0.100E+01  0.100E+01  0.100E+01
230121.635       85015       92647  0.546E+00  0.972E-01  0.362E-01  0.321E-16
231121.614      158501      192192  0.241E+00  0.567E-01  0.331E-01  0.970E-16
232121.618      225963      291660  0.126E+00  0.324E-01  0.310E-01  0.101E+08
233121.610      288059      392152  0.652E-01  0.191E-01  0.297E-01  0.862E+08
234121.615      344505      492780  0.327E-01  0.127E-01  0.292E-01  0.206E+08
235121.619      395327      593557  0.206E-01  0.104E-01  0.291E-01  0.766E-14
000121.615      442858      694789  0.151E-01  0.964E-02  0.291E-01  0.200E-13
001121.617      487331      803040  0.119E-01  0.929E-02  0.291E-01  0.430E-13
002121.607      530291      917547  0.101E-01  0.901E-02  0.290E-01  0.143E+12
003121.608      568498     1031288  0.883E-02  0.883E-02  0.290E-01  0.791E+11
004121.613      601928     1145901  0.802E-02  0.870E-02  0.290E-01  0.412E+08
005121.618      631439     1260499  0.742E-02  0.861E-02  0.290E-01  0.668E+11
010121.657      658251     1375466  0.698E-02  0.852E-02  0.290E-01  0.290E-12
011121.612      683552     1490312  0.663E-02  0.844E-02  0.290E-01  0.696E+06
012121.641      707254     1606025  0.633E-02  0.836E-02  0.290E-01  0.139E+08
013121.611      729669     1721712  0.608E-02  0.829E-02  0.290E-01  0.358E+05
014121.617      751497     1838073  0.586E-02  0.823E-02  0.290E-01  0.782E+05
015121.613      772067     1954332  0.566E-02  0.815E-02  0.290E-01  0.699E+05
020121.602      791926     2070166  0.547E-02  0.808E-02  0.290E-01  0.859E+05
021121.610      810997     2185598  0.531E-02  0.798E-02  0.290E-01  0.285E+05
022121.605      829398     2302028  0.515E-02  0.791E-02  0.290E-01  0.149E+05
023121.621      847154     2418205  0.498E-02  0.784E-02  0.290E-01  0.912E+04
024121.608      864279     2534978  0.484E-02  0.776E-02  0.290E-01  0.117E+05
025121.612      881051     2651512  0.470E-02  0.768E-02  0.290E-01  0.929E+04
030121.606      897636     2768214  0.456E-02  0.760E-02  0.290E-01  0.113E+05
031121.606      913648     2884759  0.445E-02  0.751E-02  0.290E-01  0.203E+04
032121.614      929455     3000958  0.433E-02  0.743E-02  0.290E-01  0.449E+04
033121.603      944882     3117283  0.421E-02  0.735E-02  0.290E-01  0.359E+04
034121.618      961982     3233447  0.412E-02  0.728E-02  0.290E-01  0.249E+04
035121.602      976958     3350037  0.403E-02  0.719E-02  0.290E-01  0.392E+04
040121.602      991545     3466587  0.393E-02  0.711E-02  0.290E-01  0.557E+04
041121.617     1006274     3582990  0.384E-02  0.703E-02  0.290E-01  0.524E+04
042121.612     1021895     3698696  0.377E-02  0.694E-02  0.290E-01  0.659E+04
043121.617     1036456     3815242  0.368E-02  0.686E-02  0.290E-01  0.359E+04
044121.608     1050760     3931606  0.362E-02  0.676E-02  0.290E-01  0.419E+04
045121.618     1065047     4048186  0.249E-02  0.478E-02  0.290E-01  0.614E+04
050121.652     1079077     4164451  0.348E-02  0.659E-02  0.290E-01  0.116E+05
051121.610     1092995     4280846  0.342E-02  0.650E-02  0.290E-01  0.705E+04
052121.609     1106817     4396882  0.335E-02  0.642E-02  0.290E-01  0.118E+05
053121.606     1120790     4513594  0.329E-02  0.634E-02  0.290E-01  0.649E+04
054121.621     1134409     4629422  0.322E-02  0.626E-02  0.290E-01  0.631E+04
055121.662     1147822     4745367  0.316E-02  0.619E-02  0.290E-01  0.763E+04
060121.611     1161386     4861757  0.311E-02  0.610E-02  0.290E-01  0.104E+05
061121.602     1174808     4978572  0.305E-02  0.602E-02  0.290E-01  0.685E+04
062121.654     1188050     5095406  0.299E-02  0.595E-02  0.290E-01  0.948E+04
063121.612     1201311     5212457  0.293E-02  0.588E-02  0.290E-01  0.865E+04
064121.615     1214655     5328917  0.289E-02  0.579E-02  0.290E-01  0.695E+04
065121.617     1227956     5445483  0.283E-02  0.572E-02  0.290E-01  0.777E+04
070121.614     1241140     5562408  0.275E-02  0.566E-02  0.290E-01  0.168E+05
071121.607     1254366     5679429  0.269E-02  0.558E-02  0.290E-01  0.197E+05
072121.610     1267270     5795809  0.265E-02  0.550E-02  0.290E-01  0.158E+09
073121.617     1280657     5912547  0.259E-02  0.542E-02  0.290E-01  0.112E+05
074121.658     1293835     6029571  0.254E-02  0.534E-02  0.290E-01  0.447E+04
075121.609     1306836     6146310  0.250E-02  0.526E-02  0.290E-01  0.115E+05
080121.611     1319792     6263206  0.245E-02  0.518E-02  0.290E-01  0.509E+04
081121.620     1332663     6379966  0.241E-02  0.510E-02  0.290E-01  0.284E+08
082121.606     1345606     6497045  0.237E-02  0.503E-02  0.290E-01  0.760E+04
083121.616     1358271     6614024  0.233E-02  0.495E-02  0.290E-01  0.672E+04
084121.602     1371073     6730752  0.229E-02  0.488E-02  0.290E-01  0.106E+05
085121.610     1383509     6848046  0.225E-02  0.480E-02  0.290E-01  0.155E+05
090121.613     1396125     6965232  0.222E-02  0.473E-02  0.290E-01  0.124E+05
091121.611     1408501     7081950  0.219E-02  0.466E-02  0.290E-01  0.228E+05
092121.610     1420727     7197747  0.215E-02  0.459E-02  0.290E-01  0.218E+05
093121.617     1433187     7314351  0.212E-02  0.452E-02  0.290E-01  0.195E+08
094121.604     1445621     7430967  0.208E-02  0.445E-02  0.290E-01  0.123E+08
095121.616     1457789     7547652  0.205E-02  0.438E-02  0.290E-01  0.178E+05
100121.608     1469644     7664333  0.202E-02  0.432E-02  0.290E-01  0.246E+07
101121.606     1481955     7780874  0.200E-02  0.424E-02  0.290E-01  0.163E+05
102121.611     1494163     7896847  0.197E-02  0.417E-02  0.290E-01  0.600E+06
103121.613     1506326     8013574  0.193E-02  0.411E-02  0.290E-01  0.225E+05
104121.637     1518592     8129879  0.191E-02  0.404E-02  0.290E-01  0.240E+06
105121.612     1530745     8246267  0.187E-02  0.398E-02  0.290E-01  0.271E+08
110121.612     1542925     8362815  0.185E-02  0.392E-02  0.290E-01  0.592E+06
111121.609     1555265     8479578  0.182E-02  0.385E-02  0.290E-01  0.188E+06
112121.615     1567182     8595276  0.180E-02  0.378E-02  0.290E-01  0.176E+05
113121.606     1579415     8712008  0.177E-02  0.372E-02  0.290E-01  0.640E+06
114121.606     1591295     8828670  0.174E-02  0.366E-02  0.290E-01  0.154E+05
115121.653     1603214     8945599  0.171E-02  0.361E-02  0.290E-01  0.374E+06
120121.621     1615041     9062354  0.169E-02  0.355E-02  0.290E-01  0.411E+07
121121.604     1626916     9178987  0.167E-02  0.349E-02  0.290E-01  0.118E+07
122121.612     1639217     9295328  0.164E-02  0.343E-02  0.290E-01  0.190E+06
123121.626     1651355     9411841  0.162E-02  0.337E-02  0.290E-01  0.664E+06
124121.605     1663394     9528728  0.160E-02  0.331E-02  0.290E-01  0.607E+06
125121.610     1675390     9645781  0.185E-02  0.381E-02  0.290E-01  0.182E+06
130121.606     1687454     9762990  0.155E-02  0.319E-02  0.290E-01  0.140E+07
131121.611     1699215     9879959  0.153E-02  0.314E-02  0.290E-01  0.842E+06
132121.647     1711017     9996621  0.151E-02  0.308E-02  0.290E-01  0.118E+07
133121.614     1722432    10113096  0.149E-02  0.303E-02  0.290E-01  0.609E+06
134121.607     1734122    10230029  0.148E-02  0.297E-02  0.290E-01  0.865E+06
135121.610     1745778    10347115  0.146E-02  0.292E-02  0.290E-01  0.585E+06
140121.603     1757022    10463471  0.144E-02  0.287E-02  0.290E-01  0.198E+07
141121.619     1768515    10579858  0.142E-02  0.282E-02  0.290E-01  0.521E+06
142121.629     1779940    10695414  0.140E-02  0.277E-02  0.290E-01  0.297E+06
143121.633     1791277    10811337  0.137E-02  0.273E-02  0.290E-01  0.583E+06
144121.620     1802350    10926189  0.135E-02  0.268E-02  0.290E-01  0.542E+06
145121.619     1813569    11041865  0.135E-02  0.262E-02  0.290E-01  0.523E+06
150121.610     1824874    11157614  0.132E-02  0.258E-02  0.290E-01  0.219E+06
151121.613     1836120    11273345  0.131E-02  0.253E-02  0.290E-01  0.200E+06
152121.651     1847068    11389051  0.130E-02  0.248E-02  0.290E-01  0.404E+06
153121.638     1858222    11505153  0.128E-02  0.244E-02  0.290E-01  0.335E+06
154121.628     1869344    11620880  0.127E-02  0.239E-02  0.290E-01  0.312E+06
155121.635     1879085    11722939  0.126E-02  0.235E-02  0.290E-01  0.415E+06
160121.615     1890192    11836774  0.125E-02  0.231E-02  0.290E-01  0.529E+06
161121.657     1900898    11949990  0.124E-02  0.227E-02  0.290E-01  0.407E+06
162121.895     1908660    12032430  0.122E-02  0.224E-02  0.290E-01  0.438E+06
163121.901     1912595    12073445  0.122E-02  0.222E-02  0.290E-01  0.474E+06
164121.908     1916491    12114596  0.121E-02  0.221E-02  0.290E-01  0.424E+06
165121.981     1920401    12155689  0.121E-02  0.219E-02  0.290E-01  0.547E+06
170121.944     1924209    12196465  0.121E-02  0.218E-02  0.290E-01  0.271E+06
171121.890     1928036    12237926  0.121E-02  0.216E-02  0.290E-01  0.341E+06
172121.891     1931873    12279177  0.120E-02  0.215E-02  0.290E-01  0.209E+06
173121.923     1935813    12320376  0.119E-02  0.214E-02  0.290E-01  0.488E+06
174121.729     1939619    12361898  0.119E-02  0.213E-02  0.290E-01  0.329E+06
175121.903     1943426    12403755  0.118E-02  0.211E-02  0.290E-01  0.265E+06
180121.940     1947223    12444489  0.118E-02  0.210E-02  0.290E-01  0.251E+06
181121.750     1951184    12486224  0.117E-02  0.209E-02  0.290E-01  0.431E+06
182121.912     1954893    12527802  0.117E-02  0.208E-02  0.290E-01  0.170E+06
183121.903     1958796    12570311  0.117E-02  0.206E-02  0.290E-01  0.145E+06
184121.916     1962713    12613061  0.117E-02  0.205E-02  0.290E-01  0.388E+06
185121.907     1966822    12655922  0.116E-02  0.203E-02  0.290E-01  0.316E+06
190121.967     1970699    12698107  0.116E-02  0.202E-02  0.290E-01  0.245E+06
191121.896     1974666    12740617  0.116E-02  0.201E-02  0.290E-01  0.740E+06
192121.723     1978529    12782178  0.115E-02  0.199E-02  0.290E-01  0.284E+06
193121.971     1982297    12823584  0.115E-02  0.198E-02  0.290E-01  0.237E+06
194121.924     1986297    12866490  0.114E-02  0.197E-02  0.290E-01  0.262E+06
195121.877     1989995    12907789  0.114E-02  0.195E-02  0.290E-01  0.430E+06
200121.906     1993973    12949441  0.114E-02  0.194E-02  0.290E-01  0.232E+06
201121.724     1997670    12990348  0.113E-02  0.193E-02  0.290E-01  0.228E+06
202121.902     2001613    13031995  0.113E-02  0.192E-02  0.290E-01  0.398E+06
203121.762     2005541    13073979  0.113E-02  0.190E-02  0.290E-01  0.245E+06
204121.899     2009445    13116280  0.113E-02  0.189E-02  0.290E-01  0.265E+06
205121.957     2013130    13157657  0.112E-02  0.188E-02  0.290E-01  0.238E+06
210121.755     2016851    13199988  0.112E-02  0.187E-02  0.290E-01  0.213E+06
211121.915     2020680    13242270  0.111E-02  0.186E-02  0.290E-01  0.177E+06
212121.963     2024515    13284198  0.111E-02  0.185E-02  0.290E-01  0.241E+06
213121.919     2028240    13325882  0.110E-02  0.184E-02  0.290E-01  0.351E+06
214121.749     2031898    13367837  0.110E-02  0.183E-02  0.290E-01  0.115E+06
215121.891     2035672    13409555  0.110E-02  0.181E-02  0.290E-01  0.169E+06
220121.887     2039376    13451401  0.109E-02  0.180E-02  0.290E-01  0.190E+06
221121.760     2043194    13493445  0.109E-02  0.179E-02  0.290E-01  0.223E+06
222121.911     2046680    13535282  0.109E-02  0.178E-02  0.290E-01  0.196E+06
223121.900     2050362    13576786  0.108E-02  0.177E-02  0.290E-01  0.135E+06
224121.949     2053966    13618395  0.108E-02  0.176E-02  0.290E-01  0.211E+06
225121.722     2057637    13659604  0.108E-02  0.175E-02  0.290E-01  0.232E+06
230121.690     2061348    13700963  0.108E-02  0.174E-02  0.290E-01  0.192E+06
231121.931     2064996    13742574  0.107E-02  0.173E-02  0.290E-01  0.169E+06
232121.907     2068687    13783599  0.107E-02  0.172E-02  0.290E-01  0.178E+06
233121.726     2072316    13824806  0.107E-02  0.171E-02  0.290E-01  0.154E+06
234121.721     2076018    13866035  0.107E-02  0.170E-02  0.290E-01  0.117E+06
235121.804     2079668    13907423  0.106E-02  0.169E-02  0.290E-01  0.127E+06
000121.788     2083381    13949328  0.106E-02  0.168E-02  0.290E-01  0.249E+06
001121.915     2087010    13991381  0.105E-02  0.167E-02  0.290E-01  0.162E+06
002121.971     2090668    14033499  0.105E-02  0.166E-02  0.290E-01  0.158E+06
003121.820     2094297    14075120  0.105E-02  0.165E-02  0.290E-01  0.169E+06
004121.909     2098012    14116782  0.105E-02  0.164E-02  0.290E-01  0.129E+06
005121.959     2101721    14158857  0.104E-02  0.163E-02  0.290E-01  0.149E+06
010121.879     2105332    14200558  0.104E-02  0.162E-02  0.290E-01  0.295E+06
011121.909     2108950    14241788  0.104E-02  0.161E-02  0.290E-01  0.200E+06
012121.962     2112542    14282938  0.103E-02  0.160E-02  0.290E-01  0.184E+06
013121.761     2116212    14324816  0.103E-02  0.159E-02  0.290E-01  0.166E+06
014121.702     2119885    14366935  0.102E-02  0.158E-02  0.290E-01  0.348E+06
015121.957     2123587    14408735  0.103E-02  0.157E-02  0.290E-01  0.189E+06
020121.948     2127143    14450107  0.102E-02  0.156E-02  0.290E-01  0.193E+06
021121.923     2130395    14487193  0.102E-02  0.156E-02  0.290E-01  0.158E+06
022121.886     2133748    14526207  0.102E-02  0.155E-02  0.290E-01  0.208E+06
023121.717     2137421    14567799  0.102E-02  0.154E-02  0.290E-01  0.189E+06
024121.878     2141027    14609569  0.101E-02  0.153E-02  0.290E-01  0.231E+06
025121.963     2144644    14651032  0.101E-02  0.152E-02  0.290E-01  0.164E+06
030121.920     2148245    14692372  0.101E-02  0.151E-02  0.290E-01  0.203E+06
031121.750     2151848    14733954  0.101E-02  0.150E-02  0.290E-01  0.143E+06
032121.915     2155409    14775374  0.100E-02  0.149E-02  0.290E-01  0.261E+06
033121.898     2159101    14817429  0.100E-02  0.148E-02  0.290E-01  0.160E+06
034121.776     2162538    14858787  0.996E-03  0.148E-02  0.290E-01  0.413E+06
035121.787     2166150    14900498  0.992E-03  0.147E-02  0.290E-01  0.215E+06
040121.924     2169690    14941878  0.992E-03  0.146E-02  0.290E-01  0.192E+06
041121.770     2173276    14983562  0.992E-03  0.145E-02  0.290E-01  0.204E+06
042121.716     2176868    15025055  0.988E-03  0.144E-02  0.290E-01  0.225E+06
043121.953     2180492    15067166  0.982E-03  0.144E-02  0.290E-01  0.107E+06
044121.769     2183974    15108627  0.978E-03  0.143E-02  0.290E-01  0.175E+06
045121.822     2187432    15149902  0.975E-03  0.142E-02  0.290E-01  0.150E+06
050121.696     2190917    15192156  0.972E-03  0.141E-02  0.290E-01  0.134E+06
051121.784     2194472    15233580  0.972E-03  0.140E-02  0.290E-01  0.220E+06
052121.905     2198036    15274992  0.971E-03  0.139E-02  0.290E-01  0.156E+06
053121.748     2201719    15316686  0.972E-03  0.138E-02  0.290E-01  0.178E+06
054122.113     2205231    15357581  0.116E-02  0.157E-02  0.290E-01  0.156E+06
055121.910     2208644    15397605  0.969E-03  0.137E-02  0.290E-01  0.158E+06
060121.720     2212107    15438443  0.965E-03  0.136E-02  0.290E-01  0.184E+06
061121.902     2215701    15479980  0.962E-03  0.135E-02  0.290E-01  0.181E+06
062121.958     2219134    15521311  0.961E-03  0.135E-02  0.290E-01  0.146E+06
063121.975     2222601    15562462  0.955E-03  0.134E-02  0.290E-01  0.183E+06
064121.908     2226128    15604116  0.954E-03  0.133E-02  0.290E-01  0.161E+06
065121.914     2229674    15645763  0.952E-03  0.132E-02  0.290E-01  0.109E+06
070121.725     2233063    15687355  0.951E-03  0.132E-02  0.290E-01  0.234E+06
071121.892     2236590    15728475  0.948E-03  0.131E-02  0.290E-01  0.146E+06
072121.923     2240067    15769883  0.944E-03  0.130E-02  0.290E-01  0.114E+06
073121.717     2243449    15811195  0.937E-03  0.130E-02  0.290E-01  0.217E+06
074121.897     2246919    15852165  0.936E-03  0.129E-02  0.290E-01  0.199E+06
075121.899     2250474    15893586  0.933E-03  0.128E-02  0.290E-01  0.161E+06
080121.848     2253912    15934764  0.933E-03  0.127E-02  0.290E-01  0.150E+06
081121.894     2257355    15976606  0.927E-03  0.127E-02  0.290E-01  0.111E+06
082121.963     2260825    16018219  0.925E-03  0.126E-02  0.290E-01  0.178E+06
083121.968     2264361    16059775  0.924E-03  0.125E-02  0.290E-01  0.102E+06
084121.908     2267733    16101184  0.921E-03  0.125E-02  0.290E-01  0.242E+06
085121.917     2271102    16142510  0.922E-03  0.124E-02  0.290E-01  0.161E+06
090121.894     2274661    16184149  0.917E-03  0.123E-02  0.290E-01  0.157E+06
091121.733     2278191    16225661  0.914E-03  0.122E-02  0.290E-01  0.213E+06
092121.969     2281626    16266230  0.912E-03  0.121E-02  0.290E-01  0.178E+06
093121.738     2285093    16307045  0.910E-03  0.121E-02  0.290E-01  0.150E+06
094121.723     2288514    16348664  0.914E-03  0.120E-02  0.290E-01  0.224E+06
095121.920     2291945    16389771  0.911E-03  0.119E-02  0.290E-01  0.209E+06
100121.913     2295449    16431072  0.909E-03  0.118E-02  0.290E-01  0.139E+06
101121.853     2298959    16472522  0.908E-03  0.118E-02  0.290E-01  0.152E+06
102121.924     2302434    16513614  0.906E-03  0.117E-02  0.290E-01  0.133E+06
103121.911     2306136    16556050  0.906E-03  0.116E-02  0.290E-01  0.171E+06
104121.897     2309673    16597670  0.905E-03  0.115E-02  0.290E-01  0.149E+06
105121.920     2313167    16638573  0.903E-03  0.115E-02  0.290E-01  0.223E+06
110121.926     2316671    16679659  0.902E-03  0.114E-02  0.290E-01  0.200E+06
111121.741     2320199    16720462  0.901E-03  0.113E-02  0.290E-01  0.235E+06
112121.898     2323783    16761984  0.898E-03  0.112E-02  0.290E-01  0.148E+06
113121.903     2327153    16801965  0.894E-03  0.112E-02  0.290E-01  0.109E+06
114121.892     2330626    16843461  0.889E-03  0.111E-02  0.290E-01  0.157E+06
115121.898     2334119    16884935  0.888E-03  0.110E-02  0.290E-01  0.163E+06
120121.961     2337590    16925843  0.885E-03  0.110E-02  0.290E-01  0.242E+06
121121.915     2340943    16966985  0.886E-03  0.109E-02  0.290E-01  0.107E+06
122121.898     2344251    17007337  0.887E-03  0.108E-02  0.290E-01  0.357E+06
123121.900     2347588    17048429  0.885E-03  0.108E-02  0.290E-01  0.178E+06
124121.966     2351029    17089531  0.885E-03  0.107E-02  0.290E-01  0.163E+06
125121.960     2354381    17130134  0.882E-03  0.107E-02  0.290E-01  0.226E+06
