Time       moves_acc moves_gen     G(r)_1     S(Q)_1
h/m/s/.th    WEIGHT PARAMETERS   0.100E+01  0.100E+01
032733.858       61961       94603  0.252E+00  0.546E+00
033733.796      105887      190548  0.185E+00  0.465E+00
034733.827      146394      286693  0.148E+00  0.400E+00
035733.816      184972      382826  0.124E+00  0.347E+00
040733.746      221612      478812  0.105E+00  0.302E+00
041733.777      256932      574789  0.893E-01  0.265E+00
042733.747      290650      670812  0.768E-01  0.233E+00
043733.910      322692      766724  0.664E-01  0.206E+00
044733.801      352848      861097  0.583E-01  0.183E+00
045733.744      382037      957290  0.515E-01  0.163E+00
050733.732      410072     1053508  0.458E-01  0.145E+00
051733.746      436936     1149856  0.411E-01  0.130E+00
052733.728      462708     1246298  0.371E-01  0.117E+00
053733.730      487876     1342691  0.339E-01  0.105E+00
054733.732      511779     1439152  0.313E-01  0.951E-01
055733.728      534527     1535651  0.288E-01  0.865E-01
060733.743      555950     1632220  0.268E-01  0.791E-01
061733.729      575911     1728827  0.249E-01  0.728E-01
062733.736      595487     1825470  0.234E-01  0.670E-01
063733.736      614181     1922026  0.219E-01  0.620E-01
064733.735      632643     2018731  0.208E-01  0.573E-01
065733.789      650665     2115343  0.196E-01  0.533E-01
070733.788      668175     2212037  0.186E-01  0.496E-01
071733.782      685072     2308749  0.178E-01  0.463E-01
072733.786      701626     2405440  0.171E-01  0.433E-01
073733.777      717660     2502198  0.163E-01  0.407E-01
074733.787      733676     2598981  0.156E-01  0.383E-01
075733.763      749219     2695897  0.150E-01  0.361E-01
080733.761      764399     2792513  0.143E-01  0.341E-01
081733.753      779184     2889253  0.138E-01  0.323E-01
082733.730      793796     2986193  0.132E-01  0.306E-01
083733.730      808105     3082949  0.127E-01  0.291E-01
084733.810      822098     3179842  0.123E-01  0.276E-01
085733.767      836167     3276757  0.118E-01  0.263E-01
090733.727      850307     3373726  0.115E-01  0.251E-01
091733.745      864004     3470741  0.111E-01  0.239E-01
092733.744      877356     3567761  0.107E-01  0.228E-01
093733.741      890736     3664891  0.104E-01  0.218E-01
094733.796      904447     3761887  0.101E-01  0.210E-01
095733.839      917443     3858996  0.981E-02  0.201E-01
100733.814      930345     3955602  0.946E-02  0.193E-01
101733.799      942944     4052732  0.919E-02  0.185E-01
102733.817      955552     4149765  0.895E-02  0.177E-01
103733.793      968034     4246974  0.874E-02  0.170E-01
104733.811      980246     4344158  0.851E-02  0.164E-01
105733.925      992539     4441301  0.830E-02  0.157E-01
110733.838     1004739     4538434  0.809E-02  0.151E-01
111733.827     1016831     4635682  0.790E-02  0.146E-01
112733.797     1028842     4732927  0.774E-02  0.140E-01
113733.809     1040804     4830165  0.755E-02  0.135E-01
114733.825     1052696     4927639  0.740E-02  0.130E-01
115733.827     1064387     5025101  0.723E-02  0.126E-01
120733.887     1076182     5122569  0.709E-02  0.122E-01
121733.796     1087703     5219908  0.698E-02  0.117E-01
122733.825     1099286     5317327  0.680E-02  0.114E-01
123733.824     1110764     5414880  0.670E-02  0.110E-01
124733.823     1122246     5512400  0.655E-02  0.107E-01
125733.974     1133564     5609919  0.647E-02  0.103E-01
130733.801     1144856     5707247  0.629E-02  0.998E-02
131733.793     1156172     5804958  0.618E-02  0.967E-02
132733.852     1167409     5902478  0.608E-02  0.938E-02
133733.795     1178404     5998831  0.597E-02  0.910E-02
134733.815     1189544     6096395  0.590E-02  0.884E-02
135733.857     1200653     6194016  0.585E-02  0.857E-02
140733.799     1211739     6291714  0.577E-02  0.833E-02
141733.820     1222776     6389422  0.569E-02  0.811E-02
142733.823     1233750     6487238  0.558E-02  0.791E-02
143733.770     1244684     6584875  0.550E-02  0.771E-02
144733.793     1255626     6682706  0.546E-02  0.750E-02
145733.868     1266339     6780550  0.538E-02  0.732E-02
150733.771     1277285     6878260  0.532E-02  0.714E-02
151733.784     1288186     6975960  0.525E-02  0.696E-02
152733.835     1298985     7073757  0.521E-02  0.679E-02
153733.863     1309896     7171595  0.513E-02  0.665E-02
154733.806     1320619     7269436  0.506E-02  0.650E-02
155733.823     1331321     7367343  0.502E-02  0.635E-02
160733.769     1341870     7465059  0.496E-02  0.622E-02
161733.821     1352534     7563111  0.490E-02  0.609E-02
162733.788     1363150     7660921  0.488E-02  0.596E-02
163733.949     1373453     7758782  0.483E-02  0.584E-02
164734.072     1383692     7856645  0.477E-02  0.573E-02
165733.800     1394239     7954674  0.472E-02  0.562E-02
170734.045     1404850     8052733  0.468E-02  0.551E-02
171733.791     1415340     8150597  0.464E-02  0.541E-02
172733.785     1425856     8248548  0.459E-02  0.532E-02
173733.738     1436377     8346585  0.452E-02  0.523E-02
174733.778     1446874     8444338  0.449E-02  0.514E-02
175733.747     1457344     8542478  0.447E-02  0.505E-02
180733.749     1467872     8640531  0.442E-02  0.497E-02
181733.763     1478295     8738746  0.437E-02  0.489E-02
182733.750     1488631     8836879  0.435E-02  0.481E-02
183733.776     1498657     8935073  0.429E-02  0.475E-02
184733.754     1509004     9033204  0.425E-02  0.468E-02
185733.755     1519405     9131324  0.423E-02  0.461E-02
190733.779     1529735     9229366  0.420E-02  0.454E-02
191733.787     1540041     9327520  0.418E-02  0.447E-02
192733.783     1550343     9425728  0.414E-02  0.441E-02
193733.793     1561142     9523933  0.418E-02  0.436E-02
194733.737     1571576     9622084  0.411E-02  0.430E-02
195733.788     1581957     9720142  0.406E-02  0.424E-02
200733.760     1592217     9818301  0.403E-02  0.419E-02
201733.783     1602462     9916186  0.402E-02  0.414E-02
202733.762     1612656    10014191  0.399E-02  0.409E-02
203733.803     1622854    10112230  0.398E-02  0.404E-02
204733.766     1633035    10210365  0.395E-02  0.399E-02
205733.765     1643281    10308324  0.394E-02  0.394E-02
210733.762     1653528    10406375  0.393E-02  0.390E-02
211733.785     1663777    10504510  0.389E-02  0.385E-02
212733.762     1674023    10602587  0.388E-02  0.381E-02
213733.756     1684184    10700563  0.385E-02  0.377E-02
214733.758     1694339    10798776  0.384E-02  0.374E-02
215733.763     1704452    10896877  0.383E-02  0.370E-02
220733.829     1714815    10995250  0.381E-02  0.366E-02
221733.781     1724986    11093400  0.379E-02  0.362E-02
222733.758     1735077    11191698  0.378E-02  0.359E-02
223733.792     1745275    11289662  0.376E-02  0.356E-02
224733.796     1755472    11387873  0.372E-02  0.352E-02
225733.814     1765598    11485770  0.369E-02  0.349E-02
230733.763     1775695    11583849  0.370E-02  0.346E-02
231733.840     1785805    11681762  0.368E-02  0.343E-02
