Time       moves_acc moves_gen     G(r)_1     S(Q)_1     Bragg   Tail_fine  Curvature
h/m/s/.th    WEIGHT PARAMETERS   0.100E+01  0.100E+01  0.100E+01  0.100E+01  0.100E+01
034300.654       69700       91150  0.586E+00  0.102E+00  0.361E-01  0.262E-16  0.171E+02
035300.653      129100      189353  0.275E+00  0.633E-01  0.334E-01  0.108E-15  0.172E+02
040300.626      181963      286641  0.160E+00  0.392E-01  0.314E-01  0.229E+08  0.101E+02
041300.626      230027      385595  0.932E-01  0.248E-01  0.301E-01  0.579E+08  0.298E+01
042300.627      279128      495353  0.488E-01  0.160E-01  0.293E-01  0.102E-14  0.407E+00
043300.622      331187      605353  0.277E-01  0.115E-01  0.291E-01  0.157E+08  0.206E+00
044300.656      379957      714852  0.187E-01  0.997E-02  0.291E-01  0.899E+07  0.322E+00
045300.639      422243      824637  0.142E-01  0.942E-02  0.291E-01  0.510E+06  0.222E+00
050300.625      458813      935757  0.117E-01  0.911E-02  0.290E-01  0.596E+06  0.633E+00
051300.629      490921     1045931  0.100E-01  0.891E-02  0.290E-01  0.472E+11  0.579E+00
052300.624      520294     1156990  0.885E-02  0.878E-02  0.290E-01  0.120E+07  0.931E+00
053300.651      546108     1266983  0.810E-02  0.868E-02  0.290E-01  0.138E+08  0.119E+01
054300.843      569661     1378445  0.993E-02  0.109E-01  0.290E-01  0.116E+07  0.111E+01
055300.620      591115     1490711  0.710E-02  0.855E-02  0.290E-01  0.132E+08  0.115E+01
060300.629      611158     1602521  0.674E-02  0.850E-02  0.290E-01  0.930E+06  0.105E+01
061300.651      629820     1712759  0.644E-02  0.845E-02  0.290E-01  0.165E+11  0.119E+01
062300.639      647493     1822715  0.619E-02  0.842E-02  0.290E-01  0.118E+06  0.817E+00
063300.650      664598     1934103  0.598E-02  0.837E-02  0.290E-01  0.140E+06  0.600E+00
064300.650      681201     2045365  0.578E-02  0.833E-02  0.290E-01  0.175E+06  0.619E+00
065300.621      697328     2157656  0.560E-02  0.829E-02  0.290E-01  0.904E+05  0.461E+00
070300.639      712783     2269043  0.544E-02  0.824E-02  0.290E-01  0.125E+06  0.373E+00
071300.620      727859     2381330  0.529E-02  0.818E-02  0.290E-01  0.794E+05  0.422E+00
072300.652      742473     2493346  0.514E-02  0.814E-02  0.290E-01  0.795E+05  0.692E+00
073300.642      756704     2605409  0.500E-02  0.808E-02  0.290E-01  0.680E+05  0.715E+00
074300.648      770888     2717167  0.487E-02  0.803E-02  0.290E-01  0.841E+05  0.134E+01
075300.798      784907     2829400  0.429E-02  0.776E-02  0.290E-01  0.534E+05  0.193E+01
080300.867      798516     2941499  0.475E-02  0.920E-02  0.290E-01  0.417E+05  0.264E+01
081300.641      812125     3053854  0.441E-02  0.792E-02  0.290E-01  0.452E+05  0.293E+01
082300.616      825168     3166365  0.430E-02  0.787E-02  0.290E-01  0.383E+05  0.260E+01
083300.639      838094     3279331  0.421E-02  0.779E-02  0.290E-01  0.388E+05  0.280E+01
084300.619      850584     3390963  0.412E-02  0.772E-02  0.290E-01  0.420E+05  0.274E+01
085300.622      862872     3502597  0.404E-02  0.765E-02  0.290E-01  0.433E+05  0.304E+01
090300.648      874899     3613656  0.397E-02  0.759E-02  0.290E-01  0.498E+05  0.319E+01
091300.620      887115     3724986  0.390E-02  0.750E-02  0.290E-01  0.381E+05  0.331E+01
092300.644      899097     3836995  0.384E-02  0.743E-02  0.290E-01  0.474E+05  0.328E+01
093300.621      911242     3949411  0.377E-02  0.736E-02  0.290E-01  0.309E+05  0.305E+01
094300.626      923094     4061456  0.371E-02  0.728E-02  0.290E-01  0.418E+05  0.319E+01
095300.645      934872     4173317  0.365E-02  0.721E-02  0.290E-01  0.327E+05  0.338E+01
100300.645      946552     4285604  0.359E-02  0.715E-02  0.290E-01  0.342E+05  0.341E+01
101300.621      958493     4397470  0.354E-02  0.708E-02  0.290E-01  0.458E+05  0.324E+01
102300.657      970135     4508853  0.349E-02  0.701E-02  0.290E-01  0.279E+05  0.365E+01
103300.617      981839     4620570  0.344E-02  0.693E-02  0.290E-01  0.367E+05  0.336E+01
104300.638      993454     4731989  0.339E-02  0.686E-02  0.290E-01  0.702E+05  0.357E+01
105300.619     1005016     4843528  0.334E-02  0.680E-02  0.290E-01  0.347E+05  0.339E+01
110300.651     1016491     4955609  0.329E-02  0.673E-02  0.290E-01  0.368E+05  0.357E+01
111300.641     1028113     5067732  0.325E-02  0.666E-02  0.290E-01  0.408E+05  0.353E+01
112300.625     1039629     5179411  0.320E-02  0.659E-02  0.290E-01  0.494E+05  0.334E+01
113300.651     1051173     5291173  0.314E-02  0.653E-02  0.290E-01  0.314E+05  0.306E+01
114300.620     1062652     5403080  0.307E-02  0.648E-02  0.290E-01  0.381E+05  0.276E+01
115300.634     1074087     5513816  0.302E-02  0.641E-02  0.290E-01  0.398E+05  0.248E+01
120300.629     1085646     5625147  0.297E-02  0.635E-02  0.290E-01  0.603E+05  0.282E+01
121300.616     1097126     5735734  0.292E-02  0.630E-02  0.290E-01  0.409E+05  0.225E+01
122300.627     1108497     5845659  0.287E-02  0.623E-02  0.290E-01  0.388E+05  0.248E+01
123300.647     1119684     5955628  0.283E-02  0.615E-02  0.290E-01  0.461E+05  0.243E+01
124300.646     1130961     6065427  0.280E-02  0.608E-02  0.290E-01  0.826E+05  0.293E+01
125300.649     1142270     6175396  0.275E-02  0.602E-02  0.290E-01  0.394E+05  0.264E+01
130300.652     1153150     6284156  0.272E-02  0.595E-02  0.290E-01  0.376E+05  0.244E+01
131300.623     1164276     6394069  0.268E-02  0.589E-02  0.290E-01  0.237E+05  0.248E+01
132300.630     1175426     6503980  0.264E-02  0.583E-02  0.290E-01  0.410E+05  0.247E+01
133300.623     1186446     6614269  0.261E-02  0.577E-02  0.290E-01  0.368E+05  0.245E+01
134300.625     1197308     6722593  0.258E-02  0.570E-02  0.290E-01  0.409E+05  0.262E+01
135300.635     1208472     6833740  0.254E-02  0.565E-02  0.290E-01  0.373E+05  0.279E+01
140300.641     1219482     6943955  0.251E-02  0.558E-02  0.290E-01  0.770E+08  0.295E+01
141300.625     1230404     7053634  0.247E-02  0.553E-02  0.290E-01  0.444E+05  0.267E+01
142300.641     1241490     7164740  0.244E-02  0.546E-02  0.290E-01  0.368E+05  0.272E+01
143300.645     1252514     7274863  0.241E-02  0.540E-02  0.290E-01  0.445E+05  0.238E+01
144300.634     1263499     7384685  0.238E-02  0.534E-02  0.290E-01  0.291E+05  0.253E+01
145300.654     1274548     7495241  0.235E-02  0.528E-02  0.290E-01  0.384E+05  0.224E+01
150300.648     1285743     7606031  0.232E-02  0.522E-02  0.290E-01  0.535E+05  0.219E+01
151300.626     1296873     7717108  0.229E-02  0.516E-02  0.290E-01  0.349E+05  0.225E+01
152300.620     1307756     7826731  0.225E-02  0.511E-02  0.290E-01  0.382E+05  0.250E+01
153300.633     1318592     7936312  0.221E-02  0.506E-02  0.290E-01  0.771E+09  0.235E+01
154300.646     1329396     8046224  0.218E-02  0.502E-02  0.290E-01  0.641E+06  0.230E+01
155300.650     1340327     8157428  0.214E-02  0.497E-02  0.290E-01  0.312E+05  0.242E+01
160300.649     1350895     8267730  0.211E-02  0.491E-02  0.290E-01  0.309E+05  0.202E+01
161300.774     1361627     8378646  0.182E-02  0.450E-02  0.290E-01  0.270E+05  0.258E+01
162300.659     1372363     8488513  0.206E-02  0.480E-02  0.290E-01  0.499E+05  0.217E+01
163300.621     1383040     8598644  0.203E-02  0.474E-02  0.290E-01  0.442E+06  0.201E+01
164300.631     1393771     8709107  0.201E-02  0.468E-02  0.290E-01  0.168E+07  0.221E+01
165300.626     1404411     8818588  0.199E-02  0.462E-02  0.290E-01  0.405E+05  0.214E+01
170300.654     1415221     8928848  0.196E-02  0.457E-02  0.290E-01  0.985E+06  0.233E+01
171300.623     1426115     9039959  0.194E-02  0.452E-02  0.290E-01  0.358E+05  0.255E+01
172300.630     1436882     9150889  0.192E-02  0.446E-02  0.290E-01  0.208E+07  0.206E+01
173300.645     1447762     9262022  0.190E-02  0.440E-02  0.290E-01  0.904E+06  0.215E+01
174300.650     1458558     9372881  0.188E-02  0.436E-02  0.290E-01  0.406E+06  0.219E+01
175300.640     1469177     9483918  0.185E-02  0.431E-02  0.290E-01  0.144E+07  0.235E+01
180300.626     1479923     9594524  0.183E-02  0.425E-02  0.290E-01  0.537E+07  0.202E+01
181300.646     1490613     9705342  0.181E-02  0.420E-02  0.290E-01  0.309E+05  0.218E+01
182300.638     1501103     9814755  0.179E-02  0.416E-02  0.290E-01  0.202E+07  0.222E+01
183300.618     1511831     9925722  0.177E-02  0.410E-02  0.290E-01  0.863E+07  0.222E+01
184300.627     1522352    10035572  0.175E-02  0.406E-02  0.290E-01  0.123E+07  0.249E+01
185300.618     1532898    10144633  0.173E-02  0.401E-02  0.290E-01  0.318E+06  0.219E+01
190300.656     1543540    10255274  0.171E-02  0.396E-02  0.290E-01  0.726E+06  0.240E+01
191300.623     1554184    10365625  0.169E-02  0.391E-02  0.290E-01  0.186E+07  0.222E+01
192300.630     1564910    10476434  0.167E-02  0.387E-02  0.290E-01  0.124E+07  0.245E+01
193300.653     1575601    10587181  0.164E-02  0.382E-02  0.290E-01  0.207E+06  0.232E+01
194300.622     1586209    10697859  0.162E-02  0.377E-02  0.290E-01  0.288E+08  0.219E+01
195300.619     1596492    10807919  0.160E-02  0.373E-02  0.290E-01  0.477E+06  0.213E+01
200300.630     1607157    10918292  0.159E-02  0.368E-02  0.290E-01  0.339E+06  0.208E+01
201300.639     1617717    11029066  0.157E-02  0.364E-02  0.290E-01  0.293E+06  0.180E+01
202300.622     1628098    11138752  0.155E-02  0.359E-02  0.290E-01  0.247E+06  0.182E+01
203300.653     1638193    11248425  0.154E-02  0.355E-02  0.290E-01  0.156E+06  0.211E+01
204300.650     1648498    11357674  0.152E-02  0.351E-02  0.290E-01  0.261E+06  0.185E+01
205300.645     1658974    11466968  0.151E-02  0.346E-02  0.290E-01  0.326E+06  0.190E+01
210300.620     1669273    11576251  0.149E-02  0.342E-02  0.290E-01  0.221E+06  0.207E+01
211300.620     1679634    11686367  0.148E-02  0.338E-02  0.290E-01  0.254E+06  0.176E+01
212300.623     1690007    11796503  0.147E-02  0.334E-02  0.290E-01  0.241E+06  0.207E+01
213300.637     1700404    11906495  0.145E-02  0.330E-02  0.290E-01  0.164E+06  0.151E+01
214300.652     1710645    12016600  0.144E-02  0.326E-02  0.290E-01  0.145E+06  0.207E+01
215300.614     1720731    12125224  0.142E-02  0.322E-02  0.290E-01  0.280E+06  0.199E+01
220300.622     1731076    12236210  0.141E-02  0.318E-02  0.290E-01  0.231E+06  0.193E+01
221300.612     1741368    12345791  0.140E-02  0.314E-02  0.290E-01  0.145E+06  0.203E+01
222300.624     1751359    12455186  0.139E-02  0.311E-02  0.290E-01  0.209E+06  0.194E+01
223300.630     1761495    12564427  0.138E-02  0.306E-02  0.290E-01  0.154E+06  0.173E+01
224300.634     1771875    12673794  0.137E-02  0.302E-02  0.290E-01  0.222E+06  0.203E+01
225300.632     1782036    12783964  0.136E-02  0.299E-02  0.290E-01  0.176E+06  0.220E+01
230300.621     1792278    12894487  0.134E-02  0.296E-02  0.290E-01  0.166E+06  0.202E+01
231300.627     1802419    13004660  0.133E-02  0.292E-02  0.290E-01  0.164E+06  0.199E+01
232300.621     1812765    13115430  0.131E-02  0.289E-02  0.290E-01  0.129E+06  0.204E+01
233300.627     1823085    13226055  0.129E-02  0.286E-02  0.290E-01  0.199E+06  0.213E+01
234300.626     1833174    13335583  0.128E-02  0.282E-02  0.290E-01  0.207E+06  0.218E+01
235300.650     1843305    13445483  0.127E-02  0.279E-02  0.290E-01  0.142E+06  0.231E+01
000300.637     1853329    13554967  0.126E-02  0.276E-02  0.290E-01  0.136E+06  0.220E+01
001300.635     1863170    13663719  0.125E-02  0.273E-02  0.290E-01  0.176E+06  0.214E+01
002300.626     1873100    13772523  0.124E-02  0.270E-02  0.290E-01  0.122E+06  0.218E+01
003300.624     1883261    13882604  0.123E-02  0.267E-02  0.290E-01  0.984E+05  0.198E+01
004300.643     1893255    13993668  0.122E-02  0.264E-02  0.290E-01  0.137E+06  0.228E+01
005300.651     1903538    14104178  0.122E-02  0.260E-02  0.290E-01  0.903E+05  0.206E+01
010300.654     1913749    14214987  0.121E-02  0.257E-02  0.290E-01  0.199E+06  0.214E+01
011300.618     1923872    14326108  0.120E-02  0.254E-02  0.290E-01  0.177E+06  0.213E+01
012300.618     1933820    14435431  0.119E-02  0.251E-02  0.290E-01  0.159E+06  0.226E+01
013300.623     1943705    14545669  0.118E-02  0.249E-02  0.290E-01  0.110E+06  0.203E+01
014300.645     1953714    14656324  0.117E-02  0.245E-02  0.290E-01  0.132E+06  0.199E+01
015300.644     1963579    14766875  0.116E-02  0.243E-02  0.290E-01  0.116E+06  0.202E+01
020300.653     1973388    14877077  0.115E-02  0.240E-02  0.290E-01  0.132E+06  0.183E+01
021300.653     1983228    14988079  0.115E-02  0.238E-02  0.290E-01  0.140E+06  0.191E+01
022300.622     1992879    15099462  0.114E-02  0.235E-02  0.290E-01  0.111E+06  0.187E+01
023300.621     2002876    15210125  0.113E-02  0.232E-02  0.290E-01  0.902E+05  0.160E+01
024300.644     2013046    15322001  0.112E-02  0.230E-02  0.290E-01  0.109E+06  0.191E+01
025300.638     2022869    15432179  0.111E-02  0.227E-02  0.290E-01  0.123E+06  0.175E+01
030300.641     2032760    15542559  0.110E-02  0.225E-02  0.290E-01  0.103E+06  0.187E+01
031300.633     2042450    15651760  0.109E-02  0.222E-02  0.290E-01  0.103E+06  0.201E+01
032300.627     2052445    15762409  0.108E-02  0.220E-02  0.290E-01  0.105E+06  0.177E+01
033300.626     2062428    15872852  0.107E-02  0.217E-02  0.290E-01  0.126E+06  0.208E+01
034300.638     2072339    15983350  0.107E-02  0.215E-02  0.290E-01  0.112E+06  0.192E+01
035300.640     2082488    16094522  0.107E-02  0.212E-02  0.290E-01  0.859E+05  0.182E+01
040300.625     2092338    16204695  0.106E-02  0.209E-02  0.290E-01  0.884E+05  0.184E+01
041300.654     2102133    16314624  0.105E-02  0.207E-02  0.290E-01  0.117E+06  0.207E+01
042300.626     2111917    16425055  0.104E-02  0.205E-02  0.290E-01  0.964E+05  0.188E+01
043300.643     2121867    16535459  0.104E-02  0.202E-02  0.290E-01  0.932E+05  0.217E+01
044300.646     2131656    16645103  0.103E-02  0.200E-02  0.290E-01  0.991E+05  0.190E+01
045300.610     2141309    16754779  0.102E-02  0.198E-02  0.290E-01  0.779E+05  0.203E+01
050300.638     2151185    16865205  0.102E-02  0.196E-02  0.290E-01  0.846E+05  0.194E+01
051300.648     2160925    16975460  0.101E-02  0.194E-02  0.290E-01  0.101E+06  0.172E+01
052300.630     2170638    17085770  0.100E-02  0.192E-02  0.290E-01  0.824E+05  0.180E+01
053300.647     2180194    17195266  0.994E-03  0.190E-02  0.290E-01  0.107E+06  0.167E+01
054300.623     2189740    17302081  0.991E-03  0.188E-02  0.290E-01  0.990E+05  0.179E+01
055300.680     2199359    17409428  0.984E-03  0.186E-02  0.290E-01  0.904E+05  0.171E+01
060300.623     2209191    17520174  0.977E-03  0.184E-02  0.290E-01  0.923E+05  0.203E+01
061300.624     2219006    17631348  0.973E-03  0.182E-02  0.290E-01  0.931E+05  0.180E+01
062300.647     2228712    17742941  0.965E-03  0.180E-02  0.290E-01  0.935E+05  0.181E+01
063300.704     2238583    17854309  0.985E-03  0.176E-02  0.290E-01  0.874E+05  0.169E+01
064300.643     2248500    17966219  0.954E-03  0.176E-02  0.290E-01  0.982E+05  0.204E+01
065300.618     2258226    18077359  0.945E-03  0.174E-02  0.290E-01  0.788E+05  0.179E+01
070300.652     2268046    18188477  0.942E-03  0.172E-02  0.290E-01  0.115E+06  0.190E+01
071300.625     2277859    18299662  0.938E-03  0.170E-02  0.290E-01  0.808E+05  0.161E+01
072300.621     2287552    18410919  0.928E-03  0.168E-02  0.290E-01  0.610E+05  0.183E+01
073300.628     2297395    18522014  0.925E-03  0.166E-02  0.290E-01  0.972E+05  0.183E+01
074300.618     2307165    18632117  0.921E-03  0.164E-02  0.290E-01  0.964E+05  0.190E+01
075300.632     2316817    18743185  0.917E-03  0.162E-02  0.290E-01  0.918E+05  0.165E+01
080300.647     2326687    18854769  0.910E-03  0.161E-02  0.290E-01  0.895E+05  0.205E+01
081300.653     2336420    18965089  0.908E-03  0.159E-02  0.290E-01  0.864E+05  0.168E+01
082300.644     2346108    19075959  0.901E-03  0.158E-02  0.290E-01  0.668E+05  0.189E+01
083300.641     2355999    19187015  0.894E-03  0.156E-02  0.290E-01  0.940E+05  0.199E+01
084300.641     2365709    19298261  0.889E-03  0.154E-02  0.290E-01  0.789E+05  0.186E+01
085300.639     2375480    19409672  0.883E-03  0.153E-02  0.290E-01  0.781E+05  0.199E+01
090300.631     2385025    19520491  0.881E-03  0.151E-02  0.290E-01  0.722E+05  0.191E+01
091300.621     2394627    19631351  0.878E-03  0.150E-02  0.290E-01  0.566E+05  0.181E+01
092300.660     2404091    19741847  0.872E-03  0.148E-02  0.290E-01  0.762E+05  0.198E+01
093300.649     2413625    19851898  0.868E-03  0.147E-02  0.290E-01  0.111E+06  0.162E+01
094300.614     2423396    19963088  0.864E-03  0.145E-02  0.290E-01  0.103E+06  0.168E+01
095300.635     2433239    20074107  0.861E-03  0.144E-02  0.290E-01  0.888E+05  0.193E+01
100300.630     2442837    20184923  0.855E-03  0.142E-02  0.290E-01  0.664E+05  0.179E+01
101300.641     2452552    20296163  0.851E-03  0.140E-02  0.290E-01  0.157E+06  0.159E+01
102300.626     2462185    20407458  0.850E-03  0.139E-02  0.290E-01  0.899E+05  0.161E+01
103300.643     2471819    20518207  0.845E-03  0.137E-02  0.290E-01  0.112E+06  0.154E+01
104300.646     2481443    20629146  0.836E-03  0.136E-02  0.290E-01  0.746E+05  0.152E+01
105300.642     2491052    20739425  0.830E-03  0.135E-02  0.290E-01  0.635E+05  0.174E+01
110300.617     2500647    20849837  0.824E-03  0.134E-02  0.290E-01  0.700E+05  0.175E+01
111300.634     2510356    20961193  0.818E-03  0.132E-02  0.290E-01  0.956E+05  0.176E+01
112300.637     2519920    21072145  0.812E-03  0.131E-02  0.290E-01  0.604E+05  0.193E+01
113300.649     2529415    21182010  0.808E-03  0.130E-02  0.290E-01  0.717E+05  0.179E+01
114300.619     2538839    21291091  0.802E-03  0.128E-02  0.290E-01  0.643E+05  0.201E+01
115300.652     2548211    21399997  0.796E-03  0.127E-02  0.290E-01  0.918E+05  0.208E+01
120300.627     2557548    21510121  0.788E-03  0.126E-02  0.290E-01  0.955E+05  0.206E+01
121300.632     2567113    21619697  0.790E-03  0.125E-02  0.290E-01  0.682E+05  0.194E+01
122300.633     2576519    21729404  0.784E-03  0.124E-02  0.290E-01  0.864E+05  0.181E+01
123300.643     2585980    21839554  0.781E-03  0.123E-02  0.290E-01  0.909E+05  0.171E+01
124300.647     2595392    21949564  0.778E-03  0.121E-02  0.290E-01  0.586E+05  0.186E+01
125300.777     2604791    22059870  0.115E-02  0.193E-02  0.290E-01  0.108E+06  0.162E+01
130300.621     2614411    22170569  0.770E-03  0.119E-02  0.290E-01  0.802E+05  0.170E+01
131300.618     2623847    22280841  0.771E-03  0.118E-02  0.290E-01  0.995E+05  0.163E+01
132300.617     2633346    22389839  0.775E-03  0.116E-02  0.290E-01  0.947E+05  0.176E+01
133300.617     2642868    22498547  0.769E-03  0.115E-02  0.290E-01  0.762E+05  0.163E+01
134300.627     2652068    22607971  0.762E-03  0.114E-02  0.290E-01  0.568E+05  0.161E+01
135300.650     2661314    22717187  0.759E-03  0.113E-02  0.290E-01  0.653E+05  0.172E+01
140300.641     2670591    22826595  0.752E-03  0.112E-02  0.290E-01  0.114E+06  0.182E+01
141300.619     2679873    22935841  0.748E-03  0.111E-02  0.290E-01  0.100E+06  0.163E+01
142300.640     2689236    23044174  0.741E-03  0.110E-02  0.290E-01  0.926E+05  0.177E+01
143300.642     2698669    23154127  0.742E-03  0.109E-02  0.290E-01  0.112E+06  0.157E+01
144300.654     2708024    23264704  0.738E-03  0.108E-02  0.290E-01  0.100E+06  0.161E+01
145300.654     2717263    23374654  0.732E-03  0.107E-02  0.290E-01  0.610E+05  0.166E+01
150300.620     2726403    23483856  0.728E-03  0.106E-02  0.290E-01  0.102E+06  0.154E+01
151300.634     2735864    23594097  0.728E-03  0.105E-02  0.290E-01  0.859E+05  0.157E+01
152300.653     2745052    23702936  0.725E-03  0.104E-02  0.290E-01  0.844E+05  0.176E+01
153300.645     2754284    23812795  0.723E-03  0.103E-02  0.290E-01  0.853E+05  0.170E+01
154300.641     2763678    23923128  0.718E-03  0.102E-02  0.290E-01  0.750E+05  0.170E+01
155300.620     2773000    24033318  0.716E-03  0.101E-02  0.290E-01  0.901E+05  0.166E+01
160300.620     2782317    24143131  0.710E-03  0.997E-03  0.290E-01  0.862E+05  0.147E+01
161300.614     2791445    24251890  0.707E-03  0.989E-03  0.290E-01  0.754E+05  0.163E+01
162300.625     2800617    24361467  0.709E-03  0.977E-03  0.290E-01  0.873E+05  0.144E+01
163300.628     2810097    24472370  0.702E-03  0.968E-03  0.290E-01  0.876E+05  0.161E+01
164300.639     2819284    24582751  0.696E-03  0.960E-03  0.290E-01  0.797E+05  0.177E+01
165300.649     2828411    24691620  0.692E-03  0.950E-03  0.290E-01  0.788E+05  0.170E+01
170300.616     2837627    24800815  0.693E-03  0.941E-03  0.290E-01  0.926E+05  0.148E+01
171300.621     2846877    24910236  0.688E-03  0.933E-03  0.290E-01  0.820E+05  0.149E+01
172300.644     2856063    25019672  0.683E-03  0.924E-03  0.290E-01  0.657E+05  0.154E+01
173300.627     2865419    25130729  0.677E-03  0.917E-03  0.290E-01  0.833E+05  0.148E+01
174300.657     2874925    25240646  0.677E-03  0.906E-03  0.290E-01  0.853E+05  0.172E+01
175300.623     2884272    25350103  0.677E-03  0.896E-03  0.290E-01  0.890E+05  0.163E+01
180300.618     2893628    25460791  0.669E-03  0.889E-03  0.290E-01  0.829E+05  0.154E+01
181300.629     2902864    25570920  0.666E-03  0.879E-03  0.290E-01  0.109E+06  0.146E+01
182300.637     2912104    25680357  0.663E-03  0.872E-03  0.290E-01  0.639E+05  0.185E+01
183300.622     2921389    25790542  0.659E-03  0.863E-03  0.290E-01  0.947E+05  0.160E+01
184300.678     2930386    25899664  0.655E-03  0.855E-03  0.290E-01  0.984E+05  0.152E+01
185300.636     2939691    26009354  0.655E-03  0.846E-03  0.290E-01  0.625E+05  0.147E+01
190300.646     2948948    26118945  0.649E-03  0.839E-03  0.290E-01  0.719E+05  0.156E+01
191300.651     2958356    26227632  0.647E-03  0.830E-03  0.290E-01  0.789E+05  0.146E+01
192300.652     2967659    26337868  0.647E-03  0.822E-03  0.290E-01  0.955E+05  0.141E+01
193300.619     2977062    26448332  0.643E-03  0.813E-03  0.290E-01  0.924E+05  0.156E+01
194300.644     2986010    26557939  0.638E-03  0.805E-03  0.290E-01  0.714E+05  0.157E+01
195300.621     2994970    26665868  0.633E-03  0.798E-03  0.290E-01  0.721E+05  0.146E+01
200300.623     3004188    26775354  0.631E-03  0.792E-03  0.290E-01  0.878E+05  0.140E+01
201300.643     3013433    26885248  0.628E-03  0.784E-03  0.290E-01  0.733E+05  0.148E+01
202300.630     3022663    26995473  0.625E-03  0.777E-03  0.290E-01  0.880E+05  0.150E+01
203300.618     3031948    27106745  0.622E-03  0.769E-03  0.290E-01  0.775E+05  0.184E+01
204300.639     3041122    27217563  0.619E-03  0.762E-03  0.290E-01  0.882E+05  0.155E+01
205300.626     3050345    27328413  0.616E-03  0.755E-03  0.290E-01  0.848E+05  0.147E+01
210300.627     3059386    27438899  0.611E-03  0.748E-03  0.290E-01  0.803E+05  0.134E+01
211300.642     3068430    27549317  0.608E-03  0.740E-03  0.290E-01  0.912E+05  0.136E+01
212300.652     3077711    27659561  0.607E-03  0.734E-03  0.290E-01  0.796E+05  0.143E+01
213300.638     3086974    27769835  0.601E-03  0.727E-03  0.290E-01  0.729E+05  0.129E+01
214300.623     3096366    27880456  0.601E-03  0.719E-03  0.290E-01  0.951E+05  0.119E+01
215300.654     3105651    27991356  0.594E-03  0.712E-03  0.290E-01  0.838E+05  0.138E+01
220300.643     3114767    28102017  0.592E-03  0.706E-03  0.290E-01  0.802E+05  0.164E+01
221300.638     3123886    28212683  0.588E-03  0.700E-03  0.290E-01  0.956E+05  0.143E+01
222300.663     3132869    28323674  0.583E-03  0.695E-03  0.290E-01  0.105E+06  0.144E+01
223300.641     3142226    28434357  0.585E-03  0.686E-03  0.290E-01  0.107E+06  0.150E+01
224300.629     3151403    28545143  0.581E-03  0.680E-03  0.290E-01  0.999E+05  0.150E+01
225300.649     3160534    28656425  0.579E-03  0.674E-03  0.290E-01  0.719E+05  0.154E+01
230300.810     3169756    28767160  0.411E-03  0.496E-03  0.290E-01  0.679E+05  0.136E+01
231300.624     3179003    28877955  0.576E-03  0.662E-03  0.290E-01  0.102E+06  0.157E+01
232300.639     3188162    28988735  0.572E-03  0.656E-03  0.290E-01  0.119E+06  0.134E+01
233300.641     3197351    29099230  0.570E-03  0.650E-03  0.290E-01  0.997E+05  0.137E+01
234300.653     3206404    29209377  0.566E-03  0.644E-03  0.290E-01  0.977E+05  0.157E+01
235300.630     3215619    29319375  0.565E-03  0.638E-03  0.290E-01  0.775E+05  0.129E+01
000300.618     3224868    29430531  0.562E-03  0.632E-03  0.290E-01  0.898E+05  0.130E+01
001300.662     3233783    29538957  0.559E-03  0.627E-03  0.290E-01  0.732E+05  0.149E+01
002300.770     3242701    29647209  0.616E-03  0.631E-03  0.290E-01  0.948E+05  0.154E+01
003300.650     3251930    29756882  0.560E-03  0.615E-03  0.290E-01  0.116E+06  0.130E+01
004300.642     3260131    29855199  0.559E-03  0.609E-03  0.290E-01  0.905E+05  0.123E+01
005300.631     3268193    29953722  0.549E-03  0.604E-03  0.290E-01  0.121E+06  0.136E+01
010300.630     3276151    30051788  0.547E-03  0.599E-03  0.290E-01  0.775E+05  0.117E+01
011300.651     3284570    30152111  0.547E-03  0.594E-03  0.290E-01  0.109E+06  0.149E+01
012300.646     3293724    30262518  0.541E-03  0.589E-03  0.290E-01  0.103E+06  0.138E+01
013300.647     3303014    30373628  0.543E-03  0.583E-03  0.290E-01  0.112E+06  0.155E+01
014300.699     3311586    30476093  0.540E-03  0.578E-03  0.290E-01  0.102E+06  0.146E+01
015300.666     3319617    30574351  0.536E-03  0.574E-03  0.290E-01  0.772E+05  0.150E+01
020300.651     3327715    30672470  0.530E-03  0.571E-03  0.290E-01  0.939E+05  0.135E+01
021300.642     3335776    30769127  0.531E-03  0.566E-03  0.290E-01  0.100E+06  0.130E+01
022300.658     3344761    30877047  0.532E-03  0.559E-03  0.290E-01  0.832E+05  0.143E+01
023300.651     3353879    30987406  0.527E-03  0.554E-03  0.290E-01  0.786E+05  0.127E+01
024300.652     3362839    31097212  0.525E-03  0.550E-03  0.290E-01  0.883E+05  0.133E+01
025300.647     3371878    31207036  0.521E-03  0.545E-03  0.290E-01  0.708E+05  0.149E+01
030300.640     3381043    31318087  0.518E-03  0.541E-03  0.290E-01  0.124E+06  0.122E+01
031300.619     3390162    31427819  0.516E-03  0.537E-03  0.290E-01  0.852E+05  0.145E+01
032300.654     3399320    31538588  0.513E-03  0.532E-03  0.290E-01  0.820E+05  0.136E+01
033300.619     3408439    31649047  0.511E-03  0.528E-03  0.290E-01  0.745E+05  0.146E+01
034300.623     3417673    31760284  0.512E-03  0.522E-03  0.290E-01  0.126E+06  0.144E+01
035300.634     3426704    31868513  0.504E-03  0.519E-03  0.290E-01  0.942E+05  0.134E+01
040300.640     3435849    31978329  0.504E-03  0.514E-03  0.290E-01  0.905E+05  0.126E+01
041300.638     3444748    32087207  0.499E-03  0.511E-03  0.290E-01  0.733E+05  0.132E+01
042300.646     3453694    32197135  0.498E-03  0.507E-03  0.290E-01  0.955E+05  0.144E+01
043300.638     3462914    32307664  0.499E-03  0.503E-03  0.290E-01  0.132E+06  0.150E+01
044300.638     3471895    32416658  0.499E-03  0.498E-03  0.290E-01  0.987E+05  0.130E+01
045300.647     3480880    32526424  0.495E-03  0.493E-03  0.290E-01  0.944E+05  0.129E+01
050300.652     3489832    32635612  0.493E-03  0.489E-03  0.290E-01  0.879E+05  0.129E+01
051300.647     3498609    32744540  0.485E-03  0.486E-03  0.290E-01  0.905E+05  0.145E+01
052300.642     3507668    32853872  0.488E-03  0.481E-03  0.290E-01  0.901E+05  0.120E+01
053300.645     3516631    32964064  0.486E-03  0.477E-03  0.290E-01  0.633E+05  0.139E+01
054300.614     3525844    33075590  0.481E-03  0.473E-03  0.290E-01  0.106E+06  0.157E+01
055300.652     3535368    33189655  0.482E-03  0.468E-03  0.290E-01  0.101E+06  0.146E+01
060300.637     3544583    33301671  0.480E-03  0.464E-03  0.290E-01  0.812E+05  0.139E+01
061300.622     3553405    33409231  0.479E-03  0.459E-03  0.290E-01  0.858E+05  0.131E+01
062300.655     3562222    33518087  0.475E-03  0.456E-03  0.290E-01  0.863E+05  0.155E+01
063300.662     3571112    33627494  0.473E-03  0.453E-03  0.290E-01  0.113E+06  0.131E+01
064300.618     3579855    33736635  0.471E-03  0.450E-03  0.290E-01  0.709E+05  0.158E+01
065300.642     3588793    33845700  0.469E-03  0.447E-03  0.290E-01  0.934E+05  0.135E+01
070300.749     3597786    33955077  0.463E-03  0.430E-03  0.290E-01  0.731E+05  0.123E+01
071300.616     3606741    34064500  0.468E-03  0.439E-03  0.290E-01  0.725E+05  0.135E+01
072300.639     3615649    34173929  0.462E-03  0.436E-03  0.290E-01  0.947E+05  0.131E+01
073300.631     3624424    34282596  0.458E-03  0.434E-03  0.290E-01  0.101E+06  0.128E+01
074300.648     3633261    34392232  0.457E-03  0.430E-03  0.290E-01  0.843E+05  0.131E+01
075300.628     3642070    34500110  0.454E-03  0.427E-03  0.290E-01  0.878E+05  0.142E+01
080300.649     3650823    34609131  0.453E-03  0.424E-03  0.290E-01  0.104E+06  0.149E+01
081300.632     3659582    34717625  0.451E-03  0.421E-03  0.290E-01  0.935E+05  0.118E+01
082300.620     3668390    34825715  0.450E-03  0.418E-03  0.290E-01  0.117E+06  0.162E+01
083300.636     3677403    34935550  0.449E-03  0.415E-03  0.290E-01  0.875E+05  0.116E+01
084300.621     3686498    35045926  0.447E-03  0.412E-03  0.290E-01  0.966E+05  0.162E+01
085300.648     3695416    35154651  0.445E-03  0.408E-03  0.290E-01  0.954E+05  0.136E+01
090300.658     3704229    35262553  0.444E-03  0.404E-03  0.290E-01  0.912E+05  0.147E+01
091300.621     3713361    35372737  0.445E-03  0.400E-03  0.290E-01  0.990E+05  0.132E+01
092300.630     3722215    35482046  0.441E-03  0.398E-03  0.290E-01  0.845E+05  0.158E+01
093300.854     3731055    35590759  0.347E-03  0.316E-03  0.290E-01  0.785E+05  0.147E+01
094300.655     3739835    35700321  0.436E-03  0.392E-03  0.290E-01  0.137E+06  0.130E+01
095300.640     3748647    35808575  0.435E-03  0.389E-03  0.290E-01  0.106E+06  0.129E+01
100300.637     3757525    35916432  0.434E-03  0.385E-03  0.290E-01  0.943E+05  0.139E+01
101300.650     3766247    36025637  0.434E-03  0.382E-03  0.290E-01  0.103E+06  0.135E+01
102300.621     3775032    36134877  0.430E-03  0.380E-03  0.290E-01  0.761E+05  0.122E+01
103300.621     3783623    36242097  0.429E-03  0.377E-03  0.290E-01  0.108E+06  0.146E+01
104300.613     3792292    36350515  0.423E-03  0.376E-03  0.290E-01  0.808E+05  0.154E+01
105300.634     3801142    36460302  0.425E-03  0.372E-03  0.290E-01  0.108E+06  0.132E+01
110300.619     3809790    36569594  0.423E-03  0.370E-03  0.290E-01  0.835E+05  0.135E+01
111300.635     3818713    36679815  0.422E-03  0.367E-03  0.290E-01  0.977E+05  0.138E+01
112300.636     3827565    36787986  0.422E-03  0.364E-03  0.290E-01  0.770E+05  0.119E+01
113300.643     3836204    36896350  0.421E-03  0.362E-03  0.290E-01  0.827E+05  0.116E+01
114300.644     3845264    37006780  0.420E-03  0.359E-03  0.290E-01  0.921E+05  0.125E+01
115300.647     3853937    37115681  0.417E-03  0.357E-03  0.290E-01  0.922E+05  0.121E+01
120300.906     3862786    37224451  0.459E-03  0.385E-03  0.290E-01  0.114E+06  0.134E+01
121300.621     3871574    37333390  0.413E-03  0.353E-03  0.290E-01  0.696E+05  0.132E+01
122300.620     3880484    37443525  0.411E-03  0.351E-03  0.290E-01  0.104E+06  0.125E+01
123300.642     3889316    37553276  0.412E-03  0.348E-03  0.290E-01  0.848E+05  0.132E+01
124300.653     3898140    37662937  0.410E-03  0.346E-03  0.290E-01  0.906E+05  0.145E+01
125300.652     3906940    37771904  0.411E-03  0.343E-03  0.290E-01  0.909E+05  0.119E+01
130300.621     3915641    37879878  0.410E-03  0.340E-03  0.290E-01  0.852E+05  0.143E+01
131300.646     3924558    37987764  0.407E-03  0.337E-03  0.290E-01  0.824E+05  0.133E+01
132300.646     3933384    38095510  0.409E-03  0.335E-03  0.290E-01  0.112E+06  0.122E+01
133300.621     3942046    38203394  0.406E-03  0.333E-03  0.290E-01  0.101E+06  0.155E+01
134300.657     3951088    38313451  0.404E-03  0.330E-03  0.290E-01  0.102E+06  0.113E+01
135300.648     3959944    38423857  0.398E-03  0.329E-03  0.290E-01  0.995E+05  0.140E+01
140300.619     3968794    38534343  0.398E-03  0.327E-03  0.290E-01  0.117E+06  0.138E+01
141300.647     3977575    38644639  0.395E-03  0.324E-03  0.290E-01  0.898E+05  0.140E+01
142300.620     3986576    38754837  0.393E-03  0.322E-03  0.290E-01  0.675E+05  0.144E+01
143300.644     3995398    38863534  0.393E-03  0.321E-03  0.290E-01  0.889E+05  0.138E+01
144300.625     4004003    38972045  0.391E-03  0.319E-03  0.290E-01  0.851E+05  0.150E+01
145300.614     4012755    39081061  0.389E-03  0.316E-03  0.290E-01  0.993E+05  0.140E+01
150300.615     4021520    39190147  0.389E-03  0.314E-03  0.290E-01  0.752E+05  0.120E+01
151300.621     4030240    39298577  0.386E-03  0.312E-03  0.290E-01  0.102E+06  0.154E+01
152300.793     4038966    39406744  0.540E-03  0.379E-03  0.290E-01  0.106E+06  0.145E+01
153300.639     4047700    39516021  0.385E-03  0.308E-03  0.290E-01  0.891E+05  0.120E+01
154300.637     4056496    39625341  0.385E-03  0.306E-03  0.290E-01  0.114E+06  0.148E+01
155300.658     4065371    39735015  0.383E-03  0.304E-03  0.290E-01  0.971E+05  0.130E+01
160300.629     4074224    39845291  0.384E-03  0.302E-03  0.290E-01  0.791E+05  0.985E+00
161300.623     4083271    39957064  0.380E-03  0.300E-03  0.290E-01  0.968E+05  0.131E+01
162300.624     4092181    40066895  0.378E-03  0.298E-03  0.290E-01  0.845E+05  0.125E+01
163300.637     4101037    40175846  0.379E-03  0.296E-03  0.290E-01  0.747E+05  0.121E+01
164300.622     4109837    40285275  0.376E-03  0.294E-03  0.290E-01  0.102E+06  0.132E+01
165300.646     4118458    40394034  0.375E-03  0.292E-03  0.290E-01  0.883E+05  0.109E+01
170300.642     4127390    40504370  0.372E-03  0.291E-03  0.290E-01  0.101E+06  0.131E+01
171300.848     4136352    40614386  0.296E-03  0.233E-03  0.290E-01  0.907E+05  0.155E+01
172300.641     4144895    40724534  0.370E-03  0.287E-03  0.290E-01  0.802E+05  0.132E+01
173300.646     4153672    40833438  0.370E-03  0.285E-03  0.290E-01  0.908E+05  0.138E+01
174300.637     4162299    40942357  0.365E-03  0.284E-03  0.290E-01  0.804E+05  0.134E+01
175300.628     4171027    41051112  0.366E-03  0.283E-03  0.290E-01  0.802E+05  0.133E+01
180300.642     4179922    41161666  0.366E-03  0.281E-03  0.290E-01  0.118E+06  0.124E+01
181300.628     4188718    41271308  0.366E-03  0.279E-03  0.290E-01  0.929E+05  0.113E+01
182300.631     4197426    41380400  0.364E-03  0.278E-03  0.290E-01  0.101E+06  0.137E+01
183300.616     4206261    41490163  0.361E-03  0.276E-03  0.290E-01  0.111E+06  0.141E+01
184300.661     4214990    41599113  0.358E-03  0.275E-03  0.290E-01  0.898E+05  0.131E+01
185300.618     4223821    41707916  0.356E-03  0.273E-03  0.290E-01  0.881E+05  0.133E+01
190300.636     4232468    41816581  0.356E-03  0.272E-03  0.290E-01  0.772E+05  0.132E+01
191300.654     4240977    41925547  0.352E-03  0.270E-03  0.290E-01  0.845E+05  0.127E+01
192300.666     4249715    42034608  0.351E-03  0.269E-03  0.290E-01  0.124E+06  0.140E+01
193300.637     4258350    42142749  0.350E-03  0.268E-03  0.290E-01  0.993E+05  0.120E+01
194300.638     4267020    42251804  0.350E-03  0.267E-03  0.290E-01  0.838E+05  0.122E+01
195300.642     4275802    42359654  0.350E-03  0.265E-03  0.290E-01  0.949E+05  0.108E+01
200300.643     4284577    42468929  0.348E-03  0.264E-03  0.290E-01  0.786E+05  0.126E+01
201300.664     4293140    42576460  0.346E-03  0.263E-03  0.290E-01  0.750E+05  0.155E+01
202300.619     4301942    42686320  0.351E-03  0.261E-03  0.290E-01  0.791E+05  0.117E+01
203300.637     4310523    42795164  0.351E-03  0.259E-03  0.290E-01  0.791E+05  0.113E+01
204300.638     4319180    42903466  0.348E-03  0.257E-03  0.290E-01  0.919E+05  0.108E+01
205300.613     4327606    43010872  0.347E-03  0.256E-03  0.290E-01  0.907E+05  0.149E+01
210300.628     4336326    43119404  0.346E-03  0.255E-03  0.290E-01  0.824E+05  0.134E+01
211300.635     4344906    43228074  0.346E-03  0.253E-03  0.290E-01  0.845E+05  0.140E+01
212300.654     4353470    43335959  0.343E-03  0.251E-03  0.290E-01  0.875E+05  0.109E+01
213300.646     4362082    43444547  0.341E-03  0.250E-03  0.290E-01  0.844E+05  0.111E+01
214300.633     4370743    43553735  0.340E-03  0.249E-03  0.290E-01  0.951E+05  0.135E+01
215300.654     4379308    43661688  0.339E-03  0.248E-03  0.290E-01  0.664E+05  0.118E+01
220300.617     4387956    43770552  0.336E-03  0.247E-03  0.290E-01  0.108E+06  0.126E+01
221300.644     4396490    43877828  0.334E-03  0.246E-03  0.290E-01  0.995E+05  0.121E+01
222300.636     4405321    43987704  0.333E-03  0.245E-03  0.290E-01  0.109E+06  0.113E+01
223300.624     4413946    44095918  0.329E-03  0.244E-03  0.290E-01  0.744E+05  0.120E+01
224300.738     4422547    44205074  0.437E-03  0.310E-03  0.290E-01  0.111E+06  0.123E+01
225300.621     4431140    44313354  0.327E-03  0.243E-03  0.290E-01  0.959E+05  0.130E+01
230300.623     4439678    44421551  0.327E-03  0.242E-03  0.290E-01  0.105E+06  0.129E+01
231300.650     4448302    44531436  0.325E-03  0.241E-03  0.290E-01  0.133E+06  0.122E+01
232300.648     4456872    44639715  0.327E-03  0.240E-03  0.290E-01  0.916E+05  0.121E+01
233300.624     4465582    44749610  0.329E-03  0.239E-03  0.290E-01  0.998E+05  0.122E+01
234300.639     4474116    44858743  0.326E-03  0.238E-03  0.290E-01  0.812E+05  0.142E+01
235300.631     4482695    44967004  0.327E-03  0.238E-03  0.290E-01  0.872E+05  0.145E+01
000300.640     4491381    45077694  0.326E-03  0.237E-03  0.290E-01  0.125E+06  0.141E+01
001300.647     4499956    45187576  0.325E-03  0.236E-03  0.290E-01  0.809E+05  0.151E+01
002300.640     4508583    45294464  0.326E-03  0.234E-03  0.290E-01  0.778E+05  0.150E+01
003300.613     4516726    45397526  0.326E-03  0.233E-03  0.290E-01  0.104E+06  0.133E+01
004300.616     4524233    45492958  0.325E-03  0.232E-03  0.290E-01  0.101E+06  0.151E+01
005300.686     4531920    45589321  0.323E-03  0.231E-03  0.290E-01  0.885E+05  0.123E+01
010300.617     4539549    45686386  0.326E-03  0.230E-03  0.290E-01  0.105E+06  0.124E+01
011300.935     4547328    45784580  0.287E-03  0.183E-03  0.290E-01  0.976E+05  0.138E+01
012300.623     4554955    45881827  0.322E-03  0.228E-03  0.290E-01  0.807E+05  0.144E+01
013300.672     4563018    45983563  0.321E-03  0.227E-03  0.290E-01  0.925E+05  0.128E+01
014300.658     4570717    46081260  0.316E-03  0.227E-03  0.290E-01  0.109E+06  0.142E+01
015300.651     4578447    46179501  0.316E-03  0.226E-03  0.290E-01  0.807E+05  0.160E+01
020300.623     4586189    46277795  0.319E-03  0.225E-03  0.290E-01  0.803E+05  0.130E+01
021300.620     4593896    46375705  0.315E-03  0.225E-03  0.290E-01  0.879E+05  0.151E+01
022300.640     4601555    46473989  0.315E-03  0.224E-03  0.290E-01  0.887E+05  0.137E+01
023300.616     4609261    46571956  0.314E-03  0.224E-03  0.290E-01  0.103E+06  0.138E+01
024300.674     4616939    46669618  0.313E-03  0.223E-03  0.290E-01  0.979E+05  0.127E+01
025300.620     4624701    46767500  0.312E-03  0.222E-03  0.290E-01  0.784E+05  0.969E+00
030300.623     4632526    46865496  0.312E-03  0.222E-03  0.290E-01  0.129E+06  0.111E+01
031300.645     4640290    46963240  0.311E-03  0.221E-03  0.290E-01  0.113E+06  0.123E+01
032300.644     4647957    47061021  0.312E-03  0.220E-03  0.290E-01  0.102E+06  0.128E+01
033300.617     4655795    47158701  0.311E-03  0.220E-03  0.290E-01  0.931E+05  0.139E+01
034300.659     4663523    47256856  0.311E-03  0.219E-03  0.290E-01  0.819E+05  0.123E+01
035300.617     4671342    47355595  0.312E-03  0.218E-03  0.290E-01  0.980E+05  0.143E+01
040300.660     4678981    47453619  0.311E-03  0.217E-03  0.290E-01  0.999E+05  0.143E+01
041300.623     4686777    47551137  0.312E-03  0.216E-03  0.290E-01  0.105E+06  0.117E+01
042300.654     4694425    47648828  0.310E-03  0.216E-03  0.290E-01  0.910E+05  0.141E+01
043300.620     4702321    47746899  0.310E-03  0.215E-03  0.290E-01  0.101E+06  0.127E+01
044300.632     4710159    47845095  0.309E-03  0.214E-03  0.290E-01  0.973E+05  0.127E+01
045300.641     4717952    47943595  0.310E-03  0.213E-03  0.290E-01  0.784E+05  0.137E+01
050300.636     4725675    48041478  0.308E-03  0.212E-03  0.290E-01  0.106E+06  0.133E+01
051300.619     4733291    48139206  0.306E-03  0.212E-03  0.290E-01  0.983E+05  0.131E+01
052300.625     4741014    48236944  0.309E-03  0.211E-03  0.290E-01  0.924E+05  0.130E+01
053300.615     4748763    48334903  0.307E-03  0.210E-03  0.290E-01  0.981E+05  0.133E+01
054300.649     4756575    48435210  0.307E-03  0.210E-03  0.290E-01  0.845E+05  0.114E+01
055300.661     4764473    48535416  0.307E-03  0.209E-03  0.290E-01  0.933E+05  0.149E+01
060300.622     4772156    48633308  0.305E-03  0.208E-03  0.290E-01  0.869E+05  0.151E+01
061300.637     4779837    48731643  0.303E-03  0.207E-03  0.290E-01  0.727E+05  0.149E+01
062300.632     4787665    48830296  0.302E-03  0.207E-03  0.290E-01  0.891E+05  0.126E+01
063300.619     4795431    48928049  0.301E-03  0.206E-03  0.290E-01  0.804E+05  0.135E+01
064300.618     4803077    49025210  0.301E-03  0.206E-03  0.290E-01  0.871E+05  0.140E+01
065300.625     4810869    49123305  0.301E-03  0.205E-03  0.290E-01  0.136E+06  0.144E+01
070300.751     4818483    49220513  0.287E-03  0.224E-03  0.290E-01  0.105E+06  0.126E+01
071300.647     4826178    49318044  0.300E-03  0.204E-03  0.290E-01  0.987E+05  0.139E+01
072300.645     4833882    49415584  0.300E-03  0.203E-03  0.290E-01  0.101E+06  0.134E+01
073300.677     4841573    49513188  0.297E-03  0.203E-03  0.290E-01  0.974E+05  0.153E+01
074300.634     4849198    49610540  0.297E-03  0.202E-03  0.290E-01  0.107E+06  0.146E+01
075300.634     4857172    49712244  0.297E-03  0.202E-03  0.290E-01  0.997E+05  0.128E+01
080300.623     4864887    49810125  0.298E-03  0.201E-03  0.290E-01  0.922E+05  0.132E+01
081300.621     4872606    49908118  0.296E-03  0.201E-03  0.290E-01  0.110E+06  0.136E+01
082300.677     4880364    50006685  0.296E-03  0.200E-03  0.290E-01  0.724E+05  0.147E+01
083300.648     4888088    50104575  0.297E-03  0.199E-03  0.290E-01  0.108E+06  0.134E+01
084300.635     4895626    50203088  0.295E-03  0.199E-03  0.290E-01  0.981E+05  0.133E+01
085300.655     4903938    50305370  0.298E-03  0.198E-03  0.290E-01  0.739E+05  0.124E+01
090300.653     4912601    50415794  0.294E-03  0.198E-03  0.290E-01  0.936E+05  0.141E+01
091300.636     4921371    50526788  0.293E-03  0.197E-03  0.290E-01  0.894E+05  0.137E+01
092300.643     4930142    50637812  0.295E-03  0.196E-03  0.290E-01  0.101E+06  0.136E+01
093300.650     4938890    50748822  0.294E-03  0.196E-03  0.290E-01  0.102E+06  0.130E+01
094300.653     4947726    50859878  0.296E-03  0.195E-03  0.290E-01  0.110E+06  0.145E+01
095300.623     4956484    50971517  0.293E-03  0.195E-03  0.290E-01  0.857E+05  0.126E+01
100300.638     4965152    51082664  0.294E-03  0.194E-03  0.290E-01  0.943E+05  0.144E+01
101300.650     4973811    51194461  0.295E-03  0.193E-03  0.290E-01  0.106E+06  0.130E+01
102300.622     4982599    51305500  0.294E-03  0.193E-03  0.290E-01  0.793E+05  0.129E+01
103300.650     4991212    51416681  0.293E-03  0.192E-03  0.290E-01  0.708E+05  0.137E+01
104300.623     5000019    51527751  0.292E-03  0.192E-03  0.290E-01  0.776E+05  0.143E+01
105300.625     5008744    51638768  0.291E-03  0.191E-03  0.290E-01  0.100E+06  0.139E+01
110300.642     5017335    51750581  0.290E-03  0.191E-03  0.290E-01  0.699E+05  0.140E+01
111300.638     5026035    51861293  0.290E-03  0.190E-03  0.290E-01  0.843E+05  0.125E+01
112300.666     5034722    51971377  0.268E-03  0.178E-03  0.290E-01  0.758E+05  0.136E+01
113300.642     5043481    52082457  0.290E-03  0.189E-03  0.290E-01  0.929E+05  0.138E+01
114300.614     5052219    52192873  0.289E-03  0.188E-03  0.290E-01  0.943E+05  0.134E+01
115300.652     5060865    52304593  0.288E-03  0.188E-03  0.290E-01  0.109E+06  0.128E+01
120300.640     5069387    52414510  0.285E-03  0.187E-03  0.290E-01  0.722E+05  0.159E+01
121300.648     5078144    52525022  0.287E-03  0.186E-03  0.290E-01  0.963E+05  0.141E+01
122300.623     5086650    52634450  0.287E-03  0.186E-03  0.290E-01  0.923E+05  0.125E+01
123300.654     5095179    52743689  0.285E-03  0.186E-03  0.290E-01  0.833E+05  0.149E+01
124300.643     5103683    52852394  0.285E-03  0.185E-03  0.290E-01  0.799E+05  0.145E+01
125300.638     5112252    52962012  0.286E-03  0.185E-03  0.290E-01  0.972E+05  0.157E+01
130300.647     5120837    53071372  0.285E-03  0.184E-03  0.290E-01  0.645E+05  0.144E+01
131300.627     5129203    53180227  0.286E-03  0.184E-03  0.290E-01  0.847E+05  0.149E+01
132300.640     5137898    53289871  0.285E-03  0.183E-03  0.290E-01  0.855E+05  0.155E+01
133300.615     5146512    53399810  0.286E-03  0.183E-03  0.290E-01  0.847E+05  0.125E+01
134300.651     5154948    53507720  0.285E-03  0.182E-03  0.290E-01  0.922E+05  0.154E+01
135300.657     5163511    53616893  0.283E-03  0.182E-03  0.290E-01  0.842E+05  0.139E+01
140300.646     5172135    53726244  0.281E-03  0.182E-03  0.290E-01  0.105E+06  0.122E+01
141300.619     5180776    53834691  0.282E-03  0.181E-03  0.290E-01  0.104E+06  0.158E+01
142300.619     5189419    53944602  0.282E-03  0.181E-03  0.290E-01  0.662E+05  0.129E+01
143300.617     5197996    54054330  0.282E-03  0.180E-03  0.290E-01  0.772E+05  0.141E+01
144300.647     5206657    54163983  0.281E-03  0.180E-03  0.290E-01  0.839E+05  0.131E+01
145300.651     5215214    54272916  0.283E-03  0.179E-03  0.290E-01  0.698E+05  0.127E+01
150300.622     5223742    54382394  0.283E-03  0.178E-03  0.290E-01  0.815E+05  0.988E+00
151300.626     5232364    54491880  0.281E-03  0.178E-03  0.290E-01  0.113E+06  0.128E+01
152300.644     5240735    54600107  0.281E-03  0.178E-03  0.290E-01  0.811E+05  0.123E+01
153300.647     5249260    54709655  0.280E-03  0.177E-03  0.290E-01  0.107E+06  0.121E+01
154300.617     5257800    54818192  0.281E-03  0.177E-03  0.290E-01  0.913E+05  0.132E+01
155300.634     5266484    54925989  0.282E-03  0.176E-03  0.290E-01  0.716E+05  0.112E+01
160300.624     5275150    55034537  0.279E-03  0.175E-03  0.290E-01  0.844E+05  0.138E+01
161300.650     5283889    55143524  0.279E-03  0.175E-03  0.290E-01  0.800E+05  0.120E+01
162300.646     5292557    55253820  0.278E-03  0.175E-03  0.290E-01  0.927E+05  0.163E+01
163300.650     5300995    55362991  0.280E-03  0.174E-03  0.290E-01  0.979E+05  0.121E+01
164300.638     5309574    55472415  0.277E-03  0.174E-03  0.290E-01  0.598E+05  0.138E+01
165300.614     5318123    55582049  0.276E-03  0.173E-03  0.290E-01  0.941E+05  0.128E+01
170300.647     5326536    55691269  0.278E-03  0.173E-03  0.290E-01  0.103E+06  0.130E+01
171300.611     5335214    55800503  0.277E-03  0.173E-03  0.290E-01  0.999E+05  0.120E+01
172300.627     5343708    55909824  0.277E-03  0.172E-03  0.290E-01  0.686E+05  0.118E+01
173300.642     5352327    56020897  0.277E-03  0.172E-03  0.290E-01  0.918E+05  0.109E+01
174300.620     5360751    56129397  0.276E-03  0.171E-03  0.290E-01  0.760E+05  0.122E+01
175300.652     5369173    56237566  0.276E-03  0.171E-03  0.290E-01  0.773E+05  0.121E+01
180300.645     5377853    56348263  0.275E-03  0.171E-03  0.290E-01  0.969E+05  0.123E+01
181300.672     5386403    56457585  0.274E-03  0.171E-03  0.290E-01  0.108E+06  0.131E+01
182300.650     5394899    56566773  0.275E-03  0.170E-03  0.290E-01  0.136E+06  0.123E+01
183300.644     5403523    56676361  0.276E-03  0.170E-03  0.290E-01  0.841E+05  0.133E+01
184300.640     5412015    56785283  0.275E-03  0.170E-03  0.290E-01  0.552E+05  0.162E+01
185300.638     5420443    56893387  0.277E-03  0.169E-03  0.290E-01  0.107E+06  0.148E+01
190300.620     5428766    57001327  0.275E-03  0.169E-03  0.290E-01  0.929E+05  0.142E+01
191300.619     5437353    57110915  0.274E-03  0.169E-03  0.290E-01  0.752E+05  0.143E+01
192300.623     5445894    57220161  0.275E-03  0.168E-03  0.290E-01  0.820E+05  0.134E+01
193300.643     5454392    57328896  0.274E-03  0.168E-03  0.290E-01  0.786E+05  0.132E+01
194300.884     5463047    57437009  0.278E-03  0.141E-03  0.290E-01  0.768E+05  0.161E+01
195300.639     5471621    57546205  0.276E-03  0.167E-03  0.290E-01  0.866E+05  0.113E+01
200300.632     5480131    57654501  0.273E-03  0.167E-03  0.290E-01  0.109E+06  0.139E+01
201300.645     5488659    57763652  0.274E-03  0.166E-03  0.290E-01  0.956E+05  0.155E+01
202300.644     5497066    57871663  0.274E-03  0.166E-03  0.290E-01  0.718E+05  0.130E+01
203300.643     5505609    57979450  0.274E-03  0.165E-03  0.290E-01  0.907E+05  0.156E+01
204300.651     5514066    58086948  0.273E-03  0.165E-03  0.290E-01  0.883E+05  0.149E+01
205300.638     5522635    58196218  0.270E-03  0.164E-03  0.290E-01  0.110E+06  0.148E+01
210300.616     5531191    58306007  0.271E-03  0.164E-03  0.290E-01  0.134E+06  0.156E+01
211300.620     5539862    58415913  0.270E-03  0.164E-03  0.290E-01  0.101E+06  0.134E+01
212300.639     5548326    58523951  0.269E-03  0.164E-03  0.290E-01  0.849E+05  0.140E+01
213300.652     5556784    58632803  0.269E-03  0.163E-03  0.290E-01  0.891E+05  0.145E+01
214300.625     5565324    58742809  0.270E-03  0.163E-03  0.290E-01  0.651E+05  0.130E+01
215300.638     5573800    58852295  0.267E-03  0.163E-03  0.290E-01  0.937E+05  0.142E+01
220300.625     5582345    58960225  0.269E-03  0.162E-03  0.290E-01  0.882E+05  0.124E+01
221300.636     5590923    59070979  0.268E-03  0.162E-03  0.290E-01  0.107E+06  0.125E+01
222300.644     5599510    59179336  0.271E-03  0.162E-03  0.290E-01  0.854E+05  0.136E+01
223300.619     5608200    59288878  0.270E-03  0.161E-03  0.290E-01  0.996E+05  0.142E+01
224300.652     5616708    59398358  0.267E-03  0.161E-03  0.290E-01  0.857E+05  0.166E+01
225300.637     5625381    59508575  0.268E-03  0.161E-03  0.290E-01  0.797E+05  0.164E+01
230300.654     5634055    59618408  0.269E-03  0.160E-03  0.290E-01  0.103E+06  0.156E+01
231300.642     5642768    59727889  0.268E-03  0.160E-03  0.290E-01  0.697E+05  0.154E+01
232300.635     5651263    59837393  0.268E-03  0.160E-03  0.290E-01  0.798E+05  0.163E+01
233300.622     5659802    59945914  0.269E-03  0.159E-03  0.290E-01  0.906E+05  0.151E+01
234300.616     5668359    60055191  0.268E-03  0.159E-03  0.290E-01  0.863E+05  0.168E+01
235300.651     5676736    60163472  0.269E-03  0.159E-03  0.290E-01  0.841E+05  0.164E+01
000300.656     5685357    60272916  0.270E-03  0.158E-03  0.290E-01  0.821E+05  0.141E+01
001300.612     5694018    60382775  0.270E-03  0.158E-03  0.290E-01  0.807E+05  0.156E+01
002300.635     5702240    60488965  0.271E-03  0.157E-03  0.290E-01  0.746E+05  0.138E+01
003300.642     5710511    60596803  0.270E-03  0.156E-03  0.290E-01  0.894E+05  0.114E+01
004300.659     5718040    60692829  0.269E-03  0.156E-03  0.290E-01  0.108E+06  0.148E+01
005300.641     5725655    60789798  0.269E-03  0.156E-03  0.290E-01  0.107E+06  0.134E+01
010300.620     5733121    60886722  0.267E-03  0.156E-03  0.290E-01  0.939E+05  0.119E+01
011300.616     5740583    60981894  0.267E-03  0.156E-03  0.290E-01  0.129E+06  0.111E+01
012300.622     5748173    61078610  0.264E-03  0.156E-03  0.290E-01  0.112E+06  0.124E+01
013300.618     5755797    61175282  0.265E-03  0.156E-03  0.290E-01  0.106E+06  0.125E+01
014300.923     5763351    61272957  0.292E-03  0.166E-03  0.290E-01  0.861E+05  0.142E+01
015300.644     5770996    61370902  0.265E-03  0.155E-03  0.290E-01  0.694E+05  0.129E+01
020300.664     5778599    61468865  0.266E-03  0.155E-03  0.290E-01  0.801E+05  0.136E+01
021300.615     5786220    61566653  0.266E-03  0.155E-03  0.290E-01  0.724E+05  0.139E+01
022300.651     5793743    61664168  0.266E-03  0.155E-03  0.290E-01  0.651E+05  0.136E+01
023300.620     5801387    61762177  0.266E-03  0.154E-03  0.290E-01  0.867E+05  0.147E+01
024300.661     5809112    61860469  0.267E-03  0.154E-03  0.290E-01  0.746E+05  0.161E+01
025300.652     5817014    61959132  0.267E-03  0.154E-03  0.290E-01  0.117E+06  0.138E+01
030300.666     5824577    62057737  0.265E-03  0.154E-03  0.290E-01  0.965E+05  0.155E+01
031300.629     5832203    62155824  0.267E-03  0.153E-03  0.290E-01  0.938E+05  0.134E+01
032300.669     5839959    62253786  0.265E-03  0.153E-03  0.290E-01  0.774E+05  0.134E+01
033300.635     5847717    62351401  0.267E-03  0.153E-03  0.290E-01  0.836E+05  0.133E+01
034300.615     5855433    62450078  0.265E-03  0.153E-03  0.290E-01  0.931E+05  0.144E+01
035300.610     5863085    62548525  0.266E-03  0.152E-03  0.290E-01  0.878E+05  0.121E+01
040300.614     5870629    62647359  0.267E-03  0.152E-03  0.290E-01  0.113E+06  0.129E+01
041300.655     5878325    62745545  0.265E-03  0.151E-03  0.290E-01  0.843E+05  0.117E+01
042300.653     5886105    62844274  0.350E-03  0.207E-03  0.290E-01  0.110E+06  0.142E+01
043300.669     5893894    62942702  0.265E-03  0.151E-03  0.290E-01  0.824E+05  0.136E+01
044300.630     5901444    63040612  0.265E-03  0.150E-03  0.290E-01  0.840E+05  0.133E+01
045300.646     5909022    63138658  0.264E-03  0.150E-03  0.290E-01  0.922E+05  0.137E+01
050300.631     5916634    63237208  0.265E-03  0.150E-03  0.290E-01  0.931E+05  0.136E+01
051300.651     5924374    63335316  0.264E-03  0.150E-03  0.290E-01  0.977E+05  0.127E+01
052300.653     5932046    63434021  0.266E-03  0.149E-03  0.290E-01  0.765E+05  0.112E+01
053300.648     5939722    63532728  0.263E-03  0.149E-03  0.290E-01  0.111E+06  0.130E+01
054300.646     5947484    63633160  0.263E-03  0.149E-03  0.290E-01  0.929E+05  0.128E+01
055300.649     5955383    63733180  0.263E-03  0.149E-03  0.290E-01  0.987E+05  0.131E+01
060300.628     5963018    63831418  0.263E-03  0.149E-03  0.290E-01  0.112E+06  0.129E+01
061300.617     5970765    63930193  0.265E-03  0.148E-03  0.290E-01  0.983E+05  0.109E+01
062300.624     5978375    64028555  0.264E-03  0.148E-03  0.290E-01  0.785E+05  0.981E+00
063300.621     5985918    64126016  0.263E-03  0.148E-03  0.290E-01  0.879E+05  0.134E+01
064300.646     5993652    64224021  0.266E-03  0.147E-03  0.290E-01  0.823E+05  0.125E+01
065300.621     6001304    64322356  0.265E-03  0.147E-03  0.290E-01  0.966E+05  0.105E+01
070300.634     6009006    64420538  0.264E-03  0.147E-03  0.290E-01  0.796E+05  0.112E+01
071300.662     6016693    64519279  0.262E-03  0.147E-03  0.290E-01  0.889E+05  0.125E+01
072300.632     6024329    64617755  0.262E-03  0.147E-03  0.290E-01  0.104E+06  0.127E+01
073300.617     6031988    64715791  0.263E-03  0.146E-03  0.290E-01  0.834E+05  0.120E+01
074300.670     6039699    64814670  0.266E-03  0.146E-03  0.290E-01  0.844E+05  0.118E+01
075300.632     6047280    64912325  0.265E-03  0.146E-03  0.290E-01  0.857E+05  0.107E+01
080300.666     6054825    65009489  0.265E-03  0.145E-03  0.290E-01  0.899E+05  0.128E+01
081300.617     6062403    65107284  0.264E-03  0.145E-03  0.290E-01  0.109E+06  0.114E+01
082300.616     6070225    65206098  0.264E-03  0.145E-03  0.290E-01  0.997E+05  0.111E+01
083300.665     6077710    65303909  0.263E-03  0.144E-03  0.290E-01  0.778E+05  0.119E+01
084300.624     6085420    65402230  0.263E-03  0.144E-03  0.290E-01  0.931E+05  0.114E+01
085300.654     6093230    65500332  0.265E-03  0.144E-03  0.290E-01  0.913E+05  0.105E+01
090300.620     6101000    65598168  0.265E-03  0.143E-03  0.290E-01  0.117E+06  0.121E+01
091300.664     6108673    65696451  0.264E-03  0.143E-03  0.290E-01  0.849E+05  0.141E+01
092300.634     6116399    65794427  0.264E-03  0.143E-03  0.290E-01  0.887E+05  0.129E+01
093300.634     6124051    65892477  0.263E-03  0.143E-03  0.290E-01  0.110E+06  0.136E+01
094300.619     6131808    65991416  0.265E-03  0.143E-03  0.290E-01  0.124E+06  0.139E+01
095300.628     6139460    66089814  0.266E-03  0.143E-03  0.290E-01  0.963E+05  0.148E+01
100300.620     6147036    66187918  0.264E-03  0.142E-03  0.290E-01  0.914E+05  0.148E+01
101300.647     6154488    66285259  0.265E-03  0.142E-03  0.290E-01  0.871E+05  0.142E+01
102300.647     6162119    66383868  0.263E-03  0.142E-03  0.290E-01  0.102E+06  0.135E+01
103300.633     6169931    66482384  0.265E-03  0.142E-03  0.290E-01  0.971E+05  0.129E+01
104300.641     6177654    66580301  0.264E-03  0.142E-03  0.290E-01  0.125E+06  0.141E+01
105300.634     6185262    66678288  0.262E-03  0.141E-03  0.290E-01  0.658E+05  0.152E+01
110300.610     6192962    66776193  0.262E-03  0.141E-03  0.290E-01  0.846E+05  0.132E+01
111300.621     6200706    66874947  0.262E-03  0.141E-03  0.290E-01  0.888E+05  0.129E+01
112300.642     6208239    66973786  0.262E-03  0.141E-03  0.290E-01  0.806E+05  0.146E+01
113300.630     6215960    67072056  0.265E-03  0.141E-03  0.290E-01  0.771E+05  0.121E+01
114300.653     6223652    67170376  0.262E-03  0.140E-03  0.290E-01  0.864E+05  0.116E+01
115300.611     6231383    67268839  0.262E-03  0.140E-03  0.290E-01  0.827E+05  0.136E+01
120300.658     6239033    67366893  0.263E-03  0.140E-03  0.290E-01  0.794E+05  0.117E+01
121300.926     6246810    67465772  0.346E-03  0.190E-03  0.290E-01  0.872E+05  0.136E+01
122300.647     6254546    67563516  0.263E-03  0.139E-03  0.290E-01  0.953E+05  0.150E+01
123300.611     6262152    67661159  0.262E-03  0.139E-03  0.290E-01  0.950E+05  0.134E+01
124300.627     6269754    67759619  0.262E-03  0.139E-03  0.290E-01  0.878E+05  0.126E+01
125300.629     6277327    67857131  0.263E-03  0.139E-03  0.290E-01  0.774E+05  0.134E+01
130300.609     6285065    67955459  0.262E-03  0.139E-03  0.290E-01  0.931E+05  0.149E+01
131300.656     6292817    68053725  0.264E-03  0.138E-03  0.290E-01  0.610E+05  0.134E+01
132300.631     6300314    68151470  0.262E-03  0.138E-03  0.290E-01  0.900E+05  0.134E+01
133300.633     6308017    68249955  0.261E-03  0.138E-03  0.290E-01  0.906E+05  0.142E+01
134300.639     6315602    68347253  0.264E-03  0.138E-03  0.290E-01  0.958E+05  0.106E+01
135300.661     6323286    68445704  0.262E-03  0.138E-03  0.290E-01  0.749E+05  0.122E+01
140300.614     6330979    68543456  0.262E-03  0.138E-03  0.290E-01  0.982E+05  0.104E+01
141300.644     6338742    68642378  0.263E-03  0.137E-03  0.290E-01  0.152E+06  0.128E+01
142300.616     6346426    68740174  0.263E-03  0.137E-03  0.290E-01  0.836E+05  0.131E+01
143300.632     6354106    68838629  0.262E-03  0.137E-03  0.290E-01  0.877E+05  0.130E+01
144300.632     6361809    68937183  0.263E-03  0.137E-03  0.290E-01  0.103E+06  0.135E+01
145300.676     6369496    69036033  0.262E-03  0.137E-03  0.290E-01  0.948E+05  0.156E+01
150300.626     6377276    69135488  0.263E-03  0.137E-03  0.290E-01  0.113E+06  0.139E+01
151300.668     6385086    69234035  0.264E-03  0.136E-03  0.290E-01  0.107E+06  0.132E+01
152300.626     6392655    69332150  0.261E-03  0.137E-03  0.290E-01  0.940E+05  0.132E+01
153300.666     6400308    69430385  0.261E-03  0.136E-03  0.290E-01  0.123E+06  0.122E+01
154300.626     6407831    69528212  0.262E-03  0.136E-03  0.290E-01  0.964E+05  0.131E+01
155300.649     6415612    69626928  0.262E-03  0.136E-03  0.290E-01  0.931E+05  0.128E+01
160300.610     6423290    69725006  0.260E-03  0.136E-03  0.290E-01  0.832E+05  0.146E+01
161300.644     6431072    69823887  0.262E-03  0.135E-03  0.290E-01  0.147E+06  0.141E+01
162300.624     6438699    69921821  0.261E-03  0.135E-03  0.290E-01  0.717E+05  0.133E+01
163300.642     6446409    70020664  0.264E-03  0.135E-03  0.290E-01  0.977E+05  0.128E+01
164300.643     6453886    70118898  0.263E-03  0.134E-03  0.290E-01  0.947E+05  0.120E+01
165300.661     6461474    70216868  0.263E-03  0.134E-03  0.290E-01  0.755E+05  0.135E+01
170300.612     6468975    70314236  0.264E-03  0.134E-03  0.290E-01  0.814E+05  0.115E+01
171300.626     6476869    70416550  0.263E-03  0.134E-03  0.290E-01  0.123E+06  0.109E+01
172300.626     6485474    70526037  0.265E-03  0.133E-03  0.290E-01  0.110E+06  0.111E+01
173300.615     6493854    70635230  0.263E-03  0.133E-03  0.290E-01  0.901E+05  0.118E+01
174300.617     6502356    70744034  0.264E-03  0.133E-03  0.290E-01  0.110E+06  0.126E+01
175300.618     6510725    70849560  0.264E-03  0.133E-03  0.290E-01  0.936E+05  0.110E+01
180300.625     6518034    70944950  0.263E-03  0.133E-03  0.290E-01  0.136E+06  0.110E+01
181300.617     6525590    71041335  0.262E-03  0.133E-03  0.290E-01  0.903E+05  0.119E+01
182300.614     6533006    71137764  0.263E-03  0.133E-03  0.290E-01  0.584E+05  0.120E+01
183300.657     6540563    71233484  0.264E-03  0.132E-03  0.290E-01  0.968E+05  0.129E+01
184300.695     6548184    71330280  0.261E-03  0.132E-03  0.290E-01  0.108E+06  0.130E+01
185300.643     6555472    71425506  0.262E-03  0.132E-03  0.290E-01  0.130E+06  0.108E+01
190300.643     6562907    71521888  0.261E-03  0.132E-03  0.290E-01  0.102E+06  0.139E+01
191300.619     6570461    71618445  0.262E-03  0.132E-03  0.290E-01  0.953E+05  0.127E+01
192300.680     6577946    71715078  0.261E-03  0.132E-03  0.290E-01  0.133E+06  0.128E+01
193300.652     6585646    71811990  0.261E-03  0.132E-03  0.290E-01  0.127E+06  0.133E+01
194300.647     6593200    71909069  0.262E-03  0.132E-03  0.290E-01  0.744E+05  0.127E+01
195300.645     6600748    72005893  0.261E-03  0.131E-03  0.290E-01  0.986E+05  0.116E+01
200300.654     6608239    72101874  0.261E-03  0.131E-03  0.290E-01  0.922E+05  0.118E+01
201300.640     6615852    72198635  0.261E-03  0.131E-03  0.290E-01  0.939E+05  0.128E+01
202300.654     6623349    72295132  0.262E-03  0.131E-03  0.290E-01  0.965E+05  0.127E+01
203300.619     6630791    72390605  0.262E-03  0.131E-03  0.290E-01  0.972E+05  0.135E+01
204300.671     6638379    72488890  0.262E-03  0.131E-03  0.290E-01  0.757E+05  0.133E+01
205300.659     6646090    72587925  0.261E-03  0.130E-03  0.290E-01  0.981E+05  0.119E+01
210300.630     6653671    72686246  0.261E-03  0.130E-03  0.290E-01  0.940E+05  0.136E+01
211300.647     6661346    72785005  0.263E-03  0.130E-03  0.290E-01  0.704E+05  0.129E+01
212300.649     6669061    72883558  0.262E-03  0.130E-03  0.290E-01  0.133E+06  0.138E+01
213300.639     6676697    72981145  0.262E-03  0.130E-03  0.290E-01  0.983E+05  0.127E+01
214300.667     6684405    73080282  0.263E-03  0.129E-03  0.290E-01  0.103E+06  0.138E+01
215300.617     6692076    73178753  0.264E-03  0.129E-03  0.290E-01  0.994E+05  0.126E+01
220300.628     6699789    73277586  0.261E-03  0.129E-03  0.290E-01  0.974E+05  0.154E+01
221300.658     6707492    73375739  0.264E-03  0.129E-03  0.290E-01  0.889E+05  0.145E+01
222300.631     6715083    73474271  0.264E-03  0.129E-03  0.290E-01  0.149E+06  0.125E+01
223300.660     6722741    73572116  0.263E-03  0.129E-03  0.290E-01  0.752E+05  0.135E+01
224300.899     6730337    73670591  0.277E-03  0.132E-03  0.290E-01  0.869E+05  0.116E+01
225300.625     6738059    73768422  0.263E-03  0.128E-03  0.290E-01  0.847E+05  0.139E+01
230300.639     6745681    73866307  0.263E-03  0.128E-03  0.290E-01  0.995E+05  0.133E+01
231300.632     6753261    73964512  0.263E-03  0.128E-03  0.290E-01  0.107E+06  0.130E+01
232300.622     6761012    74062533  0.264E-03  0.128E-03  0.290E-01  0.957E+05  0.126E+01
233300.644     6768612    74161722  0.264E-03  0.127E-03  0.290E-01  0.127E+06  0.126E+01
234300.639     6776317    74259293  0.265E-03  0.127E-03  0.290E-01  0.117E+06  0.116E+01
235300.653     6783877    74357751  0.264E-03  0.127E-03  0.290E-01  0.928E+05  0.134E+01
000300.621     6791521    74456524  0.264E-03  0.127E-03  0.290E-01  0.949E+05  0.126E+01
001300.633     6799667    74560386  0.261E-03  0.127E-03  0.290E-01  0.841E+05  0.123E+01
002300.614     6808349    74670367  0.263E-03  0.127E-03  0.290E-01  0.916E+05  0.128E+01
003300.629     6817036    74781008  0.262E-03  0.126E-03  0.290E-01  0.106E+06  0.120E+01
004300.663     6825811    74892089  0.262E-03  0.126E-03  0.290E-01  0.120E+06  0.117E+01
005300.667     6834469    75003490  0.261E-03  0.126E-03  0.290E-01  0.108E+06  0.111E+01
010300.629     6843266    75115392  0.264E-03  0.126E-03  0.290E-01  0.119E+06  0.101E+01
011300.649     6851967    75226046  0.262E-03  0.126E-03  0.290E-01  0.114E+06  0.117E+01
012300.628     6860637    75337290  0.263E-03  0.125E-03  0.290E-01  0.780E+05  0.113E+01
013300.641     6869257    75447770  0.264E-03  0.125E-03  0.290E-01  0.980E+05  0.109E+01
014300.835     6877971    75559324  0.257E-03  0.135E-03  0.290E-01  0.104E+06  0.121E+01
015300.631     6886529    75670243  0.264E-03  0.125E-03  0.290E-01  0.110E+06  0.119E+01
020300.620     6895344    75781094  0.264E-03  0.125E-03  0.290E-01  0.885E+05  0.122E+01
021300.640     6903904    75891902  0.260E-03  0.125E-03  0.290E-01  0.825E+05  0.122E+01
022300.655     6912326    76002499  0.265E-03  0.124E-03  0.290E-01  0.100E+06  0.104E+01
023300.639     6920916    76113480  0.262E-03  0.124E-03  0.290E-01  0.769E+05  0.127E+01
024300.659     6929698    76224948  0.262E-03  0.124E-03  0.290E-01  0.115E+06  0.119E+01
025300.646     6938262    76336553  0.262E-03  0.124E-03  0.290E-01  0.104E+06  0.106E+01
030300.640     6946842    76448031  0.262E-03  0.124E-03  0.290E-01  0.918E+05  0.126E+01
031300.640     6955397    76558838  0.262E-03  0.124E-03  0.290E-01  0.100E+06  0.125E+01
032300.627     6964020    76670142  0.263E-03  0.123E-03  0.290E-01  0.838E+05  0.112E+01
033300.622     6972701    76780420  0.264E-03  0.123E-03  0.290E-01  0.934E+05  0.126E+01
034300.618     6981507    76890374  0.262E-03  0.123E-03  0.290E-01  0.120E+06  0.142E+01
035300.616     6990033    77001752  0.262E-03  0.123E-03  0.290E-01  0.962E+05  0.147E+01
040300.644     6998805    77112470  0.264E-03  0.123E-03  0.290E-01  0.877E+05  0.127E+01
041300.654     7007304    77222906  0.264E-03  0.122E-03  0.290E-01  0.152E+06  0.137E+01
042300.646     7015936    77334367  0.263E-03  0.122E-03  0.290E-01  0.105E+06  0.130E+01
043300.652     7024631    77445202  0.263E-03  0.122E-03  0.290E-01  0.968E+05  0.127E+01
044300.624     7033338    77555653  0.263E-03  0.122E-03  0.290E-01  0.851E+05  0.139E+01
045300.638     7042037    77667047  0.265E-03  0.121E-03  0.290E-01  0.100E+06  0.123E+01
050300.683     7050724    77778476  0.265E-03  0.121E-03  0.290E-01  0.958E+05  0.129E+01
051300.641     7059360    77889698  0.263E-03  0.121E-03  0.290E-01  0.115E+06  0.125E+01
052300.645     7068006    78000008  0.264E-03  0.121E-03  0.290E-01  0.876E+05  0.121E+01
053300.617     7076651    78110463  0.264E-03  0.121E-03  0.290E-01  0.116E+06  0.126E+01
054300.625     7085488    78223896  0.264E-03  0.121E-03  0.290E-01  0.907E+05  0.127E+01
055300.623     7094332    78337705  0.262E-03  0.121E-03  0.290E-01  0.934E+05  0.146E+01
060300.643     7102999    78448310  0.265E-03  0.121E-03  0.290E-01  0.102E+06  0.124E+01
061300.650     7111801    78558023  0.266E-03  0.121E-03  0.290E-01  0.104E+06  0.132E+01
062300.619     7120236    78666381  0.264E-03  0.121E-03  0.290E-01  0.110E+06  0.133E+01
063300.642     7128765    78775547  0.263E-03  0.120E-03  0.290E-01  0.906E+05  0.118E+01
064300.629     7136924    78882608  0.268E-03  0.112E-03  0.290E-01  0.753E+05  0.152E+01
065300.656     7145497    78991883  0.264E-03  0.120E-03  0.290E-01  0.953E+05  0.115E+01
070300.649     7153944    79099620  0.265E-03  0.120E-03  0.290E-01  0.539E+05  0.129E+01
071300.637     7162314    79207734  0.264E-03  0.120E-03  0.290E-01  0.930E+05  0.122E+01
072300.627     7170889    79317249  0.265E-03  0.120E-03  0.290E-01  0.954E+05  0.108E+01
073300.622     7179460    79427222  0.264E-03  0.119E-03  0.290E-01  0.893E+05  0.142E+01
074300.635     7187877    79536157  0.265E-03  0.119E-03  0.290E-01  0.764E+05  0.135E+01
075300.635     7196460    79644453  0.263E-03  0.119E-03  0.290E-01  0.122E+06  0.149E+01
080300.643     7204847    79753653  0.263E-03  0.119E-03  0.290E-01  0.792E+05  0.130E+01
081300.621     7213309    79861731  0.264E-03  0.119E-03  0.290E-01  0.850E+05  0.150E+01
082300.637     7221665    79969953  0.264E-03  0.118E-03  0.290E-01  0.868E+05  0.145E+01
083300.635     7230045    80077846  0.264E-03  0.118E-03  0.290E-01  0.853E+05  0.125E+01
084300.641     7238392    80186274  0.266E-03  0.118E-03  0.290E-01  0.749E+05  0.142E+01
085300.646     7246920    80296363  0.266E-03  0.118E-03  0.290E-01  0.967E+05  0.131E+01
090300.661     7255421    80405556  0.267E-03  0.118E-03  0.290E-01  0.902E+05  0.132E+01
091300.646     7263992    80516039  0.267E-03  0.117E-03  0.290E-01  0.887E+05  0.140E+01
092300.624     7272452    80624342  0.265E-03  0.117E-03  0.290E-01  0.123E+06  0.146E+01
093300.660     7280838    80734096  0.265E-03  0.117E-03  0.290E-01  0.126E+06  0.153E+01
