Time       moves_acc moves_gen     G(r)_1     S(Q)_1
h/m/s/.th    WEIGHT PARAMETERS   0.100E+01  0.100E+01
040300.310      128723      253422  0.397E-01  0.154E+00
041300.138      214053      511551  0.128E-01  0.895E-01
042300.034      277993      770387  0.753E-02  0.603E-01
043300.055      335252     1031103  0.592E-02  0.424E-01
044300.124      389438     1296257  0.466E-02  0.303E-01
045300.058      439757     1562304  0.365E-02  0.222E-01
050300.009      486071     1828928  0.292E-02  0.166E-01
051300.017      529995     2096338  0.232E-02  0.127E-01
052300.004      571706     2364037  0.190E-02  0.978E-02
053300.000      610911     2633197  0.157E-02  0.774E-02
054300.024      648101     2903003  0.133E-02  0.621E-02
055300.031      684679     3174443  0.117E-02  0.502E-02
060300.065      719220     3445061  0.105E-02  0.413E-02
061300.015      752896     3717074  0.965E-03  0.345E-02
062300.007      785342     3989295  0.902E-03  0.293E-02
063300.030      817095     4261768  0.860E-03  0.252E-02
064300.004      848109     4533164  0.815E-03  0.220E-02
065300.023      878810     4805678  0.797E-03  0.195E-02
070300.056      909165     5078479  0.767E-03  0.175E-02
071300.048      939251     5351105  0.766E-03  0.159E-02
072300.138      968201     5618222  0.731E-03  0.147E-02
073300.061      997582     5890157  0.728E-03  0.137E-02
074300.037     1027159     6163543  0.711E-03  0.128E-02
075300.017     1056614     6436086  0.731E-03  0.121E-02
080300.018     1085959     6709366  0.712E-03  0.115E-02
081300.000     1115145     6982780  0.703E-03  0.110E-02
082300.006     1144676     7256506  0.728E-03  0.106E-02
083300.015     1174047     7531009  0.727E-03  0.101E-02
084300.048     1203308     7805659  0.707E-03  0.980E-03
085300.027     1232396     8079622  0.723E-03  0.950E-03
090259.997     1261486     8351139  0.723E-03  0.924E-03
091300.029     1290585     8623851  0.727E-03  0.900E-03
092300.027     1319558     8895226  0.709E-03  0.881E-03
093300.018     1348571     9166839  0.733E-03  0.860E-03
094300.072     1377639     9439475  0.714E-03  0.845E-03
095300.064     1406872     9711841  0.708E-03  0.828E-03
100300.071     1436223     9984593  0.727E-03  0.812E-03
101300.042     1465526    10256593  0.731E-03  0.795E-03
102300.151     1494837    10528528  0.737E-03  0.781E-03
103300.234     1523885    10799998  0.749E-03  0.768E-03
104300.037     1552976    11071530  0.741E-03  0.758E-03
105300.083     1582113    11343010  0.757E-03  0.746E-03
110300.074     1611317    11615750  0.767E-03  0.735E-03
111300.154     1640126    11884874  0.743E-03  0.727E-03
112300.141     1669057    12152334  0.752E-03  0.718E-03
113300.095     1698012    12423036  0.779E-03  0.707E-03
114300.096     1727030    12693846  0.753E-03  0.700E-03
115300.064     1756147    12964459  0.766E-03  0.691E-03
120300.090     1785141    13235347  0.761E-03  0.684E-03
121300.078     1814032    13505983  0.783E-03  0.674E-03
122300.161     1843042    13776809  0.768E-03  0.669E-03
123301.531     1872189    14047593  0.763E-03  0.663E-03
124301.605     1901097    14317647  0.776E-03  0.656E-03
125301.478     1930269    14586845  0.783E-03  0.651E-03
130300.116     1959078    14856113  0.799E-03  0.645E-03
131300.062     1988126    15127755  0.787E-03  0.638E-03
132300.081     2017264    15399001  0.776E-03  0.633E-03
133300.117     2046534    15671082  0.801E-03  0.626E-03
134300.101     2075773    15943506  0.801E-03  0.619E-03
135300.113     2105009    16214912  0.805E-03  0.615E-03
140300.608     2134120    16486753  0.794E-03  0.610E-03
141300.175     2163221    16758405  0.807E-03  0.605E-03
142300.069     2192536    17030370  0.843E-03  0.597E-03
143300.127     2221673    17303041  0.843E-03  0.592E-03
144300.078     2250872    17575351  0.824E-03  0.589E-03
145300.104     2280132    17847556  0.848E-03  0.583E-03
150300.046     2309390    18119847  0.822E-03  0.580E-03
151300.106     2338643    18393355  0.834E-03  0.575E-03
152300.121     2367844    18665561  0.838E-03  0.571E-03
153300.057     2396919    18937514  0.811E-03  0.568E-03
154300.097     2426353    19210863  0.835E-03  0.562E-03
155300.072     2455983    19484319  0.854E-03  0.559E-03
160300.048     2485144    19754189  0.851E-03  0.555E-03
161300.059     2514787    20026991  0.860E-03  0.554E-03
162300.097     2544262    20300477  0.840E-03  0.548E-03
163300.045     2573740    20574268  0.838E-03  0.544E-03
164300.100     2603186    20847067  0.854E-03  0.541E-03
165300.100     2632466    21119526  0.868E-03  0.536E-03
170300.068     2661866    21392191  0.873E-03  0.533E-03
171300.191     2691111    21665074  0.845E-03  0.531E-03
172300.082     2720624    21938058  0.873E-03  0.526E-03
173300.048     2749509    22210108  0.864E-03  0.523E-03
174300.055     2778869    22481609  0.859E-03  0.520E-03
175300.024     2807975    22752909  0.879E-03  0.515E-03
180300.042     2837167    23025186  0.850E-03  0.513E-03
181300.054     2866519    23298161  0.864E-03  0.510E-03
182300.049     2896024    23571045  0.902E-03  0.505E-03
183300.059     2925275    23843384  0.895E-03  0.502E-03
184300.062     2954501    24115278  0.874E-03  0.500E-03
185300.034     2983853    24387309  0.892E-03  0.497E-03
190300.092     3013285    24659899  0.890E-03  0.495E-03
191300.048     3042595    24932711  0.878E-03  0.492E-03
192300.060     3072160    25204695  0.903E-03  0.489E-03
193300.026     3101390    25476737  0.873E-03  0.488E-03
194300.040     3130712    25748862  0.865E-03  0.486E-03
195300.023     3160129    26021659  0.886E-03  0.483E-03
200300.041     3189506    26294211  0.886E-03  0.481E-03
201300.052     3218950    26566090  0.884E-03  0.479E-03
202300.036     3248220    26838211  0.904E-03  0.476E-03
203300.029     3277792    27110960  0.926E-03  0.472E-03
204300.049     3307117    27383156  0.910E-03  0.470E-03
205300.082     3336535    27655274  0.873E-03  0.469E-03
210300.061     3366060    27927639  0.871E-03  0.467E-03
211300.047     3395397    28199799  0.873E-03  0.465E-03
212300.055     3424755    28471931  0.923E-03  0.460E-03
213300.079     3454029    28744090  0.929E-03  0.458E-03
214300.021     3483509    29015102  0.912E-03  0.456E-03
215300.046     3513163    29288232  0.931E-03  0.453E-03
220300.234     3542574    29561308  0.917E-03  0.452E-03
221300.068     3572088    29834365  0.929E-03  0.449E-03
222300.083     3601546    30107584  0.892E-03  0.449E-03
223300.067     3630966    30380694  0.916E-03  0.445E-03
224300.109     3660474    30653245  0.918E-03  0.443E-03
225300.149     3690121    30926412  0.928E-03  0.441E-03
230300.033     3719666    31199099  0.950E-03  0.438E-03
231300.174     3749202    31471341  0.908E-03  0.438E-03
232300.126     3778521    31743721  0.933E-03  0.435E-03
233300.071     3807951    32016455  0.942E-03  0.433E-03
234300.097     3837228    32288922  0.938E-03  0.431E-03
235300.054     3866718    32561635  0.939E-03  0.428E-03
