Cluster	# of Li atoms
    1         2
    2         5
    3         4
    4         8
    5        23
    6         4
    9         8
   10        13
   11         1
   12         1
   13         3
   14        29
   16         1
   17         4
   18         4
   19         2
   20         5
   21         4
   22        11
   24         6
   25        17
   26        10
   27        12
   28         1
   29         8
   30         1
   31        13
   32         4
   33         2
   34         2
   35         6
   37         1
   38         4
   39         3
   41         8
   42         2
   44         7
   45         2
   46         5
   47         7
   48         7
   50         3
   51         3
   52         4
   53         1
   54         7
   55         3
   56        10
   57         7
   58        53
   60         1
   61         6
   62         2
   63        13
   64         2
   65         1
   66         1
   67         5
   68        11
   69         4
   70         1
   71         5
   73         8
   74         1
   75         6
   76        10
   77         3
   78         6
   79         5
   80         9
   81         1
   82         3
   84         8
   85        19
   86         3
   87         8
   88         2
   89        17
   90         6
   92         4
   93         4
   94         2
   95        18
   99         2
  100         5
  101         2
  102         3
  103         8
  104         6
  105         1
  106         2
  107         1
  108         5
  109         8
  110         2
  111         5
  112        23
  113         2
  114         1
  115        11
  116         4
  117         2
  118         1
  119         4
  120         7
  121         6
  122         2
  123         3
  124         6
  128         4
  129        13
  131         1
  132         5
  133         3
  134         2
  135         3
  136         3
  137        15
  138         1
  139         3
  140         5
  141         1
  142         5
  143         2
  144         3
  145         2
  146         9
  147         3
  148         1
  149         2
  151         6
  152         1
  153         2
  154        18
  155         5
  156         1
  160        11
  161         7
  162         7
  163         6
  164         6
  165         1
  166        32
  167         4
  169         2
  170         1
  173        11
  176         6
  177         7
  179         7
  180         4
  181        16
  182         3
  184         2
  185         4
  187         6
  188         2
  189         4
  191         7
  193         9
  194         1
  195         3
  196        11
  197         5
  199         4
  202         3
  203         3
  204         5
  205         6
  207         5
  208        15
  212        11
  213        20
  214         8
  216        17
  217         7
  219         1
  220         2
  221         3
  222         4
  223         7
  226         5
  229         2
  230         5
  231         1
  232         8
  233         9
  234         4
  235         2
  236         5
  237        16
  238         1
  239         3
  240         6
  241         3
  242         3
  243        10
  244         2
  245        11
  246         4
  247         3
  249         9
  252         2
  253         2
  254        13
  255         1
  260         6
  261         6
  262         2
  264         4
  265         1
  267         2
  268        12
  269         3
  270         1
  271         5
  273         4
  274         4
  275         8
  276         3
  277         3
  278         5
  279         4
  280         6
  281         4
  282         1
  283         7
  284        11
  285         5
  286        12
  287         2
  288        22
  293        17
  294         3
  295        37
  296         2
  297        12
  299        16
  303         1
  305         4
  307         9
  308         1
  309         3
  311         3
  312         4
  313         3
  314         3
  315         2
  316         3
  317        10
  318         4
  319         2
  320         3
  321         4
  322         8
  323         6
  324         2
  325         6
  326         3
  327         2
  328         5
  329         6
  330         2
  331        20
  333         2
  334         5
  335         3
  337         3
  339         1
  342         1
  343         7
  344         6
  345         2
  346         3
  347         3
  348         6
  349         6
  350         4
  351        14
  352         3
  353         4
  354         3
  355         7
  356         3
  357         3
  358         1
  360         6
  361         3
  362         7
  363         7
  365         5
  366         7
  367        12
  368        23
  372         4
  373         2
  374         1
  375         4
  376         7
  378         5
  380         3
  381         1
  382         3
  383         9
  384         5
  385         2
  386         4
  387        13
  389         5
  391        10
  392         3
  395         2
  396         3
  397         3
  399         2
  400         1
  401         1
  402         5
  403         3
  404         3
  405        12
  407         3
  409         2
  410         6
  411         6
  412        22
  413         8
  416         7
  417         3
  419         1
  421         8
  422         1
  423         2
  424         6
  425         8
  426         1
  427         2
  431         1
  433         2
  436         2
  437         3
  438         6
  439         1
  440         5
  441         3
  442         7
  445         4
  446        10
  447        14
  449         5
  450         1
  451         4
  452         3
  453         2
  454         2
  455         3
  456         2
  457         7
  458         2
  460         9
  462         2
  463         5
  464         4
  465         5
  466         8
  468         3
  469        10
  472        15
  474        11
  475         6
  476         3
  477         1
  478         1
  479         3
  480         4
  481         3
  482         6
  485         1
  486         5
  487         5
  488         6
  490         1
  491         4
  492         2
  493         2
  495         1
  496         9
  497         4
  498         3
  499         2
  500         1
  501         1
  502         1
  503         1
  504         1
  505         3
  506         1
  507         3
  508         1
  509         1
  510         1
  511         1
  512         1
  513         1
  514         1
  515         6
  516         1
  518         1
  522         1
  527         1
  528         1
  530         1
  531         1
  532         1
  533         1
  534         2
  536         1
  540         1
  541         3
  542         2
  543         8
  545         1
  546         1
  550         1
  551         1
  552         1
  553         1
  554         1
  555         1
  557         2
  559         7
  560         1
  562         2
  563        12
  564         7
  565         1
  566         1
  567         1
  569         3
  570         1
  571         1
  573         1
  574         2
  575         1
  579         1
  580         2
  582         1
  583         1
  584         1
  585         2
  586         1
  588         1
  589         1
  591         2
  593         1
  594         1
  597         1
  598         1
  599         1
  601         3
  602         1
  603         1
  604         1
  605         2
  606         1
  607         1
  608         1
  609         2
  610         1
  611         2
  612         7
  613         1
  614         1
  615         2
  616         9
  617         1
  618         1
  619         1
  620         1
  621         1
  622         1
  623         1
  624         1
  625         6
  627         3
  628         1
  629         1
  630         2
  631         2
  632         1
  634         1
  636         1
  637         1
  638         1
  639         3
  640         1
  641         1
  642         2
  643         3
  644         1
  645         1
  646         1
  647         1
  648         1
  649         1
  650         1
  651         2
  652         5
  655         1
  656         1
  658         1
  659         1
  660         1
  661         1
  662         1
  663         2
  664         1
  665         1
  667         1
  668         1
  669         1
  670         4
  671         1
  672         1
  673         1
  674         4
  675         1
  678         1
  679         4
  680         1
  682         1
  684         1
  685         1
  686         1
  687         1
  690         2
  691         1
  693         1
  694         1
  696         2
  697         2
  699         1
  700         1
  701         1
  702         1
  703         2
  704         1
  705         1
  706         1
  707         1
  708         1
  709         1
  710         1
  711         1
  712         1
  713         2
  715         3
  716         1
  718         1
  719         1
  721         1
  723         1
  724         1
  727         2
  728         1
  729         1
  730         1
  731         1
  732         1
  733         1
  734         5
  735         1
  738         1
  739         1
  740         1
  742         1
  743         1
  744         1
  745         2
  746         1
  747         2
  748         1
  749         1
  751         1
  752         1
  753         1
  754         1
  755         1
  757         1
  758         1
  759         1
  760         1
  761         1
  764         1
  765         1
  768         1
  770         1
  771         1
  772         1
  773         1
  775         1
  776         2
  777         1
  779         1
  780         1
  781         2
  782         3
  783         1
  784         1
  785         1
  786         1
  787         1
  788         3
  789         1
  790         1
  791         1
  792         1
  794         1
  796         1
  797         1
  798         1
  799         1
  800         1
  803         1
  804         1
  805         1
  806         1
  807         4
  808         2
  809         1
  812         1
  813         5
  814         1
  815         1
  816         3
  817         1
  819         1
  820         2
  821         2
  822         3
  823         7
  824         1
  825         1
  826         1
  827         1
  828         1
  829         1
  830         2
  831         1
  832         1
  833         1
  834         1
  835         1
  836         1
  838         1
  839         2
  840         1
  841         1
  842         1
  843         1
  844         1
  846        11
  847         1
  848         2
  849         2
  850         1
  851         1
  852         1
  854         2
  855         1
  856         1
  857         1
  858         1
  859         1
  860         3
  861         1
  863         2
  866         1
  867         1
  868         1
  870         1
  871         1
  872         6
  873         6
  874         1
  875         1
  876         1
  877         1
  879         4
  881         1
  882         1
  883         1
  884         1
  887         1
  888         1
  889         1
  891         1
  892         2
  893         1
  894         3
  895         1
  896         1
  897         2
  898         1
  900         1
  901         1
  903         1
  906         1
  907         1
  910         2
  912         1
  914         3
  915         1
  916         1
  917         1
  919         2
  920         1
  921         1
  922         3
  923         2
  924         2
  925         1
  926         1
  927         1
  928         1
  929         5
  930         1
  931         2
  932         1
  933         1
  934         1
  935         5
  936         1
  937         1
  938         1
  939         2
  942         2
  943         1
  944         1
  945         2
  946         1
  948         3
  950         3
  951         2
  952         4
  953         4
  954         4
  955         1
  956         1
  957         2
  958         2
  959         4
  960         1
  961         1
  962         1
  963         1
  964         1
  966         4
  968         1
  969         1
  970         1
  971         1
  972         1
  973         1
  974         2
  975         2
  977         1
  978         1
  979         1
  980         4
  981         1
  982         1
  983         1
  985         1
  988         1
  989         8
  990         1
  993         1
  994         1
  995         1
  996         1
  997         1
  998         2
  999         1
 1000         1
 1001         1
 1004         1
 1005         1
 1008         1
 1010         1
 1011         2
 1012         2
 1013         1
 1014         1
 1015         1
 1016         1
 1017         1
 1018         3
 1020         1
 1021         1
 1022         1
 1023         2
 1024         1
 1025         1
 1026         1
 1027         1
 1028         1
 1029         1
 1030         1
 1033         1
 1034         1
 1037         1
 1038         1
 1039         1
 1041         1
 1042         1
 1043         2
 1045         1
 1046         1
 1047         2
 1048         2
 1049         1
 1050         1
 1052         2
 1053         1
 1054         2
 1057         1
 1058         2
 1059         3
 1060         1
 1061         1
 1062         1
 1063         1
 1064         2
 1065         1
 1067         1
 1068         1
 1069         8
 1070         1
 1073         1
 1074         1
 1075         2
 1076         2
 1077         1
 1079         1
 1080         1
 1083         2
 1084         1
 1085         1
 1086         2
 1087         1
 1088         1
 1089         4
 1090         1
 1091         1
 1092         1
 1093         1
 1094         1
 1095         1
 1096         1
 1097         2
 1098         1
 1099         1
 1100         1
 1101         1
 1102         1
 1103         1
 1104         1
 1105         2
 1106         1
 1107         1
 1108         1
 1109         1
 1111         1
 1113         1
 1114         2
 1115         1
 1116         4
 1117         2
 1120         1
 1122         2
 1124         2
 1128         1
 1129         2
 1131         2
 1133         2
 1134         1
 1137         2
 1138         1
 1139         1
 1140         6
 1142         3
 1144         1
 1145         2
 1147         1
 1149         3
 1150         1
 1152         3
 1153         1
 1156         3
 1157         2
 1158         4
 1160         4
 1161         2
 1167         3
 1169         2
 1171         5
 1173         1
 1174         3
 1177         3
 1180         1
 1181         1
 1182         2
 1183         2
 1184         1
 1186         6
 1188         3
 1191         2
 1193         4
 1194         2
 1198         3
 1199         4
 1200         3
 1201         1
 1203         4
 1205         2
 1207         1
 1209         1
 1212         2
 1214         2
 1215         2
 1216         1
 1218         1
 1219         2
 1221         1
 1223         2
 1224         1
 1225         3
 1226         2
 1227         2
 1228         1
 1231         2
 1232         2
 1233         1
 1234         1
 1236         8
 1237         1
 1238         2
 1239         1
 1240         2
 1242         1
 1243         1
 1244         1
 1246         2
 1249         1
 1250         1
 1251         1
 1252         1
 1253         1
 1256         2
 1257         4
 1258         2
 1262         2
 1266         2
 1267         1
 1268         1
 1272         2
 1275         3
 1276         1
 1277         2
 1280         3
 1281         1
 1283         1
 1286         1
 1287         1
 1288         2
 1292         1
 1293         1
 1294         2
 1297         1
 1299         7
 1301         1
 1304         1
 1308         2
 1310         1
 1311         1
 1312         2
 1313         1
 1314         1
 1326         1
 1327         1
 1329         1
 1331         1
 1334         3
 1335         2
 1336         2
 1337         1
 1339         1
 1340         2
 1342         1
 1347         1
 1355         2
 1356         1
 1359         2
 1361         3
 1365         5
 1367         2
 1368         2
 1371         2
 1374         3
 1375         1
 1378         2
 1380         1
 1381         3
 1382         1
 1383         1
 1384         2
 1389         2
 1391         2
 1392         2
 1395         3
 1396         1
 1398         1
 1399         1
 1400         1
 1402         2
 1403         2
 1404         1
 1405         2
 1406         2
 1407         2
 1409         2
 1411         4
 1412         1
 1414         2
 1415         1
 1421         1
 1423         1
 1424         2
 1427         2
 1430         7
 1431         3
 1436         3
 1438         2
 1439         2
 1441         2
 1443         1
 1444         2
 1445         3
 1446         1
 1447         2
 1448         1
 1449         2
 1450         2
 1451         2
 1453         3
 1454         2
 1455         2
 1460         2
 1463         2
 1464         1
 1465         1
 1466         2
 1467         1
 1468         2
 1469         1
 1472         2
 1475         1
 1477         1
 1478         1
 1479         1
 1481         4
 1482         2
 1486         1
 1487         1
 1488         1
 1489         5
 1491         1
 1492         2
 1493         1
 1497         1
 1498         1
 1499         4
 1500         2
 1502         1
 1504         2
 1513         1
 1514         2
 1515         1
 1516         2
 1519         4
 1520         1
 1523         1
 1525         4
 1527         2
 1530         1
 1533         3
 1535         1
 1536         5
 1537         2
 1539         3
 1540         1
 1541         4
 1542         2
 1545         2
 1546         3
 1547         1
 1549         1
 1556         2
 1557         2
 1558         1
 1559         1
 1561         1
 1564         2
 1565         1
 1566         2
 1567         1
 1568         2
 1569         1
 1571         1
 1573         1
 1574         2
 1576         2
 1579         2
 1581         2
 1584         3
 1588         3
 1592         1
 1595         1
 1596         1
 1597         1
 1598         1
 1599         1
 1600         1
 1601         1
 1603         1
 1604         1
 1606         1
 1607         2
 1608         2
 1609         1
 1610         1
 1611         1
 1612         1
 1613         1
 1614         2
 1615         1
 1616         1
 1617         1
 1618         1
 1619         3
 1621         1
 1622         1
 1625         1
 1626         1
 1632         1
 1635         1
 1636         1
 1637         2
 1638         1
 1639         1
 1640         2
 1641         1
 1642         1
 1643         1
 1645         2
 1647         1
 1648         1
 1649         1
 1650         1
 1653         1
 1656         2
 1658         1
 1659         1
 1661         1
 1662         1
 1663         1
 1665         2
 1666         2
 1667         1
 1668         1
 1669         1
 1670         2
 1673         1
 1674         1
 1675         2
 1676         1
 1677         1
 1678         1
 1680         1
 1681         2
 1682         1
 1684         1
 1686         1
 1688         1
 1692         1
 1694         1
 1696         1
 1697         1
 1699         1
 1700         1
 1702         1
 1704         1
 1706         1
 1707         1
 1708         1
 1709         2
 1710         1
 1711         1
 1714         1
 1715         1
 1716         1
 1717         1
 1719         1
 1720         1
 1721         1
 1722         1
 1724         1
 1725         1
 1726         1
 1729         1
 1731         1
 1732         1
 1733         1
 1734         1
 1735         2
 1736         2
 1739         1
 1740         1
 1742         1
 1744         1
 1746         1
 1747         1
 1749         1
 1751         1
 1752         1
 1754         1
 1755         1
 1756         2
 1757         1
 1758         1
 1763         2
 1765         1
 1766         1
 1767         1
 1769         1
 1770         1
 1771         1
 1772         1
 1774         1
 1775         1
 1779         1
 1783         2
 1785         1
 1787         2
 1788         1
 1789         1
 1790         1
 1791         1
 1793         2
 1795         1
 1797         1
 1800         1
 1801         1
 1802         1
 1804         1
 1805         1
 1807         1
 1808         2
 1809         1
 1810         1
 1811         1
 1812         1
 1813         1
 1814         1
 1816         1
 1817         1
 1819         1
 1820         1
 1821         1
 1823         1
 1824         1
 1826         1
 1828         1
 1830         1
 1831         1
 1833         1
 1834         1
 1835         1
 1836         1
 1837         1
 1838         1
 1839         1
 1840         1
 1842         1
 1843         1
 1845         1
 1847         1
 1851         2
 1852         1
 1853         1
 1854         1
 1855         1
 1856         1
 1858         1
 1860         1
 1861         1
 1862         1
 1863         1
 1864         1
 1865         1
 1866         1
 1867         1
 1868         1
 1869         2
 1872         1
 1874         1
 1877         1
 1878         1
 1879         1
 1880         1
 1881         1
 1882         1
 1883         1
 1884         1
 1886         1
 1887         1
 1889         1
 1890         1
 1891         1
 1892         1
 1893         1
 1894         1
 1895         1
 1896         1
 1897         1
 1898         1
 1899         2
 1900         1
 1901         1
 1902         1
 1903         1
 1904         1
 1905         1
 1907         1
 1908         1
 1909         1
 1910         1
 1911         1
 1912         1
 1913         1
 1914         1
 1915         1
 1916         1
 1917         1
 1918         1
 1919         1
 1921         1
 1922         1
 1923         1
 1924         1
 1925         1
 1926         1
 1927         1
 1928         1
 1929         1
 1930         1
 1931         1
 1932         1
 1933         1
 1934         1
 1935         1
 1936         1
 1937         1
 1938         1
 1939         1
 1940         1
 1941         1
 1942         1
 1943         1
 1944         1
 1945         1
 1946         1
 1947         1
 1948         1
 1949         1
 1950         1
 1951         1
 1952         1
 1953         1
 1954         1
 1955         1
 1956         1
 1957         1
 1958         1
 1959         1
 1960         1
 1961         1
 1962         1
 1963         1
 1964         1
 1965         1
 1966         1
 1967         1
 1968         1
 1969         1
 1970         1
 1971         1
 1972         1
 1973         1
 1974         1
 1975         1
 1976         1
 1978         1
 1979         1
 1980         1
 1981         1
 1982         1
 1983         1
 1984         1
 1985         1
 1986         1
 1987         1
 1988         1
 1989         1
 1990         1
 1991         1
 1992         1
 1993         1
 1994         1
 1995         1
 1996         1
 1997         1
 1998         1
 1999         1
 2000         1
 2001         1
 2002         1
 2003         1
 2004         1
 2005         1
 2006         1
 2007         1
 2008         1
 2009         1
 2010         1
 2011         1
 2012         1
 2013         1
 2014         1
 2015         1
 2016         1
 2017         1
 2018         2
 2019         1
 2020         1
 2021         1
 2022         1
 2023         1
 2024         1
 2025         1
 2026         1
 2027         1
 2028         1
 2029         1
 2030         1
 2031         1
 2032         1
 2033         1
 2034         1
 2035         1
 2036         1
 2037         1
 2038         1
 2039         1
 2040         1
 2041         1
 2042         1
 2043         1
 2044         1
 2045         1
 2046         1
 2047         1
 2048         1
 2049         1
 2050         1
 2051         1
 2052         1
 2053         1
 2054         1
 2055         1
 2056         1
 2057         1
 2058         1
 2059         1
 2060         1
 2061         1
 2062         1
 2063         1
 2064         1
 2065         1
 2066         1
 2067         1
 2068         1
 2069         1
 2070         1
 2071         1
 2072         1
 2073         1
 2074         1
 2075         1
 2076         1
 2077         1
 2078         1
 2079         1
 2081         1
 2082         1
 2083         1
 2084         1
 2085         1
 2086         1
 2087         1
 2088         1
 2089         1
 2090         1
 2091         1
 2092         1
 2093         1
 2094         1
 2095         1
 2096         1
 2097         1
 2098         1
 2099         1
 2100         1
 2101         1
 2102         1
 2103         1
 2104         1
 2105         1
 2106         1
 2107         1
 2108         1
