Time       moves_acc moves_gen     G(r)_1     S(Q)_1
h/m/s/.th    WEIGHT PARAMETERS   0.100E+01  0.100E+01
040536.450       61473       94747  0.253E+00  0.546E+00
041536.431      105636      190949  0.185E+00  0.464E+00
042536.451      146337      287436  0.148E+00  0.398E+00
043536.488      179301      369477  0.126E+00  0.352E+00
044536.441      216377      465756  0.106E+00  0.306E+00
045536.405      251647      561897  0.900E-01  0.268E+00
050536.362      285273      657639  0.773E-01  0.236E+00
051536.354      317404      753425  0.670E-01  0.208E+00
052536.347      347385      849116  0.587E-01  0.185E+00
053536.358      376761      945206  0.519E-01  0.165E+00
054536.359      404948     1041220  0.461E-01  0.147E+00
055536.371      431902     1137309  0.415E-01  0.132E+00
060536.405      457485     1233278  0.375E-01  0.119E+00
061536.357      482073     1329334  0.344E-01  0.107E+00
062536.361      505864     1425508  0.317E-01  0.967E-01
063536.363      528426     1521764  0.293E-01  0.878E-01
064536.439      549758     1618153  0.272E-01  0.803E-01
065536.456      570210     1714498  0.254E-01  0.738E-01
070536.433      590028     1810830  0.238E-01  0.680E-01
071536.448      608890     1907326  0.224E-01  0.629E-01
072536.435      626878     2003573  0.210E-01  0.585E-01
073536.420      644074     2097864  0.199E-01  0.546E-01
074536.389      661502     2194329  0.190E-01  0.508E-01
075536.409      678413     2290865  0.180E-01  0.475E-01
080536.423      694867     2387372  0.172E-01  0.445E-01
081536.401      711097     2483925  0.164E-01  0.418E-01
082536.392      726856     2580541  0.157E-01  0.393E-01
083536.397      742454     2677127  0.150E-01  0.370E-01
084536.415      757810     2773791  0.144E-01  0.349E-01
085536.388      772795     2870338  0.139E-01  0.330E-01
090536.432      787434     2967019  0.134E-01  0.313E-01
091536.414      802035     3063746  0.129E-01  0.297E-01
092536.383      816363     3159900  0.125E-01  0.282E-01
093536.369      830431     3256533  0.120E-01  0.269E-01
094536.448      844054     3353380  0.116E-01  0.256E-01
095536.430      857664     3450082  0.113E-01  0.244E-01
100536.594      871259     3546797  0.109E-01  0.233E-01
101536.430      884587     3643633  0.105E-01  0.223E-01
102537.012      897746     3740426  0.101E-01  0.213E-01
103536.414      910809     3837089  0.982E-02  0.204E-01
104536.461      923731     3933971  0.953E-02  0.195E-01
105536.485      936348     4030854  0.927E-02  0.187E-01
110536.418      949028     4127728  0.897E-02  0.180E-01
111536.638      961511     4224638  0.875E-02  0.173E-01
112544.447      973675     4321548  0.854E-02  0.166E-01
113536.437      985817     4417271  0.831E-02  0.160E-01
114536.469      998082     4514233  0.806E-02  0.154E-01
115536.481     1010036     4611338  0.790E-02  0.148E-01
120536.453     1022014     4708411  0.774E-02  0.143E-01
121536.460     1033862     4805435  0.756E-02  0.138E-01
122536.461     1045712     4902504  0.741E-02  0.133E-01
123536.498     1057603     4999653  0.724E-02  0.128E-01
124536.532     1069309     5096748  0.712E-02  0.123E-01
125536.623     1080852     5193794  0.699E-02  0.119E-01
130536.428     1092422     5290868  0.687E-02  0.115E-01
131536.489     1103835     5388071  0.675E-02  0.112E-01
132536.526     1115172     5485251  0.664E-02  0.108E-01
133536.504     1126557     5582465  0.652E-02  0.105E-01
134536.427     1137873     5679817  0.641E-02  0.101E-01
135536.443     1149084     5776987  0.632E-02  0.982E-02
140536.414     1160321     5874267  0.624E-02  0.952E-02
141536.591     1171451     5971338  0.613E-02  0.926E-02
142536.582     1182543     6068585  0.603E-02  0.899E-02
143536.445     1193641     6165772  0.595E-02  0.875E-02
144536.444     1204657     6263206  0.583E-02  0.850E-02
145536.568     1215677     6360698  0.576E-02  0.827E-02
150536.462     1226561     6458095  0.568E-02  0.804E-02
151536.435     1237507     6555529  0.561E-02  0.784E-02
152536.542     1248390     6653001  0.553E-02  0.765E-02
153536.588     1259209     6750249  0.546E-02  0.746E-02
154536.457     1269970     6847623  0.541E-02  0.728E-02
155536.475     1280757     6945028  0.534E-02  0.711E-02
160536.436     1291553     7042416  0.527E-02  0.694E-02
161536.539     1302212     7139920  0.521E-02  0.679E-02
162536.406     1312735     7236425  0.514E-02  0.664E-02
163536.455     1323377     7333934  0.510E-02  0.649E-02
164536.587     1334001     7431459  0.505E-02  0.635E-02
165536.420     1344927     7528968  0.500E-02  0.623E-02
170536.418     1355563     7626614  0.495E-02  0.610E-02
171536.597     1366053     7724052  0.492E-02  0.597E-02
172536.406     1376595     7821484  0.486E-02  0.586E-02
173536.370     1387094     7919083  0.481E-02  0.575E-02
174536.363     1397555     8016666  0.474E-02  0.565E-02
175536.364     1408199     8114475  0.470E-02  0.554E-02
180536.365     1418745     8212174  0.467E-02  0.544E-02
181536.431     1429255     8309801  0.462E-02  0.535E-02
182540.983     1439700     8407628  0.456E-02  0.526E-02
183536.409     1450075     8504751  0.452E-02  0.517E-02
184536.421     1460550     8602611  0.448E-02  0.508E-02
185536.397     1470987     8700530  0.445E-02  0.499E-02
190536.387     1481446     8798371  0.442E-02  0.491E-02
191536.396     1491574     8896132  0.438E-02  0.483E-02
192536.424     1501945     8993951  0.434E-02  0.476E-02
193536.458     1512308     9091751  0.432E-02  0.469E-02
194536.419     1522636     9189525  0.428E-02  0.462E-02
195536.410     1533031     9287454  0.424E-02  0.455E-02
200536.426     1543397     9385354  0.420E-02  0.449E-02
201536.408     1553649     9483182  0.414E-02  0.443E-02
202536.397     1563877     9581097  0.411E-02  0.438E-02
203536.404     1574000     9678989  0.412E-02  0.432E-02
204536.418     1585033     9776853  0.408E-02  0.427E-02
205536.408     1595273     9874648  0.408E-02  0.421E-02
210536.426     1605659     9972633  0.402E-02  0.415E-02
211536.397     1615895    10070655  0.400E-02  0.411E-02
212536.406     1626155    10168512  0.400E-02  0.405E-02
213536.440     1636380    10266255  0.397E-02  0.401E-02
214536.424     1646726    10364120  0.395E-02  0.396E-02
215536.440     1657010    10462072  0.393E-02  0.392E-02
220536.615     1667064    10560116  0.390E-02  0.387E-02
221536.420     1677298    10657929  0.389E-02  0.383E-02
222536.429     1687547    10756014  0.386E-02  0.379E-02
223536.415     1697874    10853964  0.384E-02  0.375E-02
224536.417     1708059    10951876  0.383E-02  0.371E-02
225536.443     1718190    11049838  0.380E-02  0.367E-02
230536.432     1728387    11147700  0.375E-02  0.364E-02
231536.464     1738639    11245683  0.374E-02  0.360E-02
232536.447     1748870    11343648  0.372E-02  0.357E-02
233536.482     1759063    11441620  0.372E-02  0.353E-02
234536.416     1769155    11539431  0.370E-02  0.350E-02
235536.431     1779260    11637457  0.369E-02  0.347E-02
