Cluster	# of Li atoms
    1         4
    2        21
    3        16
    4        18
    5        10
    6         5
    7        20
    8         2
   10        12
   11         6
   13         4
   14        13
   15         8
   16         1
   18        13
   19         3
   21         5
   22        17
   25        50
   26         8
   28        20
   31         3
   32         9
   33         7
   37         4
   39        14
   42         5
   43         4
   44        14
   45         5
   47        20
   51         2
   52         6
   53         5
   54        11
   55        15
   56         6
   57         9
   58        17
   59        20
   60         9
   62        12
   63        10
   64         8
   65         7
   67         1
   69         6
   70         4
   71         2
   73        23
   74         8
   77         2
   78         7
   79         8
   80         1
   81         9
   83        10
   84         8
   85        10
   86         1
   87         8
   88         9
   90        45
   92        15
   93        12
   95         6
   96        13
   98        14
   99         4
  100         1
  102         4
  104        19
  105         7
  108        13
  109        15
  110         4
  112         3
  113         3
  114         7
  116         1
  117         9
  119         4
  120         2
  121        14
  122         3
  124        15
  125         2
  127         9
  128         1
  129         8
  130         6
  131         2
  132        10
  133         5
  135         7
  136        58
  137        14
  138         6
  141        18
  145         2
  147         2
  148         2
  149         2
  151         1
  152        28
  157        18
  163         8
  165         3
  166         5
  170        30
  178         7
  179         4
  180        19
  181         6
  182         5
  184         5
  185         7
  186         4
  187        16
  188         1
  189         3
  192         2
  193         6
  194         4
  195         4
  197        14
  198        13
  199         3
  201         7
  203         5
  204         9
  205        10
  208         3
  209         6
  210         9
  211         3
  212         6
  213        11
  216         6
  217        12
  219         7
  222         2
  223        15
  226         3
  228         2
  229         9
  233         7
  234         2
  235         2
  236         5
  237         9
  239         4
  240         6
  241         6
  242         6
  244         2
  245         5
  246        10
  247        10
  249         9
  253         1
  254         1
  255         9
  256         5
  257         5
  259         7
  261         9
  262         9
  264         4
  265        14
  267        15
  269         2
  271        17
  272         1
  273         7
  274        10
  275        16
  276         3
  278         4
  279         4
  280         7
  281         1
  282        14
  286        13
  288        12
  290        12
  291        14
  293         7
  297         8
  298         5
  303        12
  304         4
  307         3
  308         9
  310        10
  311         1
  313         9
  314         4
  315        12
  316         3
  317        18
  318         6
  319         5
  321         2
  322         2
  323         5
  324         8
  325        11
  326         1
  330        10
  333         3
  334         1
  336         4
  337         1
  338        15
  339         3
  340        10
  341        12
  342         9
  343        22
  344         4
  345         3
  346         2
  347        12
  348        19
  351        14
  353         3
  354         4
  355        10
  356        13
  358         9
  360         4
  361         4
  362        11
  363         7
  365         6
  366        22
  367         6
  369         7
  371         5
  372         1
  374         6
  375        12
  376         2
  380         4
  381         1
  382         5
  383         6
  385         6
  386         2
  388         8
  389         9
  390        10
  392         6
  393         4
  396         5
  399         4
  400         4
  401         2
  402        16
  404         1
  405        17
  406        19
  407         2
  409         6
  412         1
  413         3
  414         4
  415         5
  417         8
  419         5
  420         5
  421         8
  423         2
  425         6
  426         3
  427         3
  429         8
  430         1
  431         3
  433         9
  434         5
  435         6
  436        20
  437         7
  438         9
  441         2
  442         5
  446         7
  449         1
  450         6
  452         1
  453         2
  454         2
  455         5
  456         4
  457        13
  459         5
  460        10
  461         3
  462         7
  463         7
  465        11
  470         8
  471         3
  474        12
  475         2
  476         2
  478        16
  480         3
  482         5
  483         3
  485         2
  486        13
  488         7
  490        16
  491        10
  493         5
  494         3
  495         3
  496         8
  499         1
  501         3
  503         1
  504         4
  508         2
  509         3
  511         3
  512         2
  514         3
  516         4
  517         2
  518         1
  519         4
  520         1
  521         2
  522         1
  523         1
  526         3
  527         3
  528         3
  529         2
  531         3
  532         3
  533         1
  535         3
  536         4
  537         1
  538         3
  539         1
  540         1
  542         4
  545         1
  546         6
  547         1
  548         1
  549         2
  550         3
  552         3
  553         3
  554         2
  560         3
  565         3
  566         3
  567         2
  568         2
  569         4
  570         1
  572         2
  574         1
  575         1
  577         1
  579         1
  580         4
  581         3
  582         4
  583         3
  585         1
  586         3
  588         1
  589         5
  590         3
  591         2
  592         5
  594         2
  595         2
  597         1
  600         3
  601         5
  602         1
  603         3
  606         4
  607         2
  608        11
  609         3
  611         4
  613         3
  618         2
  621         1
  625         1
  627         4
  628         4
  629         3
  631         7
  633         5
  634         7
  636         3
  642         2
  643         1
  644         1
  645         1
  646         1
  647         3
  650         1
  653         1
  655         6
  656         1
  658         3
  659         1
  660         4
  664         1
  667        13
  670         9
  671         2
  672         3
  674         2
  676         4
  683         3
  684         4
  688         5
  690         2
  691         3
  694         2
  695         1
  698         4
  699         3
  700         1
  702         1
  703         4
  704         1
  705         1
  706         2
  708         3
  709         3
  711         1
  714         1
  715         1
  717         3
  719         1
  720         2
  721         4
  722         1
  723         1
  724         1
  725         2
  726         1
  727         3
  728         1
  729         4
  731         1
  732         1
  733         3
  734         1
  735         1
  736         5
  737         3
  738         3
  739         1
  743         7
  744         1
  745         5
  746         1
  747         2
  749         3
  754         3
  757         1
  758         3
  761         4
  763         2
  764         2
  765         1
  766         1
  767         2
  768         4
  769         6
  770         1
  771         1
  772         2
  774         1
  775         2
  779         3
  783         6
  784         1
  785         1
  786         5
  787         2
  788         3
  789         3
  790         1
  791         1
  792         2
  793         5
  794         4
  795         3
  796         3
  798         1
  803         4
  804         2
  806         3
  807         1
  808         1
  810         1
  811         2
  812         1
  813         5
  814         1
  815         2
  822         1
  823         2
  825         2
  828         3
  829         7
  830         1
  831         5
  832         3
  833         4
  834         1
  837         1
  838         3
  839         1
  840         1
  841         2
  842         2
  843         2
  845         1
  848         5
  850         1
  855         3
  856         3
  857         4
  858         1
  860         1
  861         5
  863         3
  864         1
  865         2
  866         1
  868         1
  869         1
  871         2
  872         7
  874         1
  875         3
  876         2
  877         3
  878         1
  880         4
  881         1
  883         3
  884         2
  885         1
  886         1
  887         3
  888         2
  889         1
  892         2
  895         2
  896         2
  898         1
  901         1
  902         2
  903         2
  904         2
  907         3
  909         3
  913         4
  915         3
  916         1
  917         1
  918         1
  919         1
  923         1
  924         1
  925         3
  927         2
  928         1
  930         2
  931         2
  934         1
  937         1
  938         1
  941         1
  942         2
  943         4
  944         2
  945         3
  946         2
  947         1
  948         2
  950         2
  951         4
  952         2
  953         1
  954         1
  955         2
  956         1
  957         2
  958         1
  959         3
  960         2
  963         1
  966         2
  970         1
  973         3
  976         1
  979         1
  982         2
  985         1
  986         2
  987         4
  992         1
  993         3
  996         1
  997         3
  998         1
  999         2
 1002         1
 1003         1
 1005         1
 1006         1
 1008         1
 1009         2
 1010         1
 1014         2
 1015         2
 1018         1
 1019         1
 1021         2
 1022         2
 1023         2
 1024         1
 1026         1
 1027         2
 1028         1
 1030         1
 1032         2
 1033         2
 1035         1
 1036         1
 1037         1
 1038         1
 1042         2
 1043         1
 1044         1
 1045         2
 1046         2
 1047         1
 1048         1
 1049         1
 1052         1
 1053         2
 1055         3
 1056         1
 1057         2
 1058         3
 1060         2
 1061         3
 1062         1
 1065         1
 1068         1
 1070         1
 1072         1
 1073         1
 1074         1
 1075         1
 1079         1
 1080         2
 1081         2
 1082         1
 1083         2
 1085         4
 1086         2
 1088         1
 1089         1
 1090         1
 1091         2
 1095         1
 1096         1
 1097         1
 1098         2
 1099         2
 1101         2
 1104         2
 1106         2
 1107         1
 1108         1
 1109         3
 1110         1
 1111         1
 1112         1
 1113         3
 1116         1
 1118         3
 1120         1
 1121         1
 1122         1
 1123         2
 1124         1
 1125         1
 1127         2
 1130         2
 1131         1
 1133         2
 1134         1
 1136         2
 1137         2
 1138         2
 1139         3
 1140         3
 1141         2
 1145         1
 1147         2
 1149         1
 1150         1
 1151         1
 1152         1
 1153         2
 1154         1
 1156         2
 1157         1
 1159         1
 1161         3
 1162         1
 1166         1
 1168         1
 1170         2
 1171         2
 1172         1
 1174         2
 1175         2
 1176         1
 1177         2
 1178         1
 1179         1
 1180         2
 1181         3
 1182         2
 1183         2
 1184         1
 1186         1
 1187         1
 1190         2
 1191         1
 1193         2
 1194         1
 1196         1
 1198         1
 1199         1
 1200         1
 1201         1
 1204         1
 1207         1
 1209         1
 1211         1
 1212         1
 1214         2
 1216         2
 1218         2
 1219         1
 1220         2
 1221         1
 1225         2
 1226         1
 1227         1
 1229         2
 1231         2
 1232         1
 1235         2
 1236         2
 1237         2
 1238         1
 1240         1
 1241         1
 1242         2
 1243         2
 1244         2
 1245         1
 1247         2
 1248         2
 1250         1
 1251         1
 1253         2
 1255         2
 1260         2
 1261         1
 1262         1
 1263         1
 1268         2
 1269         1
 1270         1
 1271         1
 1272         1
 1273         1
 1274         2
 1275         2
 1277         2
 1278         2
 1281         1
 1284         2
 1285         1
 1286         1
 1287         1
 1289         1
 1290         1
 1291         2
 1293         1
 1294         2
 1295         2
 1297         2
 1299         1
 1300         1
 1304         1
 1306         1
 1308         1
 1309         1
 1311         1
 1313         1
 1314         1
 1315         1
 1318         1
 1319         2
 1322         1
 1324         2
 1325         1
 1326         2
 1327         1
 1329         1
 1331         2
 1333         1
 1334         1
 1335         2
 1336         2
 1337         1
 1340         1
 1344         2
 1348         2
 1350         2
 1351         2
 1352         3
 1354         1
 1357         1
 1358         1
 1360         1
 1361         1
 1362         2
 1364         1
 1366         1
 1367         1
 1368         2
 1369         2
 1370         2
 1371         1
 1374         1
 1377         1
 1378         1
 1379         1
 1380         1
 1385         1
 1386         1
 1388         2
 1389         1
 1390         1
 1393         2
 1394         1
 1396         1
 1397         2
 1398         2
 1399         1
 1402         1
 1404         2
 1407         1
 1408         2
 1411         1
 1413         2
 1414         1
 1415         2
 1419         3
 1420         1
 1421         2
 1422         1
 1423         1
 1424         1
 1425         1
 1426         1
 1427         2
 1429         2
 1431         1
 1434         2
 1436         1
 1437         1
 1438         1
 1439         1
 1440         1
 1441         1
 1442         1
 1443         1
 1444         1
 1445         1
 1446         1
 1447         1
 1448         1
 1449         1
 1450         1
 1451         1
 1452         1
 1453         1
 1454         1
 1455         1
 1456         1
 1457         1
 1458         1
 1459         1
 1460         1
 1461         1
 1462         1
 1463         1
 1464         1
 1465         1
 1466         1
 1467         1
 1468         1
 1469         1
 1470         1
 1471         1
 1472         1
 1474         1
 1475         1
 1476         1
 1477         1
 1478         1
 1479         1
 1480         1
 1481         1
 1482         1
 1483         1
 1484         1
 1485         1
 1486         1
 1487         1
 1488         1
 1489         1
 1490         1
 1491         1
 1492         1
 1493         1
 1494         1
 1495         1
 1496         1
 1497         1
 1498         1
 1499         1
 1500         1
 1501         1
 1502         1
 1503         1
 1504         1
 1505         1
 1506         1
 1507         1
 1508         1
 1509         1
 1510         1
 1511         1
 1512         1
 1513         1
 1514         1
 1515         1
 1516         1
 1517         1
 1518         1
 1519         1
 1520         1
 1521         1
 1522         1
 1523         1
 1524         1
 1525         1
 1526         1
 1527         1
 1528         1
 1529         1
 1530         1
 1531         1
 1532         1
 1533         1
 1534         1
 1535         1
 1536         1
 1537         1
 1538         1
 1539         1
 1540         1
 1541         1
 1542         1
 1543         1
 1544         1
 1545         1
 1546         1
 1547         1
 1548         1
 1549         1
 1550         1
 1551         1
 1552         1
 1553         1
 1554         1
 1555         1
 1556         1
 1557         1
 1558         1
 1559         1
 1560         1
 1561         1
 1562         1
 1563         1
 1564         1
 1565         1
 1566         1
 1567         1
 1568         1
 1569         1
 1570         1
 1571         1
 1572         1
 1573         1
 1574         1
 1575         1
 1576         1
 1577         1
 1578         1
 1579         1
 1580         1
 1581         1
 1582         1
 1583         1
 1584         1
 1585         1
 1586         1
 1587         1
 1588         1
 1589         1
 1590         1
 1591         1
 1592         1
 1593         1
 1594         1
 1595         1
 1597         1
 1598         1
 1599         1
 1600         1
 1601         1
 1602         1
 1603         1
 1604         1
 1605         1
 1606         1
 1607         1
 1608         1
 1609         1
 1610         1
 1611         1
 1612         1
 1613         1
 1614         1
 1615         1
 1616         1
 1617         1
 1618         1
 1619         1
 1620         1
 1621         1
 1622         1
 1623         1
 1624         1
 1625         1
 1626         1
 1627         1
 1628         1
 1629         1
 1630         1
 1631         1
 1632         1
 1633         1
 1634         1
 1635         1
 1636         1
