Time       moves_acc moves_gen     G(r)_1     S(Q)_1   Tail_fine  Curvature
h/m/s/.th    WEIGHT PARAMETERS   0.100E+01  0.100E+01  0.100E+01  0.100E+01
104156.546       49969       55147  0.790E+00  0.158E+00  0.784E+06  0.101E+08
105156.553       99225      118143  0.461E+00  0.116E+00  0.494E+07  0.324E+06
110156.545      142560      181485  0.280E+00  0.871E-01  0.161E+08  0.579E+04
111156.551      181963      244771  0.186E+00  0.663E-01  0.117E+08  0.214E+04
112156.543      218798      307760  0.124E+00  0.512E-01  0.407E+07  0.164E+04
113156.550      253854      370929  0.816E-01  0.400E-01  0.232E+07  0.122E+04
114156.521      286697      434113  0.517E-01  0.318E-01  0.212E+07  0.949E+03
115156.544      318781      497427  0.313E-01  0.259E-01  0.117E+07  0.808E+03
120156.542      349852      560798  0.190E-01  0.217E-01  0.443E+06  0.606E+03
121156.535      379794      624015  0.126E-01  0.188E-01  0.253E+06  0.550E+03
122156.545      407958      686844  0.995E-02  0.170E-01  0.818E+05  0.430E+03
123156.527      434537      750049  0.863E-02  0.159E-01  0.332E+05  0.333E+03
124156.554      459442      813307  0.766E-02  0.151E-01  0.312E+05  0.256E+03
125156.545      482497      876510  0.687E-02  0.146E-01  0.591E+05  0.213E+03
130156.550      504267      939972  0.618E-02  0.142E-01  0.805E+05  0.178E+03
131156.528      525037     1003616  0.557E-02  0.138E-01  0.837E+05  0.146E+03
132156.548      544563     1067193  0.509E-02  0.134E-01  0.565E+05  0.133E+03
133156.528      563910     1131092  0.466E-02  0.131E-01  0.438E+05  0.126E+03
134156.546      582217     1194449  0.431E-02  0.128E-01  0.777E+05  0.129E+03
135156.550      599983     1257778  0.401E-02  0.125E-01  0.509E+05  0.115E+03
140156.551      617182     1321066  0.377E-02  0.122E-01  0.595E+05  0.100E+03
141156.543      633935     1384473  0.356E-02  0.119E-01  0.597E+05  0.912E+02
142156.551      650183     1447973  0.337E-02  0.116E-01  0.405E+05  0.834E+02
143156.555      666035     1511210  0.319E-02  0.114E-01  0.569E+05  0.769E+02
144156.545      681427     1574416  0.303E-02  0.112E-01  0.560E+05  0.707E+02
145156.527      697001     1637969  0.290E-02  0.109E-01  0.727E+05  0.704E+02
150156.560      711953     1701386  0.276E-02  0.107E-01  0.698E+05  0.609E+02
151156.543      726555     1764872  0.265E-02  0.105E-01  0.397E+05  0.587E+02
152156.544      741015     1828362  0.253E-02  0.103E-01  0.286E+05  0.554E+02
153156.549      755200     1891731  0.243E-02  0.100E-01  0.442E+05  0.491E+02
154156.534      769276     1955533  0.232E-02  0.984E-02  0.667E+05  0.466E+02
155156.526      783379     2019109  0.223E-02  0.963E-02  0.662E+05  0.413E+02
160156.543      797103     2082942  0.215E-02  0.943E-02  0.283E+05  0.407E+02
161156.547      810700     2146123  0.207E-02  0.923E-02  0.566E+05  0.432E+02
162156.533      824068     2209613  0.199E-02  0.903E-02  0.392E+05  0.359E+02
163156.503      837517     2272911  0.192E-02  0.884E-02  0.572E+05  0.342E+02
164156.520      850889     2336272  0.186E-02  0.864E-02  0.815E+05  0.355E+02
165156.546      864187     2399762  0.179E-02  0.845E-02  0.288E+05  0.328E+02
170156.531      876843     2463324  0.172E-02  0.827E-02  0.303E+05  0.300E+02
171156.547      889668     2526768  0.166E-02  0.809E-02  0.497E+05  0.302E+02
172156.556      902425     2590503  0.161E-02  0.791E-02  0.320E+05  0.319E+02
173156.525      915186     2653983  0.156E-02  0.773E-02  0.248E+05  0.350E+02
174156.535      927768     2717638  0.151E-02  0.755E-02  0.277E+05  0.366E+02
175156.535      940141     2781474  0.146E-02  0.738E-02  0.313E+05  0.349E+02
180156.530      952224     2844989  0.140E-02  0.722E-02  0.285E+05  0.282E+02
181156.648      964358     2908022  0.124E-02  0.644E-02  0.304E+05  0.292E+02
182156.545      976174     2971572  0.131E-02  0.690E-02  0.166E+05  0.287E+02
183156.546      987950     3035127  0.127E-02  0.675E-02  0.745E+04  0.249E+02
184156.539      999873     3098575  0.124E-02  0.659E-02  0.196E+05  0.266E+02
185156.542     1011457     3162238  0.120E-02  0.644E-02  0.105E+05  0.273E+02
190156.532     1022896     3226027  0.117E-02  0.629E-02  0.256E+05  0.272E+02
191156.547     1034017     3289539  0.114E-02  0.615E-02  0.447E+04  0.278E+02
192156.545     1045316     3352981  0.111E-02  0.601E-02  0.180E+05  0.258E+02
193156.551     1056333     3416323  0.108E-02  0.588E-02  0.164E+05  0.226E+02
194156.558     1067337     3479866  0.105E-02  0.575E-02  0.472E+04  0.226E+02
195156.554     1078078     3543177  0.103E-02  0.562E-02  0.346E+04  0.197E+02
200156.537     1088935     3606587  0.100E-02  0.549E-02  0.247E+04  0.199E+02
201156.541     1099624     3670106  0.981E-03  0.537E-02  0.151E+04  0.206E+02
202156.554     1110020     3734033  0.956E-03  0.525E-02  0.418E+04  0.197E+02
203156.548     1120401     3797482  0.939E-03  0.513E-02  0.822E+04  0.239E+02
204156.537     1130869     3861546  0.922E-03  0.501E-02  0.206E+04  0.202E+02
205156.559     1141166     3924984  0.901E-03  0.490E-02  0.397E+04  0.186E+02
210156.553     1151210     3988545  0.883E-03  0.479E-02  0.422E+04  0.191E+02
211156.554     1160801     4052267  0.870E-03  0.469E-02  0.286E+04  0.166E+02
212156.492     1170516     4115890  0.855E-03  0.458E-02  0.131E+04  0.180E+02
213156.556     1180358     4179258  0.840E-03  0.448E-02  0.295E+04  0.205E+02
214156.542     1190281     4242936  0.828E-03  0.438E-02  0.143E+04  0.202E+02
215156.551     1199837     4306601  0.815E-03  0.428E-02  0.136E+04  0.203E+02
220156.546     1209533     4370804  0.807E-03  0.418E-02  0.131E+04  0.176E+02
221156.544     1219245     4434891  0.800E-03  0.408E-02  0.201E+04  0.179E+02
222156.521     1228815     4498748  0.789E-03  0.399E-02  0.275E+04  0.171E+02
223156.539     1238493     4562466  0.778E-03  0.390E-02  0.117E+04  0.186E+02
224156.524     1247941     4626131  0.774E-03  0.381E-02  0.159E+04  0.196E+02
225156.551     1257179     4689896  0.765E-03  0.372E-02  0.968E+03  0.189E+02
230156.544     1266581     4753673  0.758E-03  0.364E-02  0.584E+03  0.174E+02
231156.621     1275920     4816773  0.791E-03  0.444E-02  0.107E+04  0.187E+02
232156.543     1285111     4880471  0.750E-03  0.347E-02  0.748E+03  0.175E+02
233156.551     1294217     4943865  0.741E-03  0.339E-02  0.941E+03  0.167E+02
234156.543     1303222     5007642  0.735E-03  0.332E-02  0.576E+03  0.170E+02
235156.536     1312347     5071379  0.733E-03  0.324E-02  0.618E+03  0.164E+02
000156.543     1321369     5134992  0.729E-03  0.317E-02  0.165E+04  0.153E+02
001156.527     1330446     5198887  0.727E-03  0.310E-02  0.410E+03  0.169E+02
002156.552     1339213     5262201  0.719E-03  0.303E-02  0.777E+03  0.176E+02
003156.547     1347911     5326065  0.717E-03  0.296E-02  0.751E+03  0.185E+02
004156.549     1356771     5389907  0.720E-03  0.289E-02  0.602E+03  0.194E+02
005156.522     1365643     5453482  0.721E-03  0.283E-02  0.619E+03  0.177E+02
010156.554     1374471     5516916  0.722E-03  0.276E-02  0.833E+03  0.173E+02
011156.534     1383195     5580668  0.718E-03  0.270E-02  0.602E+03  0.178E+02
012156.540     1391987     5644451  0.718E-03  0.264E-02  0.879E+03  0.197E+02
013156.541     1400561     5708154  0.716E-03  0.258E-02  0.448E+03  0.193E+02
014156.697     1409033     5771690  0.120E-02  0.382E-02  0.677E+03  0.202E+02
015156.531     1417360     5835215  0.710E-03  0.247E-02  0.455E+03  0.183E+02
020156.544     1425635     5899031  0.709E-03  0.242E-02  0.432E+03  0.167E+02
021156.540     1433930     5962618  0.709E-03  0.237E-02  0.676E+03  0.168E+02
022156.566     1442315     6026348  0.705E-03  0.232E-02  0.100E+04  0.173E+02
023156.551     1450599     6089900  0.703E-03  0.227E-02  0.494E+03  0.180E+02
024156.549     1458704     6153291  0.706E-03  0.222E-02  0.530E+03  0.183E+02
025156.537     1468000     6217139  0.719E-03  0.218E-02  0.361E+03  0.196E+02
030156.524     1476315     6280851  0.717E-03  0.213E-02  0.891E+03  0.203E+02
031156.534     1484381     6344407  0.719E-03  0.209E-02  0.578E+03  0.194E+02
032156.537     1492597     6408332  0.720E-03  0.204E-02  0.594E+03  0.197E+02
033156.544     1500688     6472058  0.719E-03  0.200E-02  0.595E+03  0.202E+02
034156.527     1508855     6535923  0.721E-03  0.196E-02  0.617E+03  0.207E+02
035156.549     1516884     6599560  0.722E-03  0.192E-02  0.538E+03  0.238E+02
040156.540     1524958     6663341  0.725E-03  0.188E-02  0.371E+03  0.212E+02
041156.510     1533335     6727353  0.724E-03  0.184E-02  0.491E+03  0.230E+02
042156.520     1541356     6791177  0.725E-03  0.180E-02  0.264E+03  0.165E+02
043156.536     1549217     6854847  0.727E-03  0.177E-02  0.542E+03  0.180E+02
044156.528     1557217     6918457  0.728E-03  0.173E-02  0.429E+03  0.180E+02
045156.546     1565046     6982348  0.730E-03  0.170E-02  0.449E+03  0.179E+02
050156.549     1572887     7046460  0.730E-03  0.167E-02  0.708E+03  0.187E+02
051156.550     1580577     7110204  0.733E-03  0.163E-02  0.354E+03  0.173E+02
052156.550     1588328     7173756  0.736E-03  0.160E-02  0.917E+03  0.180E+02
053156.535     1595910     7237567  0.734E-03  0.157E-02  0.465E+03  0.175E+02
054156.558     1603432     7301238  0.737E-03  0.154E-02  0.513E+03  0.168E+02
055156.528     1611141     7365068  0.740E-03  0.151E-02  0.538E+03  0.151E+02
060156.539     1618530     7428642  0.740E-03  0.149E-02  0.419E+03  0.143E+02
061156.548     1625768     7492483  0.745E-03  0.146E-02  0.416E+03  0.145E+02
062156.550     1633367     7556229  0.744E-03  0.143E-02  0.365E+03  0.147E+02
063156.543     1640915     7619892  0.748E-03  0.141E-02  0.497E+03  0.141E+02
064156.544     1648373     7683439  0.748E-03  0.138E-02  0.418E+03  0.147E+02
065156.540     1655930     7747315  0.753E-03  0.136E-02  0.535E+03  0.137E+02
070156.548     1663279     7811029  0.755E-03  0.133E-02  0.759E+03  0.141E+02
071156.520     1670806     7874437  0.758E-03  0.131E-02  0.814E+03  0.125E+02
072156.537     1678262     7938209  0.762E-03  0.129E-02  0.394E+03  0.130E+02
073156.559     1685631     8002112  0.764E-03  0.126E-02  0.731E+03  0.128E+02
074156.547     1692945     8065455  0.768E-03  0.124E-02  0.531E+03  0.123E+02
075156.545     1700093     8129247  0.768E-03  0.122E-02  0.568E+03  0.116E+02
080156.550     1707431     8192904  0.771E-03  0.120E-02  0.787E+03  0.125E+02
081156.528     1714787     8256801  0.774E-03  0.118E-02  0.727E+03  0.111E+02
082156.543     1722075     8320970  0.776E-03  0.116E-02  0.988E+03  0.132E+02
083156.544     1729382     8385189  0.778E-03  0.114E-02  0.102E+04  0.129E+02
084156.539     1736665     8449364  0.780E-03  0.112E-02  0.908E+03  0.126E+02
085156.548     1743918     8513701  0.784E-03  0.110E-02  0.913E+03  0.152E+02
090156.549     1750939     8577587  0.785E-03  0.109E-02  0.609E+03  0.156E+02
091156.530     1758107     8641579  0.790E-03  0.107E-02  0.633E+03  0.170E+02
092156.545     1765271     8705458  0.792E-03  0.105E-02  0.993E+03  0.166E+02
093156.539     1772387     8769190  0.795E-03  0.103E-02  0.712E+03  0.177E+02
094156.543     1779639     8833248  0.799E-03  0.102E-02  0.117E+04  0.177E+02
095156.537     1786775     8896957  0.803E-03  0.100E-02  0.100E+04  0.196E+02
100156.533     1793810     8960792  0.805E-03  0.986E-03  0.123E+04  0.187E+02
101156.561     1800877     9024387  0.807E-03  0.971E-03  0.106E+04  0.193E+02
102156.552     1807912     9088145  0.807E-03  0.956E-03  0.867E+03  0.179E+02
103156.538     1814910     9151711  0.812E-03  0.941E-03  0.128E+04  0.186E+02
104156.547     1821874     9215232  0.811E-03  0.927E-03  0.164E+04  0.191E+02
105156.534     1828808     9278930  0.816E-03  0.912E-03  0.120E+04  0.197E+02
110156.548     1835731     9342482  0.818E-03  0.899E-03  0.120E+04  0.189E+02
111156.534     1842677     9406043  0.821E-03  0.885E-03  0.120E+04  0.186E+02
112156.544     1849513     9469721  0.822E-03  0.872E-03  0.119E+04  0.199E+02
113156.527     1856432     9533386  0.824E-03  0.859E-03  0.227E+04  0.197E+02
114156.553     1863316     9597137  0.826E-03  0.847E-03  0.199E+04  0.202E+02
115156.541     1870119     9660943  0.826E-03  0.835E-03  0.116E+04  0.196E+02
120156.550     1876963     9724915  0.827E-03  0.823E-03  0.157E+04  0.200E+02
121156.549     1883727     9788730  0.829E-03  0.812E-03  0.117E+04  0.196E+02
122156.549     1890567     9852247  0.831E-03  0.800E-03  0.157E+04  0.188E+02
123156.538     1897443     9915892  0.835E-03  0.789E-03  0.153E+04  0.197E+02
124156.548     1904283     9979603  0.838E-03  0.777E-03  0.192E+04  0.199E+02
125156.543     1911227    10043656  0.841E-03  0.766E-03  0.192E+04  0.187E+02
130156.532     1918078    10107577  0.843E-03  0.755E-03  0.200E+04  0.197E+02
131156.542     1924770    10171715  0.847E-03  0.745E-03  0.237E+04  0.203E+02
132156.518     1931603    10236012  0.851E-03  0.734E-03  0.248E+04  0.216E+02
133156.552     1938316    10300459  0.853E-03  0.724E-03  0.177E+04  0.207E+02
134156.551     1945070    10364701  0.855E-03  0.714E-03  0.243E+04  0.223E+02
135156.525     1951971    10430112  0.858E-03  0.704E-03  0.205E+04  0.222E+02
140156.515     1958809    10495462  0.862E-03  0.694E-03  0.206E+04  0.226E+02
141156.506     1965466    10561031  0.864E-03  0.685E-03  0.189E+04  0.218E+02
142156.530     1972298    10626752  0.870E-03  0.675E-03  0.265E+04  0.213E+02
143156.504     1978963    10692433  0.868E-03  0.666E-03  0.217E+04  0.219E+02
144156.494     1985762    10757869  0.869E-03  0.657E-03  0.286E+04  0.227E+02
145156.530     1992514    10823321  0.869E-03  0.649E-03  0.231E+04  0.222E+02
150156.533     1999214    10888621  0.870E-03  0.640E-03  0.223E+04  0.230E+02
151156.503     2005893    10954211  0.873E-03  0.632E-03  0.293E+04  0.211E+02
152156.481     2012413    11019686  0.875E-03  0.624E-03  0.436E+04  0.207E+02
153156.515     2019160    11085245  0.883E-03  0.615E-03  0.373E+04  0.210E+02
154156.508     2026035    11151859  0.886E-03  0.606E-03  0.422E+04  0.219E+02
155156.528     2032703    11217416  0.889E-03  0.598E-03  0.469E+04  0.219E+02
160156.525     2039374    11282784  0.889E-03  0.590E-03  0.204E+04  0.232E+02
161156.526     2045832    11348148  0.892E-03  0.583E-03  0.322E+04  0.238E+02
162156.481     2052432    11413982  0.892E-03  0.575E-03  0.351E+04  0.244E+02
163156.525     2059033    11479069  0.897E-03  0.567E-03  0.473E+04  0.246E+02
164156.506     2065633    11544670  0.902E-03  0.560E-03  0.307E+04  0.250E+02
165156.498     2072181    11610322  0.903E-03  0.553E-03  0.422E+04  0.242E+02
170156.485     2078728    11676905  0.904E-03  0.546E-03  0.342E+04  0.231E+02
171156.499     2085322    11743030  0.906E-03  0.539E-03  0.399E+04  0.250E+02
172156.504     2091700    11808124  0.910E-03  0.533E-03  0.366E+04  0.252E+02
173156.504     2098193    11873447  0.911E-03  0.526E-03  0.487E+04  0.256E+02
174156.493     2104767    11939167  0.916E-03  0.519E-03  0.403E+04  0.253E+02
175156.510     2111506    12004696  0.924E-03  0.512E-03  0.403E+04  0.253E+02
180156.494     2118682    12069918  0.937E-03  0.506E-03  0.115E+05  0.255E+02
181156.514     2125431    12135207  0.934E-03  0.499E-03  0.408E+04  0.254E+02
182156.520     2131976    12200742  0.936E-03  0.493E-03  0.557E+04  0.250E+02
183156.506     2138438    12266552  0.940E-03  0.487E-03  0.461E+04  0.251E+02
184156.501     2144885    12331783  0.938E-03  0.481E-03  0.348E+04  0.253E+02
185156.524     2151393    12397258  0.940E-03  0.475E-03  0.520E+04  0.265E+02
190156.485     2157814    12462810  0.942E-03  0.469E-03  0.660E+04  0.248E+02
191156.500     2164309    12528955  0.944E-03  0.463E-03  0.757E+04  0.247E+02
192156.489     2170756    12594474  0.948E-03  0.457E-03  0.391E+04  0.257E+02
193156.511     2177093    12659914  0.952E-03  0.451E-03  0.429E+04  0.256E+02
194156.492     2183463    12725506  0.954E-03  0.445E-03  0.368E+04  0.271E+02
195156.511     2189901    12791204  0.958E-03  0.439E-03  0.570E+04  0.268E+02
200156.502     2196151    12857077  0.958E-03  0.434E-03  0.494E+04  0.300E+02
201156.516     2202291    12922219  0.959E-03  0.429E-03  0.475E+04  0.278E+02
202156.544     2208647    12987477  0.963E-03  0.424E-03  0.491E+04  0.309E+02
203156.504     2215077    13052840  0.968E-03  0.418E-03  0.668E+04  0.284E+02
204156.483     2221266    13118193  0.969E-03  0.414E-03  0.520E+04  0.294E+02
205156.546     2227687    13184101  0.971E-03  0.408E-03  0.661E+04  0.277E+02
210156.497     2233945    13249455  0.974E-03  0.403E-03  0.665E+04  0.281E+02
211156.520     2240149    13314681  0.977E-03  0.399E-03  0.601E+04  0.289E+02
212156.509     2246452    13379840  0.980E-03  0.394E-03  0.730E+04  0.288E+02
213156.482     2252722    13444917  0.980E-03  0.389E-03  0.606E+04  0.281E+02
214156.505     2258946    13510297  0.985E-03  0.385E-03  0.405E+04  0.279E+02
215156.524     2265176    13575845  0.989E-03  0.380E-03  0.460E+04  0.284E+02
220156.498     2271449    13641478  0.992E-03  0.375E-03  0.469E+04  0.295E+02
221156.525     2277701    13706791  0.995E-03  0.371E-03  0.803E+04  0.289E+02
222156.496     2283846    13772474  0.996E-03  0.366E-03  0.626E+04  0.286E+02
223156.497     2290057    13838085  0.100E-02  0.362E-03  0.544E+04  0.282E+02
224156.488     2296234    13903742  0.101E-02  0.358E-03  0.493E+04  0.278E+02
225156.518     2302363    13969500  0.101E-02  0.353E-03  0.681E+04  0.268E+02
230156.523     2308534    14034969  0.101E-02  0.349E-03  0.966E+04  0.264E+02
231156.536     2314687    14100768  0.102E-02  0.345E-03  0.781E+04  0.270E+02
232156.496     2320766    14166156  0.102E-02  0.341E-03  0.913E+04  0.281E+02
233156.486     2326900    14231921  0.102E-02  0.337E-03  0.613E+04  0.269E+02
