Time       moves_acc moves_gen     G(r)_1     S(Q)_1   Tail_fine  Curvature  Curvature  Curvature
h/m/s/.th    WEIGHT PARAMETERS   0.100E+01  0.100E+01  0.100E+01  0.100E+01  0.100E+01  0.100E+01
094145.855       16358       18519  0.277E+02  0.218E+00  0.184E+06  0.114E-06  0.641E-01  0.527E+08
095145.876       35017       45296  0.111E+02  0.192E+00  0.716E+06  0.948E-02  0.787E-01  0.248E+08
100145.858       51666       72313  0.511E+01  0.170E+00  0.173E+07  0.543E-02  0.156E+00  0.114E+08
101145.844       67085       99242  0.276E+01  0.152E+00  0.258E+07  0.435E-02  0.176E+00  0.467E+07
102145.858       81824      125994  0.172E+01  0.136E+00  0.304E+07  0.173E-02  0.236E+00  0.150E+07
103145.858       96235      152871  0.120E+01  0.122E+00  0.221E+07  0.360E-02  0.234E+00  0.381E+06
104146.262      110595      180005  0.571E+00  0.193E+00  0.300E+07  0.212E-02  0.370E+00  0.860E+05
105145.835      124532      206881  0.697E+00  0.994E-01  0.332E+07  0.167E-02  0.594E+00  0.275E+05
110145.834      138290      233875  0.559E+00  0.902E-01  0.728E+07  0.183E-02  0.720E+00  0.109E+05
111145.859      151258      260796  0.458E+00  0.820E-01  0.355E+07  0.202E-02  0.101E+01  0.684E+04
112145.877      164186      287805  0.376E+00  0.747E-01  0.294E+07  0.238E-02  0.130E+01  0.329E+04
113145.848      176683      314953  0.311E+00  0.683E-01  0.409E+07  0.216E-02  0.195E+01  0.137E+04
114145.837      188834      342134  0.257E+00  0.626E-01  0.553E+06  0.209E-02  0.233E+01  0.419E+03
115145.830      200550      369418  0.213E+00  0.574E-01  0.918E+06  0.205E-02  0.294E+01  0.155E+03
120145.843      210964      396889  0.179E+00  0.531E-01  0.115E+07  0.287E-02  0.359E+01  0.114E+03
121145.836      222018      424577  0.149E+00  0.489E-01  0.211E+07  0.554E-02  0.505E+01  0.930E+02
122145.870      232946      451976  0.125E+00  0.453E-01  0.964E+06  0.660E-02  0.659E+01  0.804E+02
123145.852      243650      479243  0.105E+00  0.421E-01  0.102E+07  0.485E-02  0.904E+01  0.697E+02
124145.868      254250      506488  0.877E-01  0.393E-01  0.223E+07  0.624E-02  0.111E+02  0.691E+02
125145.867      265021      533851  0.730E-01  0.367E-01  0.802E+06  0.284E-02  0.138E+02  0.640E+02
130145.835      275888      561509  0.608E-01  0.343E-01  0.108E+07  0.300E-02  0.164E+02  0.623E+02
131145.842      286610      588837  0.508E-01  0.323E-01  0.969E+06  0.412E-02  0.197E+02  0.609E+02
132145.847      297283      616068  0.427E-01  0.305E-01  0.635E+06  0.330E-02  0.219E+02  0.545E+02
133145.839      308060      643287  0.361E-01  0.289E-01  0.681E+06  0.291E-02  0.225E+02  0.497E+02
134145.852      318743      670580  0.309E-01  0.275E-01  0.796E+06  0.330E-02  0.239E+02  0.465E+02
135145.906      329590      698165  0.265E-01  0.262E-01  0.548E+06  0.514E-02  0.253E+02  0.417E+02
140145.838      340287      725698  0.231E-01  0.251E-01  0.748E+06  0.506E-02  0.268E+02  0.385E+02
141145.833      350786      752973  0.204E-01  0.241E-01  0.565E+06  0.333E-02  0.276E+02  0.358E+02
142145.856      361210      780195  0.182E-01  0.233E-01  0.609E+06  0.459E-02  0.291E+02  0.358E+02
143145.834      371475      807398  0.166E-01  0.225E-01  0.591E+06  0.457E-02  0.302E+02  0.360E+02
144145.844      381620      834590  0.152E-01  0.218E-01  0.454E+06  0.624E-02  0.300E+02  0.344E+02
145145.871      391615      861845  0.142E-01  0.212E-01  0.521E+06  0.974E-02  0.305E+02  0.334E+02
150145.825      401423      889120  0.133E-01  0.207E-01  0.475E+06  0.111E-01  0.323E+02  0.341E+02
151145.843      410966      916427  0.126E-01  0.202E-01  0.517E+06  0.160E-01  0.326E+02  0.303E+02
152145.860      420279      943814  0.120E-01  0.198E-01  0.418E+06  0.208E-01  0.348E+02  0.309E+02
153145.839      429560      971329  0.115E-01  0.194E-01  0.515E+06  0.235E-01  0.350E+02  0.287E+02
154145.841      438482      998906  0.111E-01  0.191E-01  0.571E+06  0.156E-01  0.345E+02  0.264E+02
155145.864      447072     1026407  0.106E-01  0.188E-01  0.609E+06  0.307E-01  0.337E+02  0.250E+02
160145.827      455567     1053933  0.102E-01  0.185E-01  0.836E+06  0.341E-01  0.344E+02  0.262E+02
161145.853      463928     1081372  0.981E-02  0.182E-01  0.587E+06  0.545E-01  0.362E+02  0.232E+02
162145.834      471898     1108826  0.941E-02  0.180E-01  0.776E+06  0.494E-01  0.350E+02  0.214E+02
163145.823      479771     1136244  0.906E-02  0.178E-01  0.852E+06  0.776E-01  0.346E+02  0.230E+02
164145.890      487417     1163600  0.873E-02  0.176E-01  0.741E+06  0.674E-01  0.339E+02  0.214E+02
165145.853      494722     1190924  0.837E-02  0.174E-01  0.820E+06  0.716E-01  0.376E+02  0.198E+02
170146.222      502090     1218224  0.438E-02  0.978E-02  0.837E+06  0.854E-01  0.394E+02  0.196E+02
171145.836      509214     1245464  0.765E-02  0.170E-01  0.131E+07  0.918E-01  0.428E+02  0.195E+02
172145.841      516232     1272711  0.734E-02  0.168E-01  0.102E+07  0.106E+00  0.408E+02  0.183E+02
173145.840      523102     1299998  0.702E-02  0.166E-01  0.792E+06  0.132E+00  0.416E+02  0.189E+02
174145.839      529923     1327262  0.676E-02  0.165E-01  0.859E+06  0.129E+00  0.405E+02  0.176E+02
175145.889      536652     1354497  0.649E-02  0.163E-01  0.875E+06  0.145E+00  0.442E+02  0.169E+02
180145.842      543273     1381783  0.625E-02  0.161E-01  0.107E+07  0.165E+00  0.459E+02  0.196E+02
181145.839      549627     1409014  0.600E-02  0.160E-01  0.170E+07  0.164E+00  0.458E+02  0.182E+02
182145.832      556017     1436279  0.579E-02  0.158E-01  0.120E+07  0.170E+00  0.449E+02  0.166E+02
183145.832      562080     1463522  0.559E-02  0.157E-01  0.165E+07  0.187E+00  0.463E+02  0.165E+02
184145.826      567873     1490797  0.539E-02  0.156E-01  0.200E+07  0.203E+00  0.466E+02  0.147E+02
185145.839      573908     1518080  0.519E-02  0.154E-01  0.207E+07  0.190E+00  0.505E+02  0.158E+02
190145.840      579797     1545341  0.499E-02  0.153E-01  0.115E+07  0.212E+00  0.538E+02  0.155E+02
191145.836      585601     1572619  0.481E-02  0.152E-01  0.243E+07  0.206E+00  0.560E+02  0.158E+02
192145.835      591263     1599871  0.466E-02  0.150E-01  0.211E+07  0.222E+00  0.538E+02  0.168E+02
193145.843      596976     1627154  0.450E-02  0.149E-01  0.115E+07  0.234E+00  0.572E+02  0.157E+02
194145.848      602407     1654493  0.435E-02  0.148E-01  0.310E+07  0.239E+00  0.625E+02  0.168E+02
195145.879      607686     1681872  0.420E-02  0.147E-01  0.353E+07  0.257E+00  0.624E+02  0.168E+02
200145.827      613110     1709277  0.408E-02  0.145E-01  0.189E+07  0.276E+00  0.641E+02  0.170E+02
201145.841      618986     1736740  0.398E-02  0.144E-01  0.194E+07  0.299E+00  0.661E+02  0.154E+02
202145.840      624100     1764248  0.386E-02  0.143E-01  0.257E+07  0.304E+00  0.650E+02  0.155E+02
203145.831      629262     1791701  0.373E-02  0.142E-01  0.187E+07  0.302E+00  0.722E+02  0.161E+02
204145.845      634542     1819214  0.362E-02  0.141E-01  0.167E+07  0.317E+00  0.711E+02  0.172E+02
205145.844      639509     1846652  0.351E-02  0.140E-01  0.341E+07  0.329E+00  0.729E+02  0.170E+02
210145.836      644342     1874052  0.341E-02  0.139E-01  0.201E+07  0.352E+00  0.743E+02  0.169E+02
211145.844      649171     1901432  0.332E-02  0.138E-01  0.369E+07  0.367E+00  0.779E+02  0.160E+02
212145.832      653838     1928815  0.323E-02  0.137E-01  0.316E+07  0.362E+00  0.773E+02  0.162E+02
213145.828      658472     1956265  0.313E-02  0.136E-01  0.151E+07  0.397E+00  0.789E+02  0.174E+02
214145.876      662889     1983693  0.305E-02  0.135E-01  0.181E+07  0.405E+00  0.861E+02  0.165E+02
215145.865      667185     2011204  0.297E-02  0.134E-01  0.315E+06  0.407E+00  0.851E+02  0.173E+02
220145.850      671531     2038658  0.290E-02  0.133E-01  0.355E+06  0.418E+00  0.880E+02  0.167E+02
221145.853      675874     2066136  0.283E-02  0.132E-01  0.460E+06  0.432E+00  0.899E+02  0.161E+02
222145.822      680046     2093651  0.277E-02  0.131E-01  0.275E+06  0.411E+00  0.888E+02  0.175E+02
223145.823      684129     2121093  0.269E-02  0.131E-01  0.356E+06  0.422E+00  0.945E+02  0.185E+02
224145.822      688081     2148520  0.263E-02  0.130E-01  0.295E+06  0.424E+00  0.971E+02  0.192E+02
225145.829      692068     2175973  0.256E-02  0.129E-01  0.270E+06  0.425E+00  0.985E+02  0.210E+02
230145.834      695853     2203325  0.251E-02  0.129E-01  0.386E+06  0.452E+00  0.984E+02  0.182E+02
231145.837      699652     2230744  0.246E-02  0.128E-01  0.198E+06  0.451E+00  0.997E+02  0.202E+02
232145.848      703401     2258192  0.241E-02  0.127E-01  0.512E+06  0.456E+00  0.101E+03  0.195E+02
233145.845      707078     2285563  0.237E-02  0.126E-01  0.167E+06  0.474E+00  0.101E+03  0.199E+02
234145.860      710719     2312930  0.232E-02  0.126E-01  0.161E+06  0.483E+00  0.106E+03  0.186E+02
235145.837      714450     2340347  0.228E-02  0.125E-01  0.265E+06  0.492E+00  0.105E+03  0.224E+02
000145.826      718124     2367733  0.225E-02  0.124E-01  0.221E+06  0.505E+00  0.105E+03  0.191E+02
001145.828      721712     2395122  0.220E-02  0.124E-01  0.172E+06  0.511E+00  0.108E+03  0.234E+02
002145.854      725248     2422533  0.216E-02  0.123E-01  0.203E+06  0.516E+00  0.110E+03  0.207E+02
003145.839      728773     2449914  0.214E-02  0.122E-01  0.232E+06  0.526E+00  0.102E+03  0.223E+02
004145.835      732264     2477281  0.210E-02  0.122E-01  0.145E+06  0.539E+00  0.106E+03  0.193E+02
005145.844      735715     2504698  0.207E-02  0.121E-01  0.211E+06  0.544E+00  0.103E+03  0.206E+02
010145.835      739181     2532066  0.205E-02  0.120E-01  0.206E+06  0.550E+00  0.107E+03  0.206E+02
011145.834      742592     2559409  0.201E-02  0.120E-01  0.197E+06  0.554E+00  0.109E+03  0.212E+02
012145.835      746014     2586759  0.199E-02  0.119E-01  0.262E+06  0.565E+00  0.107E+03  0.183E+02
013145.868      749404     2614096  0.196E-02  0.118E-01  0.133E+06  0.566E+00  0.104E+03  0.235E+02
014145.838      752772     2641436  0.193E-02  0.118E-01  0.115E+06  0.582E+00  0.107E+03  0.234E+02
015145.825      756008     2668739  0.190E-02  0.117E-01  0.146E+06  0.599E+00  0.112E+03  0.220E+02
010145.886      759173     2696074  0.187E-02  0.117E-01  0.894E+05  0.598E+00  0.112E+03  0.254E+02
011145.845      762251     2723374  0.184E-02  0.116E-01  0.893E+05  0.594E+00  0.110E+03  0.255E+02
012145.853      765315     2750710  0.182E-02  0.116E-01  0.680E+05  0.614E+00  0.111E+03  0.267E+02
013146.303      768463     2778042  0.149E-02  0.112E-01  0.102E+06  0.613E+00  0.109E+03  0.226E+02
014145.845      771598     2805354  0.178E-02  0.115E-01  0.114E+06  0.645E+00  0.111E+03  0.238E+02
015145.877      774571     2832650  0.176E-02  0.114E-01  0.117E+06  0.629E+00  0.111E+03  0.246E+02
020145.836      777712     2859969  0.174E-02  0.114E-01  0.799E+05  0.630E+00  0.110E+03  0.239E+02
021145.843      780749     2887240  0.171E-02  0.113E-01  0.112E+06  0.642E+00  0.110E+03  0.255E+02
022145.825      783741     2914565  0.169E-02  0.113E-01  0.998E+05  0.648E+00  0.108E+03  0.242E+02
023145.879      786838     2942013  0.168E-02  0.112E-01  0.118E+06  0.656E+00  0.109E+03  0.252E+02
024145.842      789805     2969399  0.166E-02  0.112E-01  0.689E+05  0.644E+00  0.112E+03  0.269E+02
025145.854      792800     2996808  0.164E-02  0.111E-01  0.947E+05  0.671E+00  0.110E+03  0.271E+02
030145.823      795743     3024239  0.162E-02  0.111E-01  0.951E+05  0.679E+00  0.107E+03  0.257E+02
031145.870      798763     3051619  0.160E-02  0.110E-01  0.761E+05  0.679E+00  0.110E+03  0.300E+02
032145.837      801733     3078968  0.159E-02  0.110E-01  0.929E+05  0.688E+00  0.108E+03  0.292E+02
033145.838      804792     3106313  0.157E-02  0.109E-01  0.608E+05  0.696E+00  0.109E+03  0.283E+02
034145.822      807851     3133591  0.155E-02  0.109E-01  0.100E+06  0.697E+00  0.113E+03  0.277E+02
035145.836      810799     3160966  0.153E-02  0.108E-01  0.707E+05  0.705E+00  0.110E+03  0.344E+02
040145.854      813679     3188314  0.151E-02  0.108E-01  0.700E+05  0.719E+00  0.109E+03  0.318E+02
041145.832      816563     3215641  0.150E-02  0.107E-01  0.917E+05  0.733E+00  0.108E+03  0.316E+02
042145.915      819432     3242993  0.149E-02  0.107E-01  0.110E+06  0.723E+00  0.108E+03  0.259E+02
043145.841      822397     3270320  0.147E-02  0.106E-01  0.110E+06  0.721E+00  0.106E+03  0.318E+02
044145.826      825399     3297690  0.146E-02  0.106E-01  0.904E+05  0.723E+00  0.104E+03  0.290E+02
045145.887      828728     3324859  0.147E-02  0.105E-01  0.191E+06  0.744E+00  0.979E+02  0.216E+02
050145.860      831834     3352222  0.144E-02  0.105E-01  0.809E+05  0.748E+00  0.100E+03  0.307E+02
051145.891      834732     3379626  0.143E-02  0.104E-01  0.875E+05  0.764E+00  0.101E+03  0.292E+02
052145.825      837557     3406979  0.141E-02  0.104E-01  0.739E+05  0.762E+00  0.109E+03  0.270E+02
053145.849      840863     3434154  0.142E-02  0.103E-01  0.110E+06  0.769E+00  0.984E+02  0.234E+02
054145.877      843961     3461544  0.140E-02  0.102E-01  0.746E+05  0.770E+00  0.100E+03  0.297E+02
055145.841      846970     3488900  0.138E-02  0.102E-01  0.874E+05  0.790E+00  0.103E+03  0.322E+02
060145.839      849859     3516305  0.137E-02  0.101E-01  0.101E+06  0.779E+00  0.108E+03  0.277E+02
061145.891      852777     3543669  0.135E-02  0.101E-01  0.447E+05  0.785E+00  0.107E+03  0.295E+02
062145.853      855598     3571042  0.134E-02  0.101E-01  0.968E+05  0.786E+00  0.111E+03  0.296E+02
063145.840      858491     3598468  0.133E-02  0.100E-01  0.102E+06  0.823E+00  0.108E+03  0.271E+02
064145.838      861619     3625575  0.134E-02  0.995E-02  0.193E+07  0.822E+00  0.102E+03  0.206E+02
065145.861      864815     3652946  0.133E-02  0.989E-02  0.824E+05  0.837E+00  0.102E+03  0.232E+02
070145.841      867957     3680028  0.131E-02  0.984E-02  0.180E+07  0.834E+00  0.992E+02  0.268E+02
071145.874      871417     3707329  0.131E-02  0.977E-02  0.551E+05  0.841E+00  0.101E+03  0.267E+02
072145.852      874436     3734685  0.128E-02  0.972E-02  0.835E+05  0.842E+00  0.104E+03  0.306E+02
073145.828      877374     3762029  0.127E-02  0.968E-02  0.982E+05  0.847E+00  0.108E+03  0.276E+02
074145.845      880293     3789412  0.125E-02  0.963E-02  0.721E+05  0.853E+00  0.108E+03  0.303E+02
075145.838      883145     3816745  0.124E-02  0.959E-02  0.685E+05  0.866E+00  0.108E+03  0.326E+02
080145.844      885939     3844081  0.122E-02  0.956E-02  0.483E+05  0.868E+00  0.110E+03  0.390E+02
081145.838      889185     3871213  0.123E-02  0.950E-02  0.744E+05  0.889E+00  0.958E+02  0.291E+02
082145.837      892220     3898499  0.122E-02  0.945E-02  0.773E+05  0.892E+00  0.103E+03  0.315E+02
083145.841      895185     3925902  0.121E-02  0.940E-02  0.890E+05  0.904E+00  0.106E+03  0.292E+02
084145.832      897985     3953231  0.119E-02  0.936E-02  0.798E+05  0.907E+00  0.106E+03  0.320E+02
085145.837      900854     3980591  0.118E-02  0.932E-02  0.493E+05  0.912E+00  0.107E+03  0.327E+02
090145.841      903734     4008049  0.117E-02  0.928E-02  0.691E+05  0.916E+00  0.107E+03  0.300E+02
091145.839      907137     4035197  0.119E-02  0.920E-02  0.126E+06  0.936E+00  0.956E+02  0.222E+02
092145.996      910184     4062637  0.140E-02  0.103E-01  0.103E+06  0.941E+00  0.102E+03  0.268E+02
093145.821      913154     4090087  0.115E-02  0.911E-02  0.587E+05  0.970E+00  0.105E+03  0.302E+02
094145.828      916029     4117585  0.114E-02  0.906E-02  0.551E+05  0.932E+00  0.107E+03  0.271E+02
095145.841      918906     4145051  0.113E-02  0.902E-02  0.419E+05  0.950E+00  0.109E+03  0.352E+02
100145.860      921697     4172548  0.111E-02  0.898E-02  0.542E+05  0.966E+00  0.108E+03  0.366E+02
101145.828      924961     4199787  0.112E-02  0.893E-02  0.757E+05  0.944E+00  0.982E+02  0.297E+02
102146.296      927877     4227307  0.112E-02  0.883E-02  0.503E+05  0.962E+00  0.105E+03  0.310E+02
103145.854      930870     4254792  0.109E-02  0.884E-02  0.601E+05  0.976E+00  0.105E+03  0.344E+02
104145.832      934137     4281948  0.110E-02  0.879E-02  0.902E+05  0.975E+00  0.949E+02  0.265E+02
105145.851      937168     4309364  0.109E-02  0.873E-02  0.106E+06  0.971E+00  0.992E+02  0.300E+02
110145.823      940422     4336534  0.110E-02  0.867E-02  0.831E+06  0.976E+00  0.942E+02  0.215E+02
111145.838      943699     4363935  0.109E-02  0.862E-02  0.178E+06  0.100E+01  0.992E+02  0.244E+02
112145.874      946626     4391331  0.107E-02  0.858E-02  0.633E+05  0.981E+00  0.105E+03  0.298E+02
113145.869      949528     4418678  0.105E-02  0.854E-02  0.542E+05  0.989E+00  0.110E+03  0.354E+02
114145.821      952243     4446097  0.103E-02  0.851E-02  0.401E+05  0.101E+01  0.107E+03  0.344E+02
115145.836      955000     4473496  0.102E-02  0.848E-02  0.485E+05  0.100E+01  0.109E+03  0.404E+02
120145.837      958241     4500654  0.103E-02  0.842E-02  0.794E+05  0.999E+00  0.101E+03  0.295E+02
121145.842      961779     4527851  0.105E-02  0.834E-02  0.666E+05  0.995E+00  0.984E+02  0.231E+02
122145.848      964851     4555218  0.103E-02  0.829E-02  0.957E+05  0.101E+01  0.104E+03  0.294E+02
123145.828      967793     4582632  0.102E-02  0.825E-02  0.687E+05  0.101E+01  0.107E+03  0.304E+02
124145.844      970651     4610031  0.100E-02  0.822E-02  0.785E+05  0.101E+01  0.109E+03  0.300E+02
125145.832      973377     4637502  0.981E-03  0.819E-02  0.546E+05  0.104E+01  0.112E+03  0.350E+02
130145.824      976864     4664802  0.100E-02  0.812E-02  0.661E+05  0.103E+01  0.102E+03  0.243E+02
131145.830      979746     4692276  0.990E-03  0.808E-02  0.552E+05  0.100E+01  0.104E+03  0.278E+02
132145.853      982601     4719725  0.979E-03  0.803E-02  0.741E+05  0.104E+01  0.103E+03  0.294E+02
133145.846      985421     4747236  0.964E-03  0.800E-02  0.680E+05  0.103E+01  0.107E+03  0.334E+02
134145.835      988195     4774714  0.951E-03  0.797E-02  0.438E+05  0.104E+01  0.112E+03  0.312E+02
135145.833      990868     4802191  0.935E-03  0.793E-02  0.372E+05  0.106E+01  0.108E+03  0.371E+02
140145.839      993961     4829396  0.943E-03  0.789E-02  0.105E+06  0.105E+01  0.963E+02  0.309E+02
141145.850      996815     4856793  0.925E-03  0.786E-02  0.551E+05  0.104E+01  0.102E+03  0.401E+02
142145.872      999561     4884133  0.911E-03  0.783E-02  0.427E+05  0.104E+01  0.105E+03  0.414E+02
143145.841     1002216     4911487  0.897E-03  0.780E-02  0.310E+05  0.109E+01  0.106E+03  0.434E+02
144145.853     1005552     4938561  0.917E-03  0.774E-02  0.904E+05  0.106E+01  0.100E+03  0.299E+02
145145.828     1008301     4965972  0.899E-03  0.771E-02  0.548E+05  0.106E+01  0.102E+03  0.403E+02
150145.867     1011580     4993084  0.911E-03  0.766E-02  0.790E+05  0.106E+01  0.975E+02  0.295E+02
151145.837     1014858     5020182  0.924E-03  0.760E-02  0.120E+06  0.107E+01  0.935E+02  0.263E+02
152145.836     1017773     5047514  0.911E-03  0.756E-02  0.654E+05  0.107E+01  0.105E+03  0.250E+02
153145.851     1020486     5074897  0.903E-03  0.752E-02  0.306E+05  0.106E+01  0.105E+03  0.281E+02
154145.828     1023255     5102308  0.894E-03  0.748E-02  0.778E+05  0.106E+01  0.107E+03  0.268E+02
155145.887     1026048     5129693  0.877E-03  0.745E-02  0.768E+05  0.110E+01  0.106E+03  0.347E+02
160145.870     1029283     5156854  0.889E-03  0.740E-02  0.125E+06  0.110E+01  0.975E+02  0.266E+02
161145.903     1032227     5184187  0.880E-03  0.735E-02  0.797E+05  0.112E+01  0.104E+03  0.291E+02
162145.844     1035650     5211316  0.904E-03  0.729E-02  0.194E+06  0.111E+01  0.953E+02  0.191E+02
163145.828     1038727     5238756  0.888E-03  0.724E-02  0.822E+05  0.117E+01  0.996E+02  0.253E+02
164145.836     1041669     5266195  0.869E-03  0.721E-02  0.425E+05  0.117E+01  0.106E+03  0.280E+02
165145.838     1044491     5293619  0.856E-03  0.717E-02  0.521E+05  0.118E+01  0.106E+03  0.294E+02
170145.839     1047306     5320994  0.848E-03  0.714E-02  0.665E+05  0.120E+01  0.105E+03  0.294E+02
171145.860     1049987     5348364  0.837E-03  0.711E-02  0.413E+05  0.123E+01  0.108E+03  0.304E+02
172145.825     1053219     5375522  0.859E-03  0.705E-02  0.122E+06  0.119E+01  0.969E+02  0.223E+02
173145.831     1056203     5402898  0.846E-03  0.701E-02  0.941E+05  0.119E+01  0.104E+03  0.262E+02
174146.432     1058892     5430286  0.910E-03  0.694E-02  0.704E+05  0.120E+01  0.109E+03  0.319E+02
175145.841     1062167     5457377  0.849E-03  0.693E-02  0.133E+06  0.121E+01  0.962E+02  0.222E+02
180145.819     1065036     5484692  0.831E-03  0.689E-02  0.626E+05  0.122E+01  0.105E+03  0.268E+02
181145.824     1067820     5512068  0.813E-03  0.686E-02  0.563E+05  0.121E+01  0.108E+03  0.335E+02
182145.839     1070553     5539429  0.805E-03  0.683E-02  0.472E+05  0.122E+01  0.108E+03  0.322E+02
183145.835     1073778     5566612  0.827E-03  0.678E-02  0.932E+05  0.123E+01  0.972E+02  0.222E+02
184145.827     1076678     5593946  0.818E-03  0.673E-02  0.117E+06  0.122E+01  0.101E+03  0.263E+02
185145.833     1079522     5621324  0.806E-03  0.670E-02  0.576E+05  0.125E+01  0.105E+03  0.274E+02
190145.846     1082717     5648492  0.831E-03  0.665E-02  0.377E+06  0.128E+01  0.947E+02  0.181E+02
191145.839     1085832     5675877  0.810E-03  0.660E-02  0.773E+05  0.127E+01  0.105E+03  0.245E+02
192145.832     1089081     5703046  0.820E-03  0.655E-02  0.161E+06  0.126E+01  0.962E+02  0.206E+02
193145.829     1092532     5730163  0.829E-03  0.649E-02  0.121E+06  0.130E+01  0.933E+02  0.230E+02
194145.818     1095704     5757568  0.811E-03  0.645E-02  0.651E+05  0.132E+01  0.994E+02  0.268E+02
195145.867     1098632     5784909  0.792E-03  0.642E-02  0.539E+05  0.135E+01  0.103E+03  0.311E+02
200145.822     1101448     5812261  0.769E-03  0.639E-02  0.483E+05  0.134E+01  0.108E+03  0.346E+02
201145.843     1104240     5839621  0.756E-03  0.637E-02  0.456E+05  0.133E+01  0.108E+03  0.359E+02
202145.878     1107484     5866714  0.777E-03  0.632E-02  0.831E+05  0.129E+01  0.997E+02  0.249E+02
203145.835     1110415     5894058  0.766E-03  0.628E-02  0.778E+05  0.126E+01  0.104E+03  0.280E+02
204145.845     1113184     5921409  0.761E-03  0.624E-02  0.488E+05  0.129E+01  0.105E+03  0.253E+02
205145.842     1116043     5948728  0.755E-03  0.621E-02  0.545E+05  0.135E+01  0.110E+03  0.258E+02
210145.839     1118813     5976113  0.740E-03  0.617E-02  0.746E+05  0.134E+01  0.108E+03  0.329E+02
211145.859     1121526     6003437  0.728E-03  0.615E-02  0.681E+05  0.134E+01  0.111E+03  0.297E+02
212145.863     1124544     6030559  0.747E-03  0.611E-02  0.144E+07  0.134E+01  0.996E+02  0.221E+02
213145.833     1127540     6057952  0.747E-03  0.606E-02  0.649E+05  0.132E+01  0.105E+03  0.225E+02
214145.826     1130741     6085118  0.770E-03  0.601E-02  0.165E+06  0.132E+01  0.972E+02  0.152E+02
215145.844     1133864     6112593  0.751E-03  0.597E-02  0.765E+05  0.135E+01  0.105E+03  0.257E+02
220145.927     1136861     6139960  0.736E-03  0.593E-02  0.989E+05  0.137E+01  0.106E+03  0.284E+02
221145.845     1139738     6167408  0.729E-03  0.590E-02  0.648E+05  0.137E+01  0.105E+03  0.269E+02
222145.848     1142568     6194497  0.729E-03  0.587E-02  0.251E+07  0.135E+01  0.104E+03  0.204E+02
223145.840     1145589     6221914  0.727E-03  0.583E-02  0.395E+05  0.135E+01  0.103E+03  0.262E+02
224145.883     1148420     6249303  0.712E-03  0.580E-02  0.524E+05  0.138E+01  0.108E+03  0.272E+02
225145.855     1151200     6276682  0.701E-03  0.577E-02  0.435E+05  0.139E+01  0.108E+03  0.282E+02
230145.987     1153909     6304114  0.711E-03  0.640E-02  0.419E+05  0.139E+01  0.111E+03  0.359E+02
231145.835     1156608     6331535  0.666E-03  0.573E-02  0.292E+05  0.138E+01  0.110E+03  0.398E+02
232145.831     1159863     6358690  0.680E-03  0.569E-02  0.631E+05  0.140E+01  0.105E+03  0.323E+02
233145.838     1163029     6385928  0.703E-03  0.564E-02  0.101E+06  0.138E+01  0.978E+02  0.245E+02
234145.846     1165867     6413296  0.689E-03  0.561E-02  0.697E+05  0.134E+01  0.103E+03  0.306E+02
235145.822     1168966     6440479  0.712E-03  0.556E-02  0.146E+06  0.133E+01  0.959E+02  0.218E+02
000145.840     1172002     6467786  0.700E-03  0.552E-02  0.561E+05  0.135E+01  0.101E+03  0.272E+02
001145.844     1174831     6495134  0.684E-03  0.549E-02  0.580E+05  0.137E+01  0.113E+03  0.261E+02
002145.825     1178047     6522233  0.700E-03  0.545E-02  0.956E+05  0.137E+01  0.101E+03  0.209E+02
003145.897     1180954     6549557  0.684E-03  0.542E-02  0.818E+05  0.141E+01  0.107E+03  0.274E+02
004145.844     1183782     6576927  0.675E-03  0.539E-02  0.758E+05  0.141E+01  0.110E+03  0.255E+02
005145.841     1186538     6604263  0.672E-03  0.536E-02  0.610E+05  0.141E+01  0.106E+03  0.264E+02
010145.850     1189261     6631566  0.657E-03  0.533E-02  0.761E+05  0.139E+01  0.111E+03  0.301E+02
011145.823     1192328     6658656  0.679E-03  0.529E-02  0.687E+05  0.140E+01  0.103E+03  0.208E+02
012145.846     1195199     6685959  0.668E-03  0.525E-02  0.543E+05  0.136E+01  0.104E+03  0.267E+02
013145.893     1197958     6713314  0.659E-03  0.523E-02  0.752E+05  0.136E+01  0.108E+03  0.269E+02
014145.835     1200666     6740627  0.646E-03  0.520E-02  0.539E+05  0.137E+01  0.110E+03  0.290E+02
015145.827     1203419     6767987  0.642E-03  0.517E-02  0.649E+05  0.141E+01  0.112E+03  0.279E+02
020145.834     1205991     6795266  0.636E-03  0.515E-02  0.538E+05  0.142E+01  0.112E+03  0.275E+02
021145.847     1209072     6822328  0.668E-03  0.511E-02  0.996E+05  0.142E+01  0.995E+02  0.166E+02
022145.877     1212009     6849554  0.655E-03  0.507E-02  0.788E+05  0.145E+01  0.104E+03  0.228E+02
023145.837     1214873     6876821  0.640E-03  0.504E-02  0.596E+05  0.144E+01  0.107E+03  0.278E+02
024145.854     1217518     6904125  0.631E-03  0.502E-02  0.530E+05  0.144E+01  0.107E+03  0.271E+02
025145.823     1220231     6931394  0.626E-03  0.499E-02  0.610E+05  0.142E+01  0.105E+03  0.285E+02
030145.848     1223398     6958519  0.649E-03  0.495E-02  0.138E+06  0.145E+01  0.976E+02  0.207E+02
031145.824     1226260     6985791  0.630E-03  0.492E-02  0.609E+05  0.148E+01  0.107E+03  0.267E+02
032145.844     1229042     7013125  0.626E-03  0.489E-02  0.938E+05  0.151E+01  0.106E+03  0.272E+02
033145.827     1231856     7040401  0.624E-03  0.486E-02  0.727E+05  0.154E+01  0.108E+03  0.243E+02
034145.866     1234516     7067664  0.612E-03  0.484E-02  0.489E+05  0.154E+01  0.109E+03  0.274E+02
035145.851     1237524     7094712  0.630E-03  0.481E-02  0.252E+06  0.156E+01  0.974E+02  0.205E+02
040145.827     1240350     7122020  0.621E-03  0.477E-02  0.576E+05  0.155E+01  0.105E+03  0.236E+02
041145.870     1243200     7149352  0.616E-03  0.474E-02  0.730E+05  0.159E+01  0.108E+03  0.224E+02
042145.883     1246281     7176426  0.634E-03  0.471E-02  0.130E+06  0.163E+01  0.974E+02  0.195E+02
043145.853     1249087     7203781  0.617E-03  0.468E-02  0.670E+05  0.156E+01  0.101E+03  0.270E+02
044145.857     1251783     7231116  0.604E-03  0.465E-02  0.713E+05  0.159E+01  0.111E+03  0.268E+02
045145.837     1254463     7258514  0.603E-03  0.463E-02  0.796E+05  0.162E+01  0.108E+03  0.245E+02
050145.855     1257091     7285828  0.597E-03  0.460E-02  0.394E+05  0.160E+01  0.110E+03  0.235E+02
051145.834     1259779     7313122  0.588E-03  0.457E-02  0.691E+05  0.163E+01  0.107E+03  0.275E+02
052145.825     1262354     7340469  0.579E-03  0.455E-02  0.533E+05  0.154E+01  0.110E+03  0.288E+02
053145.836     1264966     7367787  0.574E-03  0.453E-02  0.629E+05  0.153E+01  0.110E+03  0.292E+02
054145.841     1267533     7395090  0.566E-03  0.451E-02  0.513E+05  0.157E+01  0.109E+03  0.320E+02
055145.865     1270735     7422128  0.591E-03  0.447E-02  0.941E+05  0.155E+01  0.102E+03  0.227E+02
060145.845     1273567     7449462  0.590E-03  0.443E-02  0.849E+05  0.157E+01  0.105E+03  0.255E+02
061145.852     1276290     7476797  0.580E-03  0.441E-02  0.649E+05  0.158E+01  0.108E+03  0.268E+02
062145.842     1278960     7504088  0.573E-03  0.438E-02  0.517E+05  0.158E+01  0.109E+03  0.288E+02
063145.835     1281568     7531401  0.569E-03  0.436E-02  0.562E+05  0.163E+01  0.111E+03  0.242E+02
064145.830     1284475     7558465  0.589E-03  0.433E-02  0.915E+06  0.164E+01  0.100E+03  0.175E+02
065145.871     1287384     7585784  0.585E-03  0.429E-02  0.676E+05  0.161E+01  0.104E+03  0.206E+02
070145.882     1290116     7613096  0.582E-03  0.426E-02  0.827E+05  0.160E+01  0.102E+03  0.231E+02
071145.881     1292851     7640570  0.565E-03  0.424E-02  0.564E+05  0.162E+01  0.109E+03  0.296E+02
072145.856     1296010     7667742  0.580E-03  0.421E-02  0.565E+05  0.162E+01  0.998E+02  0.230E+02
073145.849     1298757     7695141  0.572E-03  0.418E-02  0.560E+05  0.167E+01  0.106E+03  0.246E+02
074145.845     1301496     7722541  0.559E-03  0.416E-02  0.707E+05  0.164E+01  0.109E+03  0.298E+02
075145.830     1304124     7749822  0.548E-03  0.414E-02  0.425E+05  0.165E+01  0.112E+03  0.277E+02
080145.835     1307330     7776926  0.572E-03  0.410E-02  0.468E+05  0.167E+01  0.102E+03  0.229E+02
081145.833     1310055     7804547  0.558E-03  0.408E-02  0.551E+05  0.171E+01  0.107E+03  0.275E+02
082145.848     1313186     7831794  0.577E-03  0.405E-02  0.642E+05  0.167E+01  0.994E+02  0.191E+02
083145.827     1316090     7858931  0.583E-03  0.402E-02  0.289E+07  0.169E+01  0.967E+02  0.152E+02
084145.908     1319219     7886247  0.567E-03  0.398E-02  0.842E+05  0.174E+01  0.103E+03  0.277E+02
085145.836     1321964     7913793  0.557E-03  0.396E-02  0.608E+05  0.172E+01  0.105E+03  0.272E+02
090145.833     1324649     7941078  0.552E-03  0.394E-02  0.703E+05  0.178E+01  0.106E+03  0.251E+02
091145.832     1327390     7968633  0.537E-03  0.392E-02  0.528E+05  0.182E+01  0.107E+03  0.324E+02
092145.877     1330379     7995698  0.555E-03  0.389E-02  0.712E+05  0.183E+01  0.984E+02  0.246E+02
093145.861     1333136     8023280  0.539E-03  0.387E-02  0.432E+05  0.184E+01  0.105E+03  0.280E+02
094145.824     1336217     8050436  0.562E-03  0.383E-02  0.792E+05  0.182E+01  0.977E+02  0.230E+02
095145.844     1338927     8077795  0.548E-03  0.381E-02  0.568E+05  0.184E+01  0.103E+03  0.251E+02
100145.830     1341685     8105521  0.530E-03  0.379E-02  0.527E+05  0.184E+01  0.107E+03  0.303E+02
101145.845     1344350     8132913  0.517E-03  0.377E-02  0.480E+05  0.184E+01  0.111E+03  0.340E+02
102145.836     1347405     8160012  0.543E-03  0.374E-02  0.835E+05  0.184E+01  0.100E+03  0.212E+02
103145.841     1350142     8187534  0.532E-03  0.372E-02  0.453E+05  0.182E+01  0.106E+03  0.257E+02
