Time       moves_acc moves_gen     G(r)_1     S(Q)_1
h/m/s/.th    WEIGHT PARAMETERS   0.100E+01  0.100E+01
041001.347       60376       93341  0.257E+00  0.548E+00
042001.277      104130      188305  0.186E+00  0.467E+00
043001.263      144636      283474  0.149E+00  0.400E+00
044001.367      182193      378711  0.125E+00  0.347E+00
045001.329      218032      473914  0.106E+00  0.304E+00
050001.263      251823      567074  0.903E-01  0.267E+00
051001.258      284805      661608  0.777E-01  0.236E+00
052001.261      316461      757015  0.674E-01  0.209E+00
053001.247      347022      852338  0.589E-01  0.186E+00
054001.258      376318      947785  0.520E-01  0.165E+00
055001.261      404032     1043305  0.463E-01  0.148E+00
060001.256      430576     1138954  0.417E-01  0.133E+00
061012.019      456215     1234608  0.378E-01  0.120E+00
062001.262      480332     1328508  0.347E-01  0.108E+00
063001.320      504352     1424253  0.320E-01  0.974E-01
064001.266      527173     1519961  0.296E-01  0.884E-01
065001.314      549276     1615806  0.274E-01  0.806E-01
070001.324      569931     1711627  0.254E-01  0.739E-01
071001.316      589837     1807534  0.237E-01  0.681E-01
072001.423      609165     1903409  0.223E-01  0.628E-01
073001.319      627498     1999244  0.211E-01  0.581E-01
074001.325      645697     2095097  0.199E-01  0.540E-01
075001.285      663437     2191123  0.188E-01  0.502E-01
080001.322      680327     2287104  0.178E-01  0.469E-01
081001.303      696638     2383140  0.171E-01  0.439E-01
082001.304      712481     2479228  0.164E-01  0.413E-01
083001.297      728332     2575371  0.157E-01  0.388E-01
084001.325      743813     2671427  0.151E-01  0.366E-01
085001.320      759047     2767485  0.145E-01  0.345E-01
090001.272      773661     2863675  0.140E-01  0.327E-01
091001.291      788285     2959811  0.134E-01  0.310E-01
092001.363      802605     3055946  0.129E-01  0.294E-01
093001.255      816844     3152180  0.125E-01  0.280E-01
094001.333      830923     3248341  0.120E-01  0.266E-01
095001.381      844743     3344494  0.115E-01  0.254E-01
100001.315      858419     3440749  0.112E-01  0.242E-01
101009.927      871850     3537040  0.108E-01  0.230E-01
102001.397      884827     3631887  0.104E-01  0.220E-01
103001.727      897828     3728079  0.101E-01  0.211E-01
104001.418      910956     3824282  0.980E-02  0.201E-01
105001.306      923775     3920661  0.952E-02  0.193E-01
110001.359      936377     4017014  0.926E-02  0.185E-01
111001.352      948960     4113429  0.899E-02  0.177E-01
112001.338      961363     4209863  0.877E-02  0.170E-01
113001.365      973886     4306289  0.851E-02  0.164E-01
114001.730      985983     4402747  0.829E-02  0.157E-01
115001.463      998196     4499186  0.809E-02  0.151E-01
120001.323     1010184     4595707  0.794E-02  0.146E-01
121001.423     1022151     4692255  0.777E-02  0.140E-01
122001.312     1034037     4788768  0.762E-02  0.135E-01
123001.318     1045730     4885368  0.749E-02  0.130E-01
124001.321     1057485     4982132  0.733E-02  0.125E-01
125001.387     1069159     5079015  0.718E-02  0.121E-01
130001.294     1080587     5175725  0.705E-02  0.117E-01
131002.542     1092151     5272560  0.691E-02  0.113E-01
132001.364     1103475     5368997  0.679E-02  0.110E-01
133001.296     1114734     5465775  0.665E-02  0.106E-01
134001.301     1125993     5562429  0.653E-02  0.103E-01
135001.306     1137254     5659371  0.644E-02  0.994E-02
140001.358     1148521     5756355  0.633E-02  0.964E-02
141001.360     1159661     5853220  0.620E-02  0.937E-02
142001.326     1170763     5950153  0.612E-02  0.909E-02
143001.346     1181746     6046935  0.603E-02  0.883E-02
144001.332     1192714     6143854  0.594E-02  0.858E-02
145001.333     1203755     6240921  0.586E-02  0.835E-02
150001.423     1214762     6337987  0.577E-02  0.813E-02
151001.296     1225519     6434557  0.572E-02  0.791E-02
152001.373     1236345     6531616  0.567E-02  0.771E-02
153001.327     1247153     6628671  0.558E-02  0.751E-02
154001.312     1257826     6725755  0.550E-02  0.734E-02
155001.395     1268538     6822859  0.545E-02  0.716E-02
160001.319     1279249     6919869  0.542E-02  0.698E-02
161001.307     1289903     7016748  0.532E-02  0.682E-02
162001.314     1300544     7113845  0.526E-02  0.667E-02
163001.305     1311142     7210948  0.519E-02  0.654E-02
164001.370     1321663     7308086  0.515E-02  0.640E-02
165001.320     1332251     7405164  0.510E-02  0.627E-02
170001.299     1342790     7502287  0.505E-02  0.614E-02
171001.311     1353298     7599422  0.501E-02  0.602E-02
172001.332     1363898     7696583  0.497E-02  0.590E-02
173001.319     1374081     7793838  0.491E-02  0.579E-02
174001.251     1384548     7891068  0.485E-02  0.568E-02
175001.280     1394990     7988436  0.478E-02  0.558E-02
180001.267     1405456     8085753  0.475E-02  0.547E-02
181001.278     1415901     8183018  0.471E-02  0.538E-02
182001.313     1426310     8280365  0.468E-02  0.529E-02
183001.341     1436763     8377692  0.462E-02  0.520E-02
184001.311     1447060     8474940  0.460E-02  0.511E-02
185001.269     1457460     8572139  0.457E-02  0.503E-02
190001.259     1467882     8669458  0.452E-02  0.496E-02
191001.412     1478288     8766718  0.451E-02  0.488E-02
192001.264     1488595     8863886  0.447E-02  0.480E-02
193001.443     1498890     8961077  0.445E-02  0.473E-02
194001.320     1509106     9058297  0.440E-02  0.466E-02
195001.376     1519285     9155589  0.436E-02  0.460E-02
200001.301     1529572     9252859  0.432E-02  0.453E-02
201001.318     1539865     9350242  0.429E-02  0.446E-02
202001.333     1550057     9447624  0.427E-02  0.440E-02
203001.269     1560391     9544964  0.424E-02  0.434E-02
204001.306     1570572     9642386  0.419E-02  0.429E-02
205001.381     1580754     9738988  0.417E-02  0.424E-02
210001.340     1591040     9836451  0.418E-02  0.418E-02
211001.315     1601235     9933773  0.412E-02  0.413E-02
212001.350     1611368    10031039  0.408E-02  0.408E-02
213001.303     1621422    10128374  0.406E-02  0.404E-02
214001.328     1631581    10225606  0.404E-02  0.399E-02
215001.356     1641745    10323022  0.404E-02  0.395E-02
220001.312     1651811    10420439  0.401E-02  0.390E-02
221001.494     1661804    10516270  0.398E-02  0.386E-02
222001.340     1671853    10613593  0.398E-02  0.382E-02
223001.351     1681929    10710888  0.396E-02  0.378E-02
224001.328     1691986    10808281  0.394E-02  0.374E-02
225001.412     1702535    10905546  0.395E-02  0.372E-02
230001.424     1712413    11000586  0.389E-02  0.368E-02
231001.386     1722537    11097928  0.386E-02  0.364E-02
232001.386     1732601    11195189  0.382E-02  0.361E-02
233001.319     1742593    11292352  0.381E-02  0.357E-02
234001.410     1752768    11389689  0.379E-02  0.354E-02
235001.433     1762890    11486976  0.377E-02  0.350E-02
000001.395     1773004    11584373  0.375E-02  0.348E-02
