Time       moves_acc moves_gen     G(r)_1     S(Q)_1
h/m/s/.th    WEIGHT PARAMETERS   0.100E+01  0.100E+01
040718.108      129891      256705  0.389E-01  0.152E+00
041718.027      216521      518540  0.124E-01  0.874E-01
042718.036      280940      781352  0.735E-02  0.586E-01
043718.095      338766     1044602  0.578E-02  0.411E-01
044718.060      392624     1307975  0.455E-02  0.294E-01
045718.013      443312     1572824  0.360E-02  0.214E-01
050718.023      489677     1837737  0.286E-02  0.159E-01
051718.021      533297     2103276  0.231E-02  0.121E-01
052718.005      574530     2369615  0.189E-02  0.943E-02
053718.009      613332     2636106  0.156E-02  0.748E-02
054718.005      650321     2903010  0.133E-02  0.601E-02
055718.008      686056     3171544  0.117E-02  0.490E-02
060718.006      720053     3440219  0.104E-02  0.404E-02
061718.067      753496     3709978  0.970E-03  0.337E-02
062718.010      785979     3980128  0.905E-03  0.285E-02
063718.016      817652     4251158  0.837E-03  0.246E-02
064718.103      848432     4522320  0.815E-03  0.215E-02
065718.044      878935     4793805  0.781E-03  0.191E-02
070718.080      909284     5066452  0.753E-03  0.172E-02
071718.043      939182     5338983  0.740E-03  0.157E-02
072718.061      968673     5610751  0.742E-03  0.145E-02
073718.064      998151     5883077  0.722E-03  0.135E-02
074718.090     1027478     6155590  0.737E-03  0.128E-02
075718.025     1056616     6428319  0.735E-03  0.121E-02
080718.032     1085841     6701365  0.708E-03  0.115E-02
081718.057     1114919     6974596  0.690E-03  0.111E-02
082718.052     1144205     7247191  0.699E-03  0.106E-02
083718.005     1173421     7519763  0.708E-03  0.102E-02
084718.059     1202752     7792580  0.705E-03  0.991E-03
085718.070     1231930     8064960  0.695E-03  0.964E-03
090718.035     1260891     8337102  0.693E-03  0.937E-03
091718.024     1289940     8609336  0.711E-03  0.913E-03
092718.032     1319271     8882322  0.719E-03  0.891E-03
093718.042     1348423     9155275  0.713E-03  0.870E-03
094718.049     1377486     9428515  0.745E-03  0.850E-03
095718.066     1406612     9701604  0.722E-03  0.834E-03
100718.077     1435727     9973835  0.715E-03  0.819E-03
101718.165     1464816    10246624  0.731E-03  0.805E-03
102718.087     1493967    10519323  0.727E-03  0.791E-03
103718.091     1523246    10791954  0.726E-03  0.778E-03
104718.112     1552492    11064439  0.750E-03  0.766E-03
105718.094     1581695    11336803  0.750E-03  0.755E-03
110718.101     1610986    11609744  0.748E-03  0.745E-03
111718.086     1640065    11881962  0.759E-03  0.734E-03
112718.048     1668909    12153840  0.761E-03  0.725E-03
113718.061     1698199    12425984  0.756E-03  0.717E-03
114718.072     1727423    12699058  0.772E-03  0.708E-03
115718.087     1756776    12971890  0.778E-03  0.699E-03
120718.126     1786097    13244461  0.771E-03  0.692E-03
121718.075     1815389    13517017  0.774E-03  0.685E-03
122718.045     1844718    13789327  0.777E-03  0.678E-03
123718.170     1874000    14062132  0.766E-03  0.671E-03
124718.090     1903125    14335816  0.782E-03  0.663E-03
125718.103     1932402    14609101  0.792E-03  0.656E-03
130718.039     1961726    14880963  0.774E-03  0.651E-03
131718.086     1990764    15153182  0.785E-03  0.644E-03
132718.340     2019782    15425368  0.795E-03  0.637E-03
133718.102     2049088    15699205  0.806E-03  0.631E-03
134718.136     2078321    15972400  0.799E-03  0.625E-03
135718.072     2107719    16245311  0.791E-03  0.620E-03
140718.264     2136917    16518261  0.820E-03  0.614E-03
141718.068     2166185    16791530  0.828E-03  0.609E-03
142718.084     2195511    17063956  0.797E-03  0.605E-03
143718.122     2224908    17336848  0.787E-03  0.600E-03
144730.902     2254000    17609397  0.799E-03  0.596E-03
145718.142     2282429    17876372  0.790E-03  0.592E-03
150718.092     2311706    18149048  0.838E-03  0.585E-03
151718.071     2340728    18421923  0.836E-03  0.581E-03
152718.045     2369941    18694923  0.825E-03  0.577E-03
153718.063     2398895    18967542  0.813E-03  0.575E-03
154718.149     2428371    19241335  0.820E-03  0.570E-03
155718.105     2457780    19514884  0.834E-03  0.565E-03
160721.943     2486952    19786679  0.850E-03  0.561E-03
161718.108     2516129    20057657  0.833E-03  0.558E-03
162718.191     2545614    20330866  0.744E-03  0.493E-03
163718.053     2574695    20603668  0.839E-03  0.551E-03
164718.376     2603913    20876167  0.829E-03  0.548E-03
165722.018     2633306    21148447  0.832E-03  0.545E-03
170718.180     2662265    21419062  0.846E-03  0.541E-03
171718.125     2691521    21691113  0.843E-03  0.538E-03
172718.171     2721007    21963920  0.853E-03  0.535E-03
173718.048     2750304    22236796  0.853E-03  0.531E-03
174718.025     2779493    22509941  0.843E-03  0.528E-03
175718.016     2808990    22783668  0.853E-03  0.524E-03
180718.007     2838376    23057749  0.842E-03  0.523E-03
181719.538     2868087    23331173  0.842E-03  0.522E-03
182718.013     2897218    23603154  0.901E-03  0.517E-03
183718.004     2926288    23876435  0.839E-03  0.514E-03
184718.011     2955813    24150427  0.863E-03  0.512E-03
185718.014     2985125    24424524  0.847E-03  0.509E-03
190718.059     3014294    24698133  0.882E-03  0.505E-03
191718.025     3043719    24971186  0.870E-03  0.504E-03
192718.016     3073095    25244972  0.853E-03  0.503E-03
193718.031     3102537    25518501  0.867E-03  0.500E-03
194718.014     3132144    25791990  0.883E-03  0.499E-03
195718.053     3161466    26066154  0.861E-03  0.495E-03
200718.036     3190640    26340469  0.889E-03  0.492E-03
201718.048     3219966    26613997  0.877E-03  0.489E-03
202718.027     3249380    26887160  0.903E-03  0.487E-03
203718.025     3279080    27160188  0.880E-03  0.485E-03
204718.051     3308368    27433440  0.905E-03  0.481E-03
205718.062     3337756    27706554  0.889E-03  0.481E-03
210718.062     3366876    27980069  0.885E-03  0.478E-03
211718.088     3396279    28252835  0.915E-03  0.475E-03
212718.063     3425559    28526383  0.888E-03  0.473E-03
213718.086     3454770    28799744  0.932E-03  0.470E-03
214722.092     3484274    29073245  0.918E-03  0.468E-03
215718.042     3513548    29345461  0.893E-03  0.466E-03
220718.213     3542827    29617229  0.923E-03  0.464E-03
221718.041     3572196    29890333  0.908E-03  0.462E-03
222718.059     3601740    30164018  0.882E-03  0.462E-03
223718.064     3631027    30437063  0.912E-03  0.459E-03
224718.163     3660198    30709518  0.909E-03  0.457E-03
225718.080     3689526    30982724  0.907E-03  0.456E-03
230718.138     3718930    31255698  0.895E-03  0.455E-03
231718.104     3748181    31528262  0.951E-03  0.450E-03
232718.211     3777426    31800849  0.893E-03  0.451E-03
233718.051     3806708    32073485  0.919E-03  0.447E-03
234718.115     3836139    32347707  0.928E-03  0.445E-03
235718.051     3865524    32621738  0.939E-03  0.443E-03
